2023-08-27 00:43:42 - HikariPool-1 - Thread starvation or clock leap detected (housekeeper delta=48m20s999ms).
2023-08-27 01:49:41 - HikariPool-1 - Thread starvation or clock leap detected (housekeeper delta=1h5m59s5ms).
2023-08-27 02:37:49 - HikariPool-1 - Thread starvation or clock leap detected (housekeeper delta=48m8s319ms).
2023-08-27 02:45:22 - HikariPool-1 - Thread starvation or clock leap detected (housekeeper delta=7m32s663ms).
2023-08-27 02:48:17 - HikariPool-1 - Thread starvation or clock leap detected (housekeeper delta=1m25s499ms).
2023-08-27 03:38:42 - HikariPool-1 - Thread starvation or clock leap detected (housekeeper delta=50m24s322ms).
2023-08-27 04:31:11 - HikariPool-1 - Thread starvation or clock leap detected (housekeeper delta=52m29s645ms).
2023-08-27 05:53:43 - HikariPool-1 - Thread starvation or clock leap detected (housekeeper delta=1h22m31s134ms).
2023-08-27 07:02:00 - HikariPool-1 - Thread starvation or clock leap detected (housekeeper delta=1h8m17s33ms).
2023-08-27 07:26:45 - HikariPool-1 - Thread starvation or clock leap detected (housekeeper delta=24m45s874ms).
2023-08-27 08:18:47 - HikariPool-1 - Thread starvation or clock leap detected (housekeeper delta=50m31s319ms).
2023-08-27 08:41:31 - HikariPool-1 - Thread starvation or clock leap detected (housekeeper delta=22m44s602ms).
2023-08-27 09:00:49 - HikariPool-1 - Thread starvation or clock leap detected (housekeeper delta=19m18s54ms).
2023-08-27 09:01:12 - HikariPool-1 - Failed to validate connection org.postgresql.jdbc.PgConnection@1770eed6 (This connection has been closed.). Possibly consider using a shorter maxLifetime value.
2023-08-27 09:01:12 - HikariPool-1 - Failed to validate connection org.postgresql.jdbc.PgConnection@2ad1da3a (This connection has been closed.). Possibly consider using a shorter maxLifetime value.
2023-08-27 09:01:22 - HikariPool-1 - Failed to validate connection org.postgresql.jdbc.PgConnection@3f45dca0 (This connection has been closed.). Possibly consider using a shorter maxLifetime value.
2023-08-27 09:01:22 - HikariPool-1 - Failed to validate connection org.postgresql.jdbc.PgConnection@6a01afd8 (This connection has been closed.). Possibly consider using a shorter maxLifetime value.
2023-08-27 09:01:32 - HikariPool-1 - Failed to validate connection org.postgresql.jdbc.PgConnection@174809f8 (This connection has been closed.). Possibly consider using a shorter maxLifetime value.
2023-08-27 09:01:32 - HikariPool-1 - Failed to validate connection org.postgresql.jdbc.PgConnection@3331f272 (This connection has been closed.). Possibly consider using a shorter maxLifetime value.
2023-08-27 09:01:32 - Servlet.service() for servlet [dispatcherServlet] in context with path [] threw exception [Request processing failed: org.springframework.jdbc.CannotGetJdbcConnectionException: Failed to obtain JDBC Connection] with root cause
org.postgresql.util.PSQLException: This connection has been closed.
	at org.postgresql.jdbc.PgConnection.checkClosed(PgConnection.java:993)
	at org.postgresql.jdbc.PgConnection.setNetworkTimeout(PgConnection.java:1694)
	at com.zaxxer.hikari.pool.PoolBase.setNetworkTimeout(PoolBase.java:561)
	at com.zaxxer.hikari.pool.PoolBase.isConnectionDead(PoolBase.java:168)
	at com.zaxxer.hikari.pool.HikariPool.getConnection(HikariPool.java:170)
	at com.zaxxer.hikari.pool.HikariPool.getConnection(HikariPool.java:146)
	at com.zaxxer.hikari.HikariDataSource.getConnection(HikariDataSource.java:128)
	at org.springframework.jdbc.datasource.DataSourceUtils.fetchConnection(DataSourceUtils.java:160)
	at org.springframework.jdbc.datasource.DataSourceUtils.doGetConnection(DataSourceUtils.java:118)
	at org.springframework.jdbc.datasource.DataSourceUtils.getConnection(DataSourceUtils.java:81)
	at org.springframework.jdbc.core.JdbcTemplate.execute(JdbcTemplate.java:378)
	at org.springframework.jdbc.core.JdbcTemplate.query(JdbcTemplate.java:470)
	at org.springframework.jdbc.core.JdbcTemplate.query(JdbcTemplate.java:480)
	at org.springframework.jdbc.core.JdbcTemplate.queryForObject(JdbcTemplate.java:513)
	at org.springframework.jdbc.core.JdbcTemplate.queryForObject(JdbcTemplate.java:520)
	at com.pgsb.dao.CocktailDao.totalCocktailCount(CocktailDao.java:28)
	at java.base/jdk.internal.reflect.DirectMethodHandleAccessor.invoke(DirectMethodHandleAccessor.java:104)
	at java.base/java.lang.reflect.Method.invoke(Method.java:578)
	at org.springframework.aop.support.AopUtils.invokeJoinpointUsingReflection(AopUtils.java:343)
	at org.springframework.aop.framework.ReflectiveMethodInvocation.invokeJoinpoint(ReflectiveMethodInvocation.java:196)
	at org.springframework.aop.framework.ReflectiveMethodInvocation.proceed(ReflectiveMethodInvocation.java:163)
	at org.springframework.aop.framework.CglibAopProxy$CglibMethodInvocation.proceed(CglibAopProxy.java:756)
	at org.springframework.dao.support.PersistenceExceptionTranslationInterceptor.invoke(PersistenceExceptionTranslationInterceptor.java:137)
	at org.springframework.aop.framework.ReflectiveMethodInvocation.proceed(ReflectiveMethodInvocation.java:184)
	at org.springframework.aop.framework.CglibAopProxy$CglibMethodInvocation.proceed(CglibAopProxy.java:756)
	at org.springframework.aop.framework.CglibAopProxy$DynamicAdvisedInterceptor.intercept(CglibAopProxy.java:708)
	at com.pgsb.dao.CocktailDao$$SpringCGLIB$$0.totalCocktailCount(<generated>)
	at com.pgsb.service.CocktailService.cocktailCount(CocktailService.java:25)
	at com.pgsb.controllers.CocktailController.getCount(CocktailController.java:35)
	at java.base/jdk.internal.reflect.DirectMethodHandleAccessor.invoke(DirectMethodHandleAccessor.java:104)
	at java.base/java.lang.reflect.Method.invoke(Method.java:578)
	at org.springframework.web.method.support.InvocableHandlerMethod.doInvoke(InvocableHandlerMethod.java:205)
	at org.springframework.web.method.support.InvocableHandlerMethod.invokeForRequest(InvocableHandlerMethod.java:150)
	at org.springframework.web.servlet.mvc.method.annotation.ServletInvocableHandlerMethod.invokeAndHandle(ServletInvocableHandlerMethod.java:118)
	at org.springframework.web.servlet.mvc.method.annotation.RequestMappingHandlerAdapter.invokeHandlerMethod(RequestMappingHandlerAdapter.java:884)
	at org.springframework.web.servlet.mvc.method.annotation.RequestMappingHandlerAdapter.handleInternal(RequestMappingHandlerAdapter.java:797)
	at org.springframework.web.servlet.mvc.method.AbstractHandlerMethodAdapter.handle(AbstractHandlerMethodAdapter.java:87)
	at org.springframework.web.servlet.DispatcherServlet.doDispatch(DispatcherServlet.java:1081)
	at org.springframework.web.servlet.DispatcherServlet.doService(DispatcherServlet.java:974)
	at org.springframework.web.servlet.FrameworkServlet.processRequest(FrameworkServlet.java:1011)
	at org.springframework.web.servlet.FrameworkServlet.doGet(FrameworkServlet.java:903)
	at jakarta.servlet.http.HttpServlet.service(HttpServlet.java:564)
	at org.springframework.web.servlet.FrameworkServlet.service(FrameworkServlet.java:885)
	at jakarta.servlet.http.HttpServlet.service(HttpServlet.java:658)
	at org.apache.catalina.core.ApplicationFilterChain.internalDoFilter(ApplicationFilterChain.java:205)
	at org.apache.catalina.core.ApplicationFilterChain.doFilter(ApplicationFilterChain.java:149)
	at org.apache.tomcat.websocket.server.WsFilter.doFilter(WsFilter.java:51)
	at org.apache.catalina.core.ApplicationFilterChain.internalDoFilter(ApplicationFilterChain.java:174)
	at org.apache.catalina.core.ApplicationFilterChain.doFilter(ApplicationFilterChain.java:149)
	at org.springframework.web.filter.RequestContextFilter.doFilterInternal(RequestContextFilter.java:100)
	at org.springframework.web.filter.OncePerRequestFilter.doFilter(OncePerRequestFilter.java:116)
	at org.apache.catalina.core.ApplicationFilterChain.internalDoFilter(ApplicationFilterChain.java:174)
	at org.apache.catalina.core.ApplicationFilterChain.doFilter(ApplicationFilterChain.java:149)
	at org.springframework.web.filter.FormContentFilter.doFilterInternal(FormContentFilter.java:93)
	at org.springframework.web.filter.OncePerRequestFilter.doFilter(OncePerRequestFilter.java:116)
	at org.apache.catalina.core.ApplicationFilterChain.internalDoFilter(ApplicationFilterChain.java:174)
	at org.apache.catalina.core.ApplicationFilterChain.doFilter(ApplicationFilterChain.java:149)
	at org.springframework.web.filter.CharacterEncodingFilter.doFilterInternal(CharacterEncodingFilter.java:201)
	at org.springframework.web.filter.OncePerRequestFilter.doFilter(OncePerRequestFilter.java:116)
	at org.apache.catalina.core.ApplicationFilterChain.internalDoFilter(ApplicationFilterChain.java:174)
	at org.apache.catalina.core.ApplicationFilterChain.doFilter(ApplicationFilterChain.java:149)
	at org.apache.catalina.core.StandardWrapperValve.invoke(StandardWrapperValve.java:166)
	at org.apache.catalina.core.StandardContextValve.invoke(StandardContextValve.java:90)
	at org.apache.catalina.authenticator.AuthenticatorBase.invoke(AuthenticatorBase.java:482)
	at org.apache.catalina.core.StandardHostValve.invoke(StandardHostValve.java:115)
	at org.apache.catalina.valves.ErrorReportValve.invoke(ErrorReportValve.java:93)
	at org.apache.catalina.core.StandardEngineValve.invoke(StandardEngineValve.java:74)
	at org.apache.catalina.connector.CoyoteAdapter.service(CoyoteAdapter.java:341)
	at org.apache.coyote.http11.Http11Processor.service(Http11Processor.java:391)
	at org.apache.coyote.AbstractProcessorLight.process(AbstractProcessorLight.java:63)
	at org.apache.coyote.AbstractProtocol$ConnectionHandler.process(AbstractProtocol.java:894)
	at org.apache.tomcat.util.net.NioEndpoint$SocketProcessor.doRun(NioEndpoint.java:1740)
	at org.apache.tomcat.util.net.SocketProcessorBase.run(SocketProcessorBase.java:52)
	at org.apache.tomcat.util.threads.ThreadPoolExecutor.runWorker(ThreadPoolExecutor.java:1191)
	at org.apache.tomcat.util.threads.ThreadPoolExecutor$Worker.run(ThreadPoolExecutor.java:659)
	at org.apache.tomcat.util.threads.TaskThread$WrappingRunnable.run(TaskThread.java:61)
	at java.base/java.lang.Thread.run(Thread.java:1589)
2023-08-27 09:01:32 - Servlet.service() for servlet [dispatcherServlet] in context with path [] threw exception [Request processing failed: org.springframework.jdbc.CannotGetJdbcConnectionException: Failed to obtain JDBC Connection] with root cause
org.postgresql.util.PSQLException: This connection has been closed.
	at org.postgresql.jdbc.PgConnection.checkClosed(PgConnection.java:993)
	at org.postgresql.jdbc.PgConnection.setNetworkTimeout(PgConnection.java:1694)
	at com.zaxxer.hikari.pool.PoolBase.setNetworkTimeout(PoolBase.java:561)
	at com.zaxxer.hikari.pool.PoolBase.isConnectionDead(PoolBase.java:168)
	at com.zaxxer.hikari.pool.HikariPool.getConnection(HikariPool.java:170)
	at com.zaxxer.hikari.pool.HikariPool.getConnection(HikariPool.java:146)
	at com.zaxxer.hikari.HikariDataSource.getConnection(HikariDataSource.java:128)
	at org.springframework.jdbc.datasource.DataSourceUtils.fetchConnection(DataSourceUtils.java:160)
	at org.springframework.jdbc.datasource.DataSourceUtils.doGetConnection(DataSourceUtils.java:118)
	at org.springframework.jdbc.datasource.DataSourceUtils.getConnection(DataSourceUtils.java:81)
	at org.springframework.jdbc.core.JdbcTemplate.execute(JdbcTemplate.java:378)
	at org.springframework.jdbc.core.JdbcTemplate.query(JdbcTemplate.java:470)
	at org.springframework.jdbc.core.JdbcTemplate.query(JdbcTemplate.java:480)
	at org.springframework.jdbc.core.JdbcTemplate.queryForObject(JdbcTemplate.java:513)
	at org.springframework.jdbc.core.JdbcTemplate.queryForObject(JdbcTemplate.java:520)
	at com.pgsb.dao.CocktailDao.totalCocktailCount(CocktailDao.java:28)
	at java.base/jdk.internal.reflect.DirectMethodHandleAccessor.invoke(DirectMethodHandleAccessor.java:104)
	at java.base/java.lang.reflect.Method.invoke(Method.java:578)
	at org.springframework.aop.support.AopUtils.invokeJoinpointUsingReflection(AopUtils.java:343)
	at org.springframework.aop.framework.ReflectiveMethodInvocation.invokeJoinpoint(ReflectiveMethodInvocation.java:196)
	at org.springframework.aop.framework.ReflectiveMethodInvocation.proceed(ReflectiveMethodInvocation.java:163)
	at org.springframework.aop.framework.CglibAopProxy$CglibMethodInvocation.proceed(CglibAopProxy.java:756)
	at org.springframework.dao.support.PersistenceExceptionTranslationInterceptor.invoke(PersistenceExceptionTranslationInterceptor.java:137)
	at org.springframework.aop.framework.ReflectiveMethodInvocation.proceed(ReflectiveMethodInvocation.java:184)
	at org.springframework.aop.framework.CglibAopProxy$CglibMethodInvocation.proceed(CglibAopProxy.java:756)
	at org.springframework.aop.framework.CglibAopProxy$DynamicAdvisedInterceptor.intercept(CglibAopProxy.java:708)
	at com.pgsb.dao.CocktailDao$$SpringCGLIB$$0.totalCocktailCount(<generated>)
	at com.pgsb.service.CocktailService.cocktailCount(CocktailService.java:25)
	at com.pgsb.controllers.CocktailController.getCount(CocktailController.java:35)
	at java.base/jdk.internal.reflect.DirectMethodHandleAccessor.invoke(DirectMethodHandleAccessor.java:104)
	at java.base/java.lang.reflect.Method.invoke(Method.java:578)
	at org.springframework.web.method.support.InvocableHandlerMethod.doInvoke(InvocableHandlerMethod.java:205)
	at org.springframework.web.method.support.InvocableHandlerMethod.invokeForRequest(InvocableHandlerMethod.java:150)
	at org.springframework.web.servlet.mvc.method.annotation.ServletInvocableHandlerMethod.invokeAndHandle(ServletInvocableHandlerMethod.java:118)
	at org.springframework.web.servlet.mvc.method.annotation.RequestMappingHandlerAdapter.invokeHandlerMethod(RequestMappingHandlerAdapter.java:884)
	at org.springframework.web.servlet.mvc.method.annotation.RequestMappingHandlerAdapter.handleInternal(RequestMappingHandlerAdapter.java:797)
	at org.springframework.web.servlet.mvc.method.AbstractHandlerMethodAdapter.handle(AbstractHandlerMethodAdapter.java:87)
	at org.springframework.web.servlet.DispatcherServlet.doDispatch(DispatcherServlet.java:1081)
	at org.springframework.web.servlet.DispatcherServlet.doService(DispatcherServlet.java:974)
	at org.springframework.web.servlet.FrameworkServlet.processRequest(FrameworkServlet.java:1011)
	at org.springframework.web.servlet.FrameworkServlet.doGet(FrameworkServlet.java:903)
	at jakarta.servlet.http.HttpServlet.service(HttpServlet.java:564)
	at org.springframework.web.servlet.FrameworkServlet.service(FrameworkServlet.java:885)
	at jakarta.servlet.http.HttpServlet.service(HttpServlet.java:658)
	at org.apache.catalina.core.ApplicationFilterChain.internalDoFilter(ApplicationFilterChain.java:205)
	at org.apache.catalina.core.ApplicationFilterChain.doFilter(ApplicationFilterChain.java:149)
	at org.apache.tomcat.websocket.server.WsFilter.doFilter(WsFilter.java:51)
	at org.apache.catalina.core.ApplicationFilterChain.internalDoFilter(ApplicationFilterChain.java:174)
	at org.apache.catalina.core.ApplicationFilterChain.doFilter(ApplicationFilterChain.java:149)
	at org.springframework.web.filter.RequestContextFilter.doFilterInternal(RequestContextFilter.java:100)
	at org.springframework.web.filter.OncePerRequestFilter.doFilter(OncePerRequestFilter.java:116)
	at org.apache.catalina.core.ApplicationFilterChain.internalDoFilter(ApplicationFilterChain.java:174)
	at org.apache.catalina.core.ApplicationFilterChain.doFilter(ApplicationFilterChain.java:149)
	at org.springframework.web.filter.FormContentFilter.doFilterInternal(FormContentFilter.java:93)
	at org.springframework.web.filter.OncePerRequestFilter.doFilter(OncePerRequestFilter.java:116)
	at org.apache.catalina.core.ApplicationFilterChain.internalDoFilter(ApplicationFilterChain.java:174)
	at org.apache.catalina.core.ApplicationFilterChain.doFilter(ApplicationFilterChain.java:149)
	at org.springframework.web.filter.CharacterEncodingFilter.doFilterInternal(CharacterEncodingFilter.java:201)
	at org.springframework.web.filter.OncePerRequestFilter.doFilter(OncePerRequestFilter.java:116)
	at org.apache.catalina.core.ApplicationFilterChain.internalDoFilter(ApplicationFilterChain.java:174)
	at org.apache.catalina.core.ApplicationFilterChain.doFilter(ApplicationFilterChain.java:149)
	at org.apache.catalina.core.StandardWrapperValve.invoke(StandardWrapperValve.java:166)
	at org.apache.catalina.core.StandardContextValve.invoke(StandardContextValve.java:90)
	at org.apache.catalina.authenticator.AuthenticatorBase.invoke(AuthenticatorBase.java:482)
	at org.apache.catalina.core.StandardHostValve.invoke(StandardHostValve.java:115)
	at org.apache.catalina.valves.ErrorReportValve.invoke(ErrorReportValve.java:93)
	at org.apache.catalina.core.StandardEngineValve.invoke(StandardEngineValve.java:74)
	at org.apache.catalina.connector.CoyoteAdapter.service(CoyoteAdapter.java:341)
	at org.apache.coyote.http11.Http11Processor.service(Http11Processor.java:391)
	at org.apache.coyote.AbstractProcessorLight.process(AbstractProcessorLight.java:63)
	at org.apache.coyote.AbstractProtocol$ConnectionHandler.process(AbstractProtocol.java:894)
	at org.apache.tomcat.util.net.NioEndpoint$SocketProcessor.doRun(NioEndpoint.java:1740)
	at org.apache.tomcat.util.net.SocketProcessorBase.run(SocketProcessorBase.java:52)
	at org.apache.tomcat.util.threads.ThreadPoolExecutor.runWorker(ThreadPoolExecutor.java:1191)
	at org.apache.tomcat.util.threads.ThreadPoolExecutor$Worker.run(ThreadPoolExecutor.java:659)
	at org.apache.tomcat.util.threads.TaskThread$WrappingRunnable.run(TaskThread.java:61)
	at java.base/java.lang.Thread.run(Thread.java:1589)
2023-08-27 09:21:26 - HikariPool-1 - Shutdown initiated...
2023-08-27 09:21:29 - HikariPool-1 - Shutdown completed.
2023-08-27 09:21:32 - Starting PgsbApplication using Java 19.0.1 with PID 95626 (/Users/tcloetingh/Desktop/tcloetinghdotcom/pgsb/target/classes started by tcloetingh in /Users/tcloetingh/Desktop/tcloetinghdotcom/pgsb)
2023-08-27 09:21:32 - Running with Spring Boot v3.1.2, Spring v6.0.11
2023-08-27 09:21:32 - No active profile set, falling back to 1 default profile: "default"
2023-08-27 09:21:33 - Bootstrapping Spring Data JDBC repositories in DEFAULT mode.
2023-08-27 09:21:33 - Finished Spring Data repository scanning in 9 ms. Found 0 JDBC repository interfaces.
2023-08-27 09:21:33 - Tomcat initialized with port(s): 8080 (http)
2023-08-27 09:21:33 - Initializing ProtocolHandler ["http-nio-8080"]
2023-08-27 09:21:33 - Starting service [Tomcat]
2023-08-27 09:21:33 - Starting Servlet engine: [Apache Tomcat/10.1.11]
2023-08-27 09:21:33 - Initializing Spring embedded WebApplicationContext
2023-08-27 09:21:33 - Root WebApplicationContext: initialization completed in 870 ms
2023-08-27 09:21:34 - HikariPool-1 - Starting...
2023-08-27 09:21:34 - HikariPool-1 - Added connection org.postgresql.jdbc.PgConnection@3a1b36a1
2023-08-27 09:21:34 - HikariPool-1 - Start completed.
2023-08-27 09:21:34 - Starting ProtocolHandler ["http-nio-8080"]
2023-08-27 09:21:34 - Tomcat started on port(s): 8080 (http) with context path ''
2023-08-27 09:21:34 - Started PgsbApplication in 2.202 seconds (process running for 2.471)
2023-08-27 09:22:29 - Initializing Spring DispatcherServlet 'dispatcherServlet'
2023-08-27 09:22:29 - Initializing Servlet 'dispatcherServlet'
2023-08-27 09:22:29 - Completed initialization in 2 ms
2023-08-27 09:22:29 - Returning total cocktail count 696
2023-08-27 09:22:35 - searchTerm: Elder
2023-08-27 09:22:40 - searchTerm: Paper
2023-08-27 09:24:12 - new cocktail entered: 
 
 name a
 ingredients b
 preparation c
 garnish d
 glassware e
 bartender g
 origin f
 company N/A
2023-08-27 09:36:08 - HikariPool-1 - Shutdown initiated...
2023-08-27 09:36:08 - HikariPool-1 - Shutdown completed.
2023-08-27 09:36:12 - Starting PgsbApplication using Java 19.0.1 with PID 96576 (/Users/tcloetingh/Desktop/tcloetinghdotcom/pgsb/target/classes started by tcloetingh in /Users/tcloetingh/Desktop/tcloetinghdotcom/pgsb)
2023-08-27 09:36:12 - Running with Spring Boot v3.1.2, Spring v6.0.11
2023-08-27 09:36:12 - No active profile set, falling back to 1 default profile: "default"
2023-08-27 09:36:13 - Bootstrapping Spring Data JDBC repositories in DEFAULT mode.
2023-08-27 09:36:13 - Finished Spring Data repository scanning in 9 ms. Found 0 JDBC repository interfaces.
2023-08-27 09:36:13 - Tomcat initialized with port(s): 8080 (http)
2023-08-27 09:36:13 - Initializing ProtocolHandler ["http-nio-8080"]
2023-08-27 09:36:13 - Starting service [Tomcat]
2023-08-27 09:36:13 - Starting Servlet engine: [Apache Tomcat/10.1.11]
2023-08-27 09:36:13 - Initializing Spring embedded WebApplicationContext
2023-08-27 09:36:13 - Root WebApplicationContext: initialization completed in 981 ms
2023-08-27 09:36:13 - HikariPool-1 - Starting...
2023-08-27 09:36:14 - HikariPool-1 - Added connection org.postgresql.jdbc.PgConnection@3a1b36a1
2023-08-27 09:36:14 - HikariPool-1 - Start completed.
2023-08-27 09:36:14 - Starting ProtocolHandler ["http-nio-8080"]
2023-08-27 09:36:14 - Tomcat started on port(s): 8080 (http) with context path ''
2023-08-27 09:36:14 - Started PgsbApplication in 2.294 seconds (process running for 2.621)
2023-08-27 09:41:30 - Initializing Spring DispatcherServlet 'dispatcherServlet'
2023-08-27 09:41:30 - Initializing Servlet 'dispatcherServlet'
2023-08-27 09:41:30 - Completed initialization in 3 ms
2023-08-27 09:41:30 - new cocktail entered: 
 
 name Gin Gimlet
 ingredients 2 ounces (4 tablespoons) gin
½ ounce (1 tablespoon) lime juice
½ ounce ( 1 tablespoon) simple syrup or pure maple syrup
Splash of soda water (optional)
 preparation Shake and Strain
 garnish Lime Wheel
 glassware Coupe Glass
 origin England
 bartender Admiral Sir Thomas Gimlette
 company N/A
2023-08-27 09:45:16 - searchTerm: negroni
2023-08-27 09:51:02 - HikariPool-1 - Thread starvation or clock leap detected (housekeeper delta=3m17s731ms).
2023-08-27 10:16:22 - HikariPool-1 - Thread starvation or clock leap detected (housekeeper delta=9m19s859ms).
2023-08-27 10:17:13 - HikariPool-1 - Thread starvation or clock leap detected (housekeeper delta=50s842ms).
2023-08-27 10:32:38 - HikariPool-1 - Thread starvation or clock leap detected (housekeeper delta=14m55s480ms).
2023-08-27 10:50:17 - HikariPool-1 - Thread starvation or clock leap detected (housekeeper delta=17m39s375ms).
2023-08-27 11:26:03 - HikariPool-1 - Thread starvation or clock leap detected (housekeeper delta=35m45s618ms).
2023-08-27 12:32:10 - HikariPool-1 - Thread starvation or clock leap detected (housekeeper delta=1h6m7s170ms).
2023-08-27 13:37:20 - HikariPool-1 - Thread starvation or clock leap detected (housekeeper delta=1h5m9s316ms).
2023-08-27 14:57:31 - HikariPool-1 - Thread starvation or clock leap detected (housekeeper delta=1h20m11s3ms).
2023-08-27 16:05:31 - HikariPool-1 - Thread starvation or clock leap detected (housekeeper delta=1h8m201ms).
2023-08-27 17:13:19 - HikariPool-1 - Thread starvation or clock leap detected (housekeeper delta=1h7m48s305ms).
2023-08-27 18:05:59 - HikariPool-1 - Thread starvation or clock leap detected (housekeeper delta=52m40s359ms).
2023-08-27 18:30:04 - HikariPool-1 - Thread starvation or clock leap detected (housekeeper delta=24m4s991ms).
2023-08-27 20:50:20 - HikariPool-1 - Thread starvation or clock leap detected (housekeeper delta=19m44s27ms).
2023-08-27 20:51:18 - HikariPool-1 - Thread starvation or clock leap detected (housekeeper delta=58s333ms).
2023-08-27 21:21:57 - HikariPool-1 - Thread starvation or clock leap detected (housekeeper delta=9m38s430ms).
2023-08-27 21:22:48 - HikariPool-1 - Thread starvation or clock leap detected (housekeeper delta=50s847ms).
2023-08-27 21:33:25 - HikariPool-1 - Thread starvation or clock leap detected (housekeeper delta=10m7s372ms).
2023-08-27 22:08:37 - HikariPool-1 - Thread starvation or clock leap detected (housekeeper delta=9m11s322ms).
2023-08-27 22:18:45 - HikariPool-1 - Thread starvation or clock leap detected (housekeeper delta=7m38s247ms).
2023-08-27 22:30:37 - HikariPool-1 - Thread starvation or clock leap detected (housekeeper delta=8m52s208ms).
2023-08-27 22:36:59 - HikariPool-1 - Thread starvation or clock leap detected (housekeeper delta=4m51s581ms).
2023-08-27 23:01:16 - HikariPool-1 - Thread starvation or clock leap detected (housekeeper delta=6m47s321ms).
2023-08-27 23:18:01 - HikariPool-1 - Thread starvation or clock leap detected (housekeeper delta=16m44s255ms).
2023-08-27 23:35:38 - HikariPool-1 - Thread starvation or clock leap detected (housekeeper delta=17m6s984ms).
2023-08-27 23:54:06 - HikariPool-1 - Thread starvation or clock leap detected (housekeeper delta=16m58s502ms).
