2023-08-21 00:05:09 - HikariPool-1 - Thread starvation or clock leap detected (housekeeper delta=1h3m25s723ms).
2023-08-21 00:55:28 - HikariPool-1 - Thread starvation or clock leap detected (housekeeper delta=50m19s795ms).
2023-08-21 01:14:05 - HikariPool-1 - Thread starvation or clock leap detected (housekeeper delta=18m36s104ms).
2023-08-21 02:01:25 - HikariPool-1 - Thread starvation or clock leap detected (housekeeper delta=47m20s67ms).
2023-08-21 02:25:15 - HikariPool-1 - Thread starvation or clock leap detected (housekeeper delta=23m50s31ms).
2023-08-21 03:21:33 - HikariPool-1 - Thread starvation or clock leap detected (housekeeper delta=56m18s40ms).
2023-08-21 04:23:28 - HikariPool-1 - Thread starvation or clock leap detected (housekeeper delta=1h1m55s465ms).
2023-08-21 05:30:55 - HikariPool-1 - Thread starvation or clock leap detected (housekeeper delta=1h7m27s262ms).
2023-08-21 06:29:02 - HikariPool-1 - Thread starvation or clock leap detected (housekeeper delta=58m6s179ms).
2023-08-21 07:16:36 - HikariPool-1 - Thread starvation or clock leap detected (housekeeper delta=47m33s939ms).
2023-08-21 07:24:37 - HikariPool-1 - Thread starvation or clock leap detected (housekeeper delta=8m1s553ms).
2023-08-21 07:57:07 - HikariPool-1 - Thread starvation or clock leap detected (housekeeper delta=32m30s238ms).
2023-08-21 08:08:21 - HikariPool-1 - Thread starvation or clock leap detected (housekeeper delta=11m13s762ms).
2023-08-21 08:15:10 - HikariPool-1 - Thread starvation or clock leap detected (housekeeper delta=6m48s870ms).
2023-08-21 08:35:13 - HikariPool-1 - Thread starvation or clock leap detected (housekeeper delta=20m3s246ms).
2023-08-21 08:41:59 - HikariPool-1 - Thread starvation or clock leap detected (housekeeper delta=6m45s718ms).
2023-08-21 08:42:46 - HikariPool-1 - Thread starvation or clock leap detected (housekeeper delta=46s687ms).
2023-08-21 08:54:12 - HikariPool-1 - Thread starvation or clock leap detected (housekeeper delta=11m26s609ms).
2023-08-21 08:58:35 - HikariPool-1 - Thread starvation or clock leap detected (housekeeper delta=4m22s449ms).
2023-08-21 09:00:43 - HikariPool-1 - Thread starvation or clock leap detected (housekeeper delta=2m8s146ms).
2023-08-21 09:41:56 - HikariPool-1 - Thread starvation or clock leap detected (housekeeper delta=56s718ms).
2023-08-21 09:45:35 - HikariPool-1 - Thread starvation or clock leap detected (housekeeper delta=2m36s450ms).
2023-08-21 09:47:01 - HikariPool-1 - Thread starvation or clock leap detected (housekeeper delta=1m26s499ms).
2023-08-21 09:48:22 - HikariPool-1 - Thread starvation or clock leap detected (housekeeper delta=50s729ms).
2023-08-21 09:51:00 - HikariPool-1 - Thread starvation or clock leap detected (housekeeper delta=1m23s180ms).
2023-08-21 09:58:42 - HikariPool-1 - Thread starvation or clock leap detected (housekeeper delta=7m12s275ms).
2023-08-21 10:06:43 - HikariPool-1 - Thread starvation or clock leap detected (housekeeper delta=3m1s86ms).
2023-08-21 10:11:38 - HikariPool-1 - Thread starvation or clock leap detected (housekeeper delta=4m55s150ms).
2023-08-21 10:23:31 - HikariPool-1 - Thread starvation or clock leap detected (housekeeper delta=11m52s284ms).
2023-08-21 10:25:45 - HikariPool-1 - Thread starvation or clock leap detected (housekeeper delta=2m14s336ms).
2023-08-21 10:29:50 - HikariPool-1 - Thread starvation or clock leap detected (housekeeper delta=4m5s402ms).
2023-08-21 10:38:54 - HikariPool-1 - Thread starvation or clock leap detected (housekeeper delta=9m3s926ms).
2023-08-21 10:42:20 - HikariPool-1 - Thread starvation or clock leap detected (housekeeper delta=3m25s441ms).
2023-08-21 10:46:27 - HikariPool-1 - Thread starvation or clock leap detected (housekeeper delta=4m6s898ms).
2023-08-21 10:58:52 - HikariPool-1 - Thread starvation or clock leap detected (housekeeper delta=12m25s799ms).
2023-08-21 11:11:05 - HikariPool-1 - Thread starvation or clock leap detected (housekeeper delta=12m12s146ms).
2023-08-21 11:14:16 - HikariPool-1 - Thread starvation or clock leap detected (housekeeper delta=3m11s245ms).
2023-08-21 11:19:10 - HikariPool-1 - Thread starvation or clock leap detected (housekeeper delta=3m24s256ms).
2023-08-21 11:24:49 - HikariPool-1 - Thread starvation or clock leap detected (housekeeper delta=5m38s885ms).
2023-08-21 11:41:10 - HikariPool-1 - Thread starvation or clock leap detected (housekeeper delta=16m21s340ms).
2023-08-21 11:45:10 - HikariPool-1 - Thread starvation or clock leap detected (housekeeper delta=3m59s862ms).
2023-08-21 11:52:45 - HikariPool-1 - Thread starvation or clock leap detected (housekeeper delta=7m35s142ms).
2023-08-21 11:57:08 - HikariPool-1 - Thread starvation or clock leap detected (housekeeper delta=4m22s454ms).
2023-08-21 12:31:14 - HikariPool-1 - Thread starvation or clock leap detected (housekeeper delta=34m6s610ms).
2023-08-21 12:41:42 - HikariPool-1 - Thread starvation or clock leap detected (housekeeper delta=10m27s441ms).
2023-08-21 12:49:14 - HikariPool-1 - Thread starvation or clock leap detected (housekeeper delta=7m31s860ms).
2023-08-21 13:00:53 - HikariPool-1 - Thread starvation or clock leap detected (housekeeper delta=11m39s765ms).
2023-08-21 13:01:45 - HikariPool-1 - Thread starvation or clock leap detected (housekeeper delta=51s374ms).
2023-08-21 13:04:18 - HikariPool-1 - Thread starvation or clock leap detected (housekeeper delta=2m33s396ms).
2023-08-21 13:07:46 - HikariPool-1 - Thread starvation or clock leap detected (housekeeper delta=3m28s297ms).
2023-08-21 13:13:43 - HikariPool-1 - Thread starvation or clock leap detected (housekeeper delta=5m56s960ms).
2023-08-21 13:25:41 - HikariPool-1 - Thread starvation or clock leap detected (housekeeper delta=11m57s524ms).
2023-08-21 13:52:08 - HikariPool-1 - Thread starvation or clock leap detected (housekeeper delta=26m27s497ms).
2023-08-21 13:53:05 - HikariPool-1 - Thread starvation or clock leap detected (housekeeper delta=56s844ms).
2023-08-21 14:04:08 - HikariPool-1 - Thread starvation or clock leap detected (housekeeper delta=11m2s461ms).
2023-08-21 14:11:36 - HikariPool-1 - Thread starvation or clock leap detected (housekeeper delta=7m28s378ms).
2023-08-21 14:23:05 - HikariPool-1 - Thread starvation or clock leap detected (housekeeper delta=11m28s605ms).
2023-08-21 14:26:34 - HikariPool-1 - Thread starvation or clock leap detected (housekeeper delta=3m29s650ms).
2023-08-21 14:31:15 - HikariPool-1 - Thread starvation or clock leap detected (housekeeper delta=4m40s415ms).
2023-08-21 14:34:04 - HikariPool-1 - Thread starvation or clock leap detected (housekeeper delta=2m49s413ms).
2023-08-21 14:41:35 - HikariPool-1 - Thread starvation or clock leap detected (housekeeper delta=7m30s574ms).
2023-08-21 14:46:18 - HikariPool-1 - Thread starvation or clock leap detected (housekeeper delta=4m42s931ms).
2023-08-21 14:47:06 - HikariPool-1 - Thread starvation or clock leap detected (housekeeper delta=48s87ms).
2023-08-21 14:49:29 - HikariPool-1 - Thread starvation or clock leap detected (housekeeper delta=2m23s558ms).
2023-08-21 14:53:53 - HikariPool-1 - Thread starvation or clock leap detected (housekeeper delta=4m24s67ms).
2023-08-21 14:58:23 - HikariPool-1 - Thread starvation or clock leap detected (housekeeper delta=4m29s431ms).
2023-08-21 15:26:35 - HikariPool-1 - Thread starvation or clock leap detected (housekeeper delta=27m40s409ms).
2023-08-21 16:06:46 - HikariPool-1 - Thread starvation or clock leap detected (housekeeper delta=40m10s627ms).
2023-08-21 16:21:27 - HikariPool-1 - Thread starvation or clock leap detected (housekeeper delta=14m40s933ms).
2023-08-21 16:36:13 - Returning total cocktail count 700
2023-08-21 16:47:30 - HikariPool-1 - Shutdown initiated...
2023-08-21 16:47:30 - HikariPool-1 - Shutdown completed.
2023-08-21 16:47:49 - Starting PgsbApplication using Java 19.0.1 with PID 94940 (/Users/tcloetingh/Desktop/tcloetinghdotcom/pgsb/target/classes started by tcloetingh in /Users/tcloetingh/Desktop/tcloetinghdotcom/pgsb)
2023-08-21 16:47:49 - Running with Spring Boot v3.1.2, Spring v6.0.11
2023-08-21 16:47:49 - No active profile set, falling back to 1 default profile: "default"
2023-08-21 16:47:49 - Bootstrapping Spring Data JDBC repositories in DEFAULT mode.
2023-08-21 16:47:49 - Finished Spring Data repository scanning in 9 ms. Found 0 JDBC repository interfaces.
2023-08-21 16:47:50 - Tomcat initialized with port(s): 8080 (http)
2023-08-21 16:47:50 - Initializing ProtocolHandler ["http-nio-8080"]
2023-08-21 16:47:50 - Starting service [Tomcat]
2023-08-21 16:47:50 - Starting Servlet engine: [Apache Tomcat/10.1.11]
2023-08-21 16:47:50 - Initializing Spring embedded WebApplicationContext
2023-08-21 16:47:50 - Root WebApplicationContext: initialization completed in 880 ms
2023-08-21 16:47:50 - HikariPool-1 - Starting...
2023-08-21 16:47:50 - HikariPool-1 - Added connection org.postgresql.jdbc.PgConnection@2c3158e0
2023-08-21 16:47:50 - HikariPool-1 - Start completed.
2023-08-21 16:47:51 - Starting ProtocolHandler ["http-nio-8080"]
2023-08-21 16:47:51 - Tomcat started on port(s): 8080 (http) with context path ''
2023-08-21 16:47:51 - Started PgsbApplication in 2.232 seconds (process running for 2.736)
2023-08-21 17:17:26 - HikariPool-1 - Thread starvation or clock leap detected (housekeeper delta=11m34s827ms).
2023-08-21 17:19:38 - HikariPool-1 - Thread starvation or clock leap detected (housekeeper delta=2m11s944ms).
2023-08-21 17:26:02 - HikariPool-1 - Thread starvation or clock leap detected (housekeeper delta=6m24s289ms).
2023-08-21 17:28:25 - HikariPool-1 - Thread starvation or clock leap detected (housekeeper delta=2m23s629ms).
2023-08-21 17:42:28 - HikariPool-1 - Thread starvation or clock leap detected (housekeeper delta=14m2s592ms).
2023-08-21 17:59:44 - HikariPool-1 - Thread starvation or clock leap detected (housekeeper delta=17m15s501ms).
2023-08-21 18:02:32 - HikariPool-1 - Thread starvation or clock leap detected (housekeeper delta=2m48s863ms).
2023-08-21 18:05:21 - HikariPool-1 - Thread starvation or clock leap detected (housekeeper delta=2m48s571ms).
2023-08-21 18:13:58 - HikariPool-1 - Thread starvation or clock leap detected (housekeeper delta=8m37s413ms).
2023-08-21 18:22:15 - HikariPool-1 - Thread starvation or clock leap detected (housekeeper delta=8m17s15ms).
2023-08-21 18:37:58 - HikariPool-1 - Thread starvation or clock leap detected (housekeeper delta=15m42s762ms).
2023-08-21 19:06:17 - HikariPool-1 - Thread starvation or clock leap detected (housekeeper delta=8m48s495ms).
2023-08-21 19:13:26 - HikariPool-1 - Thread starvation or clock leap detected (housekeeper delta=7m8s714ms).
2023-08-21 19:18:13 - HikariPool-1 - Thread starvation or clock leap detected (housekeeper delta=4m47s917ms).
2023-08-21 19:24:15 - HikariPool-1 - Thread starvation or clock leap detected (housekeeper delta=6m1s146ms).
2023-08-21 19:54:11 - HikariPool-1 - Thread starvation or clock leap detected (housekeeper delta=29m56s905ms).
2023-08-21 19:56:40 - HikariPool-1 - Thread starvation or clock leap detected (housekeeper delta=2m28s623ms).
2023-08-21 20:05:44 - HikariPool-1 - Shutdown initiated...
2023-08-21 20:05:44 - HikariPool-1 - Shutdown completed.
2023-08-21 20:05:49 - Starting PgsbApplication using Java 19.0.1 with PID 99063 (/Users/tcloetingh/Desktop/tcloetinghdotcom/pgsb/target/classes started by tcloetingh in /Users/tcloetingh/Desktop/tcloetinghdotcom/pgsb)
2023-08-21 20:05:49 - Running with Spring Boot v3.1.2, Spring v6.0.11
2023-08-21 20:05:49 - No active profile set, falling back to 1 default profile: "default"
2023-08-21 20:05:49 - Bootstrapping Spring Data JDBC repositories in DEFAULT mode.
2023-08-21 20:05:49 - Finished Spring Data repository scanning in 8 ms. Found 0 JDBC repository interfaces.
2023-08-21 20:05:50 - Tomcat initialized with port(s): 8080 (http)
2023-08-21 20:05:50 - Initializing ProtocolHandler ["http-nio-8080"]
2023-08-21 20:05:50 - Starting service [Tomcat]
2023-08-21 20:05:50 - Starting Servlet engine: [Apache Tomcat/10.1.11]
2023-08-21 20:05:50 - Initializing Spring embedded WebApplicationContext
2023-08-21 20:05:50 - Root WebApplicationContext: initialization completed in 918 ms
2023-08-21 20:05:50 - HikariPool-1 - Starting...
2023-08-21 20:05:51 - HikariPool-1 - Added connection org.postgresql.jdbc.PgConnection@3a1b36a1
2023-08-21 20:05:51 - HikariPool-1 - Start completed.
2023-08-21 20:05:51 - Starting ProtocolHandler ["http-nio-8080"]
2023-08-21 20:05:51 - Tomcat started on port(s): 8080 (http) with context path ''
2023-08-21 20:05:51 - Started PgsbApplication in 2.386 seconds (process running for 2.809)
2023-08-21 20:06:39 - HikariPool-1 - Shutdown initiated...
2023-08-21 20:06:39 - HikariPool-1 - Shutdown completed.
2023-08-21 20:06:42 - Starting PgsbApplication using Java 19.0.1 with PID 99127 (/Users/tcloetingh/Desktop/tcloetinghdotcom/pgsb/target/classes started by tcloetingh in /Users/tcloetingh/Desktop/tcloetinghdotcom/pgsb)
2023-08-21 20:06:42 - Running with Spring Boot v3.1.2, Spring v6.0.11
2023-08-21 20:06:42 - No active profile set, falling back to 1 default profile: "default"
2023-08-21 20:06:42 - Bootstrapping Spring Data JDBC repositories in DEFAULT mode.
2023-08-21 20:06:42 - Finished Spring Data repository scanning in 10 ms. Found 0 JDBC repository interfaces.
2023-08-21 20:06:43 - Tomcat initialized with port(s): 8080 (http)
2023-08-21 20:06:43 - Initializing ProtocolHandler ["http-nio-8080"]
2023-08-21 20:06:43 - Starting service [Tomcat]
2023-08-21 20:06:43 - Starting Servlet engine: [Apache Tomcat/10.1.11]
2023-08-21 20:06:43 - Initializing Spring embedded WebApplicationContext
2023-08-21 20:06:43 - Root WebApplicationContext: initialization completed in 920 ms
2023-08-21 20:06:43 - HikariPool-1 - Starting...
2023-08-21 20:06:44 - HikariPool-1 - Added connection org.postgresql.jdbc.PgConnection@3a1b36a1
2023-08-21 20:06:44 - HikariPool-1 - Start completed.
2023-08-21 20:06:44 - Starting ProtocolHandler ["http-nio-8080"]
2023-08-21 20:06:44 - Tomcat started on port(s): 8080 (http) with context path ''
2023-08-21 20:06:44 - Started PgsbApplication in 2.23 seconds (process running for 2.587)
2023-08-21 20:06:57 - Initializing Spring DispatcherServlet 'dispatcherServlet'
2023-08-21 20:06:57 - Initializing Servlet 'dispatcherServlet'
2023-08-21 20:06:57 - Completed initialization in 2 ms
2023-08-21 20:07:24 - Servlet.service() for servlet [dispatcherServlet] in context with path [] threw exception [Request processing failed: org.springframework.jdbc.BadSqlGrammarException: PreparedStatementCallback; bad SQL grammar [SELECT * FROM cocktail.cocktails_main WHERE fts_combined @@ ts_query('english', ?);]] with root cause
org.postgresql.util.PSQLException: ERROR: function ts_query(unknown, character varying) does not exist
  Hint: No function matches the given name and argument types. You might need to add explicit type casts.
  Position: 61
	at org.postgresql.core.v3.QueryExecutorImpl.receiveErrorResponse(QueryExecutorImpl.java:2713)
	at org.postgresql.core.v3.QueryExecutorImpl.processResults(QueryExecutorImpl.java:2401)
	at org.postgresql.core.v3.QueryExecutorImpl.execute(QueryExecutorImpl.java:368)
	at org.postgresql.jdbc.PgStatement.executeInternal(PgStatement.java:498)
	at org.postgresql.jdbc.PgStatement.execute(PgStatement.java:415)
	at org.postgresql.jdbc.PgPreparedStatement.executeWithFlags(PgPreparedStatement.java:190)
	at org.postgresql.jdbc.PgPreparedStatement.executeQuery(PgPreparedStatement.java:134)
	at com.zaxxer.hikari.pool.ProxyPreparedStatement.executeQuery(ProxyPreparedStatement.java:52)
	at com.zaxxer.hikari.pool.HikariProxyPreparedStatement.executeQuery(HikariProxyPreparedStatement.java)
	at org.springframework.jdbc.core.JdbcTemplate$1.doInPreparedStatement(JdbcTemplate.java:730)
	at org.springframework.jdbc.core.JdbcTemplate.execute(JdbcTemplate.java:656)
	at org.springframework.jdbc.core.JdbcTemplate.query(JdbcTemplate.java:721)
	at org.springframework.jdbc.core.JdbcTemplate.query(JdbcTemplate.java:752)
	at org.springframework.jdbc.core.JdbcTemplate.query(JdbcTemplate.java:765)
	at org.springframework.jdbc.core.JdbcTemplate.query(JdbcTemplate.java:818)
	at com.pgsb.dao.CocktailDao.searchCocktail(CocktailDao.java:41)
	at java.base/jdk.internal.reflect.DirectMethodHandleAccessor.invoke(DirectMethodHandleAccessor.java:104)
	at java.base/java.lang.reflect.Method.invoke(Method.java:578)
	at org.springframework.aop.support.AopUtils.invokeJoinpointUsingReflection(AopUtils.java:343)
	at org.springframework.aop.framework.ReflectiveMethodInvocation.invokeJoinpoint(ReflectiveMethodInvocation.java:196)
	at org.springframework.aop.framework.ReflectiveMethodInvocation.proceed(ReflectiveMethodInvocation.java:163)
	at org.springframework.aop.framework.CglibAopProxy$CglibMethodInvocation.proceed(CglibAopProxy.java:756)
	at org.springframework.dao.support.PersistenceExceptionTranslationInterceptor.invoke(PersistenceExceptionTranslationInterceptor.java:137)
	at org.springframework.aop.framework.ReflectiveMethodInvocation.proceed(ReflectiveMethodInvocation.java:184)
	at org.springframework.aop.framework.CglibAopProxy$CglibMethodInvocation.proceed(CglibAopProxy.java:756)
	at org.springframework.aop.framework.CglibAopProxy$DynamicAdvisedInterceptor.intercept(CglibAopProxy.java:708)
	at com.pgsb.dao.CocktailDao$$SpringCGLIB$$0.searchCocktail(<generated>)
	at com.pgsb.service.CocktailService.searchCocktails(CocktailService.java:29)
	at com.pgsb.controllers.CocktailController.searchCocktails(CocktailController.java:49)
	at java.base/jdk.internal.reflect.DirectMethodHandleAccessor.invoke(DirectMethodHandleAccessor.java:104)
	at java.base/java.lang.reflect.Method.invoke(Method.java:578)
	at org.springframework.web.method.support.InvocableHandlerMethod.doInvoke(InvocableHandlerMethod.java:205)
	at org.springframework.web.method.support.InvocableHandlerMethod.invokeForRequest(InvocableHandlerMethod.java:150)
	at org.springframework.web.servlet.mvc.method.annotation.ServletInvocableHandlerMethod.invokeAndHandle(ServletInvocableHandlerMethod.java:118)
	at org.springframework.web.servlet.mvc.method.annotation.RequestMappingHandlerAdapter.invokeHandlerMethod(RequestMappingHandlerAdapter.java:884)
	at org.springframework.web.servlet.mvc.method.annotation.RequestMappingHandlerAdapter.handleInternal(RequestMappingHandlerAdapter.java:797)
	at org.springframework.web.servlet.mvc.method.AbstractHandlerMethodAdapter.handle(AbstractHandlerMethodAdapter.java:87)
	at org.springframework.web.servlet.DispatcherServlet.doDispatch(DispatcherServlet.java:1081)
	at org.springframework.web.servlet.DispatcherServlet.doService(DispatcherServlet.java:974)
	at org.springframework.web.servlet.FrameworkServlet.processRequest(FrameworkServlet.java:1011)
	at org.springframework.web.servlet.FrameworkServlet.doGet(FrameworkServlet.java:903)
	at jakarta.servlet.http.HttpServlet.service(HttpServlet.java:564)
	at org.springframework.web.servlet.FrameworkServlet.service(FrameworkServlet.java:885)
	at jakarta.servlet.http.HttpServlet.service(HttpServlet.java:658)
	at org.apache.catalina.core.ApplicationFilterChain.internalDoFilter(ApplicationFilterChain.java:205)
	at org.apache.catalina.core.ApplicationFilterChain.doFilter(ApplicationFilterChain.java:149)
	at org.apache.tomcat.websocket.server.WsFilter.doFilter(WsFilter.java:51)
	at org.apache.catalina.core.ApplicationFilterChain.internalDoFilter(ApplicationFilterChain.java:174)
	at org.apache.catalina.core.ApplicationFilterChain.doFilter(ApplicationFilterChain.java:149)
	at org.springframework.web.filter.RequestContextFilter.doFilterInternal(RequestContextFilter.java:100)
	at org.springframework.web.filter.OncePerRequestFilter.doFilter(OncePerRequestFilter.java:116)
	at org.apache.catalina.core.ApplicationFilterChain.internalDoFilter(ApplicationFilterChain.java:174)
	at org.apache.catalina.core.ApplicationFilterChain.doFilter(ApplicationFilterChain.java:149)
	at org.springframework.web.filter.FormContentFilter.doFilterInternal(FormContentFilter.java:93)
	at org.springframework.web.filter.OncePerRequestFilter.doFilter(OncePerRequestFilter.java:116)
	at org.apache.catalina.core.ApplicationFilterChain.internalDoFilter(ApplicationFilterChain.java:174)
	at org.apache.catalina.core.ApplicationFilterChain.doFilter(ApplicationFilterChain.java:149)
	at org.springframework.web.filter.CharacterEncodingFilter.doFilterInternal(CharacterEncodingFilter.java:201)
	at org.springframework.web.filter.OncePerRequestFilter.doFilter(OncePerRequestFilter.java:116)
	at org.apache.catalina.core.ApplicationFilterChain.internalDoFilter(ApplicationFilterChain.java:174)
	at org.apache.catalina.core.ApplicationFilterChain.doFilter(ApplicationFilterChain.java:149)
	at org.apache.catalina.core.StandardWrapperValve.invoke(StandardWrapperValve.java:166)
	at org.apache.catalina.core.StandardContextValve.invoke(StandardContextValve.java:90)
	at org.apache.catalina.authenticator.AuthenticatorBase.invoke(AuthenticatorBase.java:482)
	at org.apache.catalina.core.StandardHostValve.invoke(StandardHostValve.java:115)
	at org.apache.catalina.valves.ErrorReportValve.invoke(ErrorReportValve.java:93)
	at org.apache.catalina.core.StandardEngineValve.invoke(StandardEngineValve.java:74)
	at org.apache.catalina.connector.CoyoteAdapter.service(CoyoteAdapter.java:341)
	at org.apache.coyote.http11.Http11Processor.service(Http11Processor.java:391)
	at org.apache.coyote.AbstractProcessorLight.process(AbstractProcessorLight.java:63)
	at org.apache.coyote.AbstractProtocol$ConnectionHandler.process(AbstractProtocol.java:894)
	at org.apache.tomcat.util.net.NioEndpoint$SocketProcessor.doRun(NioEndpoint.java:1740)
	at org.apache.tomcat.util.net.SocketProcessorBase.run(SocketProcessorBase.java:52)
	at org.apache.tomcat.util.threads.ThreadPoolExecutor.runWorker(ThreadPoolExecutor.java:1191)
	at org.apache.tomcat.util.threads.ThreadPoolExecutor$Worker.run(ThreadPoolExecutor.java:659)
	at org.apache.tomcat.util.threads.TaskThread$WrappingRunnable.run(TaskThread.java:61)
	at java.base/java.lang.Thread.run(Thread.java:1589)
2023-08-21 20:07:51 - HikariPool-1 - Shutdown initiated...
2023-08-21 20:07:51 - HikariPool-1 - Shutdown completed.
2023-08-21 20:07:54 - Starting PgsbApplication using Java 19.0.1 with PID 99206 (/Users/tcloetingh/Desktop/tcloetinghdotcom/pgsb/target/classes started by tcloetingh in /Users/tcloetingh/Desktop/tcloetinghdotcom/pgsb)
2023-08-21 20:07:54 - Running with Spring Boot v3.1.2, Spring v6.0.11
2023-08-21 20:07:54 - No active profile set, falling back to 1 default profile: "default"
2023-08-21 20:07:55 - Bootstrapping Spring Data JDBC repositories in DEFAULT mode.
2023-08-21 20:07:55 - Finished Spring Data repository scanning in 9 ms. Found 0 JDBC repository interfaces.
2023-08-21 20:07:55 - Tomcat initialized with port(s): 8080 (http)
2023-08-21 20:07:55 - Initializing ProtocolHandler ["http-nio-8080"]
2023-08-21 20:07:55 - Starting service [Tomcat]
2023-08-21 20:07:55 - Starting Servlet engine: [Apache Tomcat/10.1.11]
2023-08-21 20:07:55 - Initializing Spring embedded WebApplicationContext
2023-08-21 20:07:55 - Root WebApplicationContext: initialization completed in 868 ms
2023-08-21 20:07:55 - HikariPool-1 - Starting...
2023-08-21 20:07:56 - HikariPool-1 - Added connection org.postgresql.jdbc.PgConnection@3a1b36a1
2023-08-21 20:07:56 - HikariPool-1 - Start completed.
2023-08-21 20:07:56 - Starting ProtocolHandler ["http-nio-8080"]
2023-08-21 20:07:56 - Tomcat started on port(s): 8080 (http) with context path ''
2023-08-21 20:07:56 - Started PgsbApplication in 2.185 seconds (process running for 2.509)
2023-08-21 20:08:55 - Initializing Spring DispatcherServlet 'dispatcherServlet'
2023-08-21 20:08:55 - Initializing Servlet 'dispatcherServlet'
2023-08-21 20:08:55 - Completed initialization in 3 ms
2023-08-21 20:17:14 - Returning total cocktail count 700
2023-08-21 20:18:45 - Returning total cocktail count 700
2023-08-21 20:20:19 - Returning total cocktail count 700
2023-08-21 20:33:55 - Returning total cocktail count 700
2023-08-21 20:36:15 - Returning total cocktail count 700
2023-08-21 20:36:32 - Servlet.service() for servlet [dispatcherServlet] in context with path [] threw exception [Request processing failed: org.springframework.jdbc.BadSqlGrammarException: PreparedStatementCallback; bad SQL grammar [SELECT * FROM cocktail.cocktails_main WHERE fts_combined @@ to_tsquery('english', ?);]] with root cause
org.postgresql.util.PSQLException: ERROR: syntax error in tsquery: "old fashioned"
	at org.postgresql.core.v3.QueryExecutorImpl.receiveErrorResponse(QueryExecutorImpl.java:2713)
	at org.postgresql.core.v3.QueryExecutorImpl.processResults(QueryExecutorImpl.java:2401)
	at org.postgresql.core.v3.QueryExecutorImpl.execute(QueryExecutorImpl.java:368)
	at org.postgresql.jdbc.PgStatement.executeInternal(PgStatement.java:498)
	at org.postgresql.jdbc.PgStatement.execute(PgStatement.java:415)
	at org.postgresql.jdbc.PgPreparedStatement.executeWithFlags(PgPreparedStatement.java:190)
	at org.postgresql.jdbc.PgPreparedStatement.executeQuery(PgPreparedStatement.java:134)
	at com.zaxxer.hikari.pool.ProxyPreparedStatement.executeQuery(ProxyPreparedStatement.java:52)
	at com.zaxxer.hikari.pool.HikariProxyPreparedStatement.executeQuery(HikariProxyPreparedStatement.java)
	at org.springframework.jdbc.core.JdbcTemplate$1.doInPreparedStatement(JdbcTemplate.java:730)
	at org.springframework.jdbc.core.JdbcTemplate.execute(JdbcTemplate.java:656)
	at org.springframework.jdbc.core.JdbcTemplate.query(JdbcTemplate.java:721)
	at org.springframework.jdbc.core.JdbcTemplate.query(JdbcTemplate.java:752)
	at org.springframework.jdbc.core.JdbcTemplate.query(JdbcTemplate.java:765)
	at org.springframework.jdbc.core.JdbcTemplate.query(JdbcTemplate.java:818)
	at com.pgsb.dao.CocktailDao.searchCocktail(CocktailDao.java:41)
	at java.base/jdk.internal.reflect.DirectMethodHandleAccessor.invoke(DirectMethodHandleAccessor.java:104)
	at java.base/java.lang.reflect.Method.invoke(Method.java:578)
	at org.springframework.aop.support.AopUtils.invokeJoinpointUsingReflection(AopUtils.java:343)
	at org.springframework.aop.framework.ReflectiveMethodInvocation.invokeJoinpoint(ReflectiveMethodInvocation.java:196)
	at org.springframework.aop.framework.ReflectiveMethodInvocation.proceed(ReflectiveMethodInvocation.java:163)
	at org.springframework.aop.framework.CglibAopProxy$CglibMethodInvocation.proceed(CglibAopProxy.java:756)
	at org.springframework.dao.support.PersistenceExceptionTranslationInterceptor.invoke(PersistenceExceptionTranslationInterceptor.java:137)
	at org.springframework.aop.framework.ReflectiveMethodInvocation.proceed(ReflectiveMethodInvocation.java:184)
	at org.springframework.aop.framework.CglibAopProxy$CglibMethodInvocation.proceed(CglibAopProxy.java:756)
	at org.springframework.aop.framework.CglibAopProxy$DynamicAdvisedInterceptor.intercept(CglibAopProxy.java:708)
	at com.pgsb.dao.CocktailDao$$SpringCGLIB$$0.searchCocktail(<generated>)
	at com.pgsb.service.CocktailService.searchCocktails(CocktailService.java:29)
	at com.pgsb.controllers.CocktailController.searchCocktails(CocktailController.java:49)
	at java.base/jdk.internal.reflect.DirectMethodHandleAccessor.invoke(DirectMethodHandleAccessor.java:104)
	at java.base/java.lang.reflect.Method.invoke(Method.java:578)
	at org.springframework.web.method.support.InvocableHandlerMethod.doInvoke(InvocableHandlerMethod.java:205)
	at org.springframework.web.method.support.InvocableHandlerMethod.invokeForRequest(InvocableHandlerMethod.java:150)
	at org.springframework.web.servlet.mvc.method.annotation.ServletInvocableHandlerMethod.invokeAndHandle(ServletInvocableHandlerMethod.java:118)
	at org.springframework.web.servlet.mvc.method.annotation.RequestMappingHandlerAdapter.invokeHandlerMethod(RequestMappingHandlerAdapter.java:884)
	at org.springframework.web.servlet.mvc.method.annotation.RequestMappingHandlerAdapter.handleInternal(RequestMappingHandlerAdapter.java:797)
	at org.springframework.web.servlet.mvc.method.AbstractHandlerMethodAdapter.handle(AbstractHandlerMethodAdapter.java:87)
	at org.springframework.web.servlet.DispatcherServlet.doDispatch(DispatcherServlet.java:1081)
	at org.springframework.web.servlet.DispatcherServlet.doService(DispatcherServlet.java:974)
	at org.springframework.web.servlet.FrameworkServlet.processRequest(FrameworkServlet.java:1011)
	at org.springframework.web.servlet.FrameworkServlet.doGet(FrameworkServlet.java:903)
	at jakarta.servlet.http.HttpServlet.service(HttpServlet.java:564)
	at org.springframework.web.servlet.FrameworkServlet.service(FrameworkServlet.java:885)
	at jakarta.servlet.http.HttpServlet.service(HttpServlet.java:658)
	at org.apache.catalina.core.ApplicationFilterChain.internalDoFilter(ApplicationFilterChain.java:205)
	at org.apache.catalina.core.ApplicationFilterChain.doFilter(ApplicationFilterChain.java:149)
	at org.apache.tomcat.websocket.server.WsFilter.doFilter(WsFilter.java:51)
	at org.apache.catalina.core.ApplicationFilterChain.internalDoFilter(ApplicationFilterChain.java:174)
	at org.apache.catalina.core.ApplicationFilterChain.doFilter(ApplicationFilterChain.java:149)
	at org.springframework.web.filter.RequestContextFilter.doFilterInternal(RequestContextFilter.java:100)
	at org.springframework.web.filter.OncePerRequestFilter.doFilter(OncePerRequestFilter.java:116)
	at org.apache.catalina.core.ApplicationFilterChain.internalDoFilter(ApplicationFilterChain.java:174)
	at org.apache.catalina.core.ApplicationFilterChain.doFilter(ApplicationFilterChain.java:149)
	at org.springframework.web.filter.FormContentFilter.doFilterInternal(FormContentFilter.java:93)
	at org.springframework.web.filter.OncePerRequestFilter.doFilter(OncePerRequestFilter.java:116)
	at org.apache.catalina.core.ApplicationFilterChain.internalDoFilter(ApplicationFilterChain.java:174)
	at org.apache.catalina.core.ApplicationFilterChain.doFilter(ApplicationFilterChain.java:149)
	at org.springframework.web.filter.CharacterEncodingFilter.doFilterInternal(CharacterEncodingFilter.java:201)
	at org.springframework.web.filter.OncePerRequestFilter.doFilter(OncePerRequestFilter.java:116)
	at org.apache.catalina.core.ApplicationFilterChain.internalDoFilter(ApplicationFilterChain.java:174)
	at org.apache.catalina.core.ApplicationFilterChain.doFilter(ApplicationFilterChain.java:149)
	at org.apache.catalina.core.StandardWrapperValve.invoke(StandardWrapperValve.java:166)
	at org.apache.catalina.core.StandardContextValve.invoke(StandardContextValve.java:90)
	at org.apache.catalina.authenticator.AuthenticatorBase.invoke(AuthenticatorBase.java:482)
	at org.apache.catalina.core.StandardHostValve.invoke(StandardHostValve.java:115)
	at org.apache.catalina.valves.ErrorReportValve.invoke(ErrorReportValve.java:93)
	at org.apache.catalina.core.StandardEngineValve.invoke(StandardEngineValve.java:74)
	at org.apache.catalina.connector.CoyoteAdapter.service(CoyoteAdapter.java:341)
	at org.apache.coyote.http11.Http11Processor.service(Http11Processor.java:391)
	at org.apache.coyote.AbstractProcessorLight.process(AbstractProcessorLight.java:63)
	at org.apache.coyote.AbstractProtocol$ConnectionHandler.process(AbstractProtocol.java:894)
	at org.apache.tomcat.util.net.NioEndpoint$SocketProcessor.doRun(NioEndpoint.java:1740)
	at org.apache.tomcat.util.net.SocketProcessorBase.run(SocketProcessorBase.java:52)
	at org.apache.tomcat.util.threads.ThreadPoolExecutor.runWorker(ThreadPoolExecutor.java:1191)
	at org.apache.tomcat.util.threads.ThreadPoolExecutor$Worker.run(ThreadPoolExecutor.java:659)
	at org.apache.tomcat.util.threads.TaskThread$WrappingRunnable.run(TaskThread.java:61)
	at java.base/java.lang.Thread.run(Thread.java:1589)
2023-08-21 20:36:49 - Servlet.service() for servlet [dispatcherServlet] in context with path [] threw exception [Request processing failed: org.springframework.jdbc.BadSqlGrammarException: PreparedStatementCallback; bad SQL grammar [SELECT * FROM cocktail.cocktails_main WHERE fts_combined @@ to_tsquery('english', ?);]] with root cause
org.postgresql.util.PSQLException: ERROR: syntax error in tsquery: "old fashioned"
	at org.postgresql.core.v3.QueryExecutorImpl.receiveErrorResponse(QueryExecutorImpl.java:2713)
	at org.postgresql.core.v3.QueryExecutorImpl.processResults(QueryExecutorImpl.java:2401)
	at org.postgresql.core.v3.QueryExecutorImpl.execute(QueryExecutorImpl.java:368)
	at org.postgresql.jdbc.PgStatement.executeInternal(PgStatement.java:498)
	at org.postgresql.jdbc.PgStatement.execute(PgStatement.java:415)
	at org.postgresql.jdbc.PgPreparedStatement.executeWithFlags(PgPreparedStatement.java:190)
	at org.postgresql.jdbc.PgPreparedStatement.executeQuery(PgPreparedStatement.java:134)
	at com.zaxxer.hikari.pool.ProxyPreparedStatement.executeQuery(ProxyPreparedStatement.java:52)
	at com.zaxxer.hikari.pool.HikariProxyPreparedStatement.executeQuery(HikariProxyPreparedStatement.java)
	at org.springframework.jdbc.core.JdbcTemplate$1.doInPreparedStatement(JdbcTemplate.java:730)
	at org.springframework.jdbc.core.JdbcTemplate.execute(JdbcTemplate.java:656)
	at org.springframework.jdbc.core.JdbcTemplate.query(JdbcTemplate.java:721)
	at org.springframework.jdbc.core.JdbcTemplate.query(JdbcTemplate.java:752)
	at org.springframework.jdbc.core.JdbcTemplate.query(JdbcTemplate.java:765)
	at org.springframework.jdbc.core.JdbcTemplate.query(JdbcTemplate.java:818)
	at com.pgsb.dao.CocktailDao.searchCocktail(CocktailDao.java:41)
	at java.base/jdk.internal.reflect.DirectMethodHandleAccessor.invoke(DirectMethodHandleAccessor.java:104)
	at java.base/java.lang.reflect.Method.invoke(Method.java:578)
	at org.springframework.aop.support.AopUtils.invokeJoinpointUsingReflection(AopUtils.java:343)
	at org.springframework.aop.framework.ReflectiveMethodInvocation.invokeJoinpoint(ReflectiveMethodInvocation.java:196)
	at org.springframework.aop.framework.ReflectiveMethodInvocation.proceed(ReflectiveMethodInvocation.java:163)
	at org.springframework.aop.framework.CglibAopProxy$CglibMethodInvocation.proceed(CglibAopProxy.java:756)
	at org.springframework.dao.support.PersistenceExceptionTranslationInterceptor.invoke(PersistenceExceptionTranslationInterceptor.java:137)
	at org.springframework.aop.framework.ReflectiveMethodInvocation.proceed(ReflectiveMethodInvocation.java:184)
	at org.springframework.aop.framework.CglibAopProxy$CglibMethodInvocation.proceed(CglibAopProxy.java:756)
	at org.springframework.aop.framework.CglibAopProxy$DynamicAdvisedInterceptor.intercept(CglibAopProxy.java:708)
	at com.pgsb.dao.CocktailDao$$SpringCGLIB$$0.searchCocktail(<generated>)
	at com.pgsb.service.CocktailService.searchCocktails(CocktailService.java:29)
	at com.pgsb.controllers.CocktailController.searchCocktails(CocktailController.java:49)
	at java.base/jdk.internal.reflect.DirectMethodHandleAccessor.invoke(DirectMethodHandleAccessor.java:104)
	at java.base/java.lang.reflect.Method.invoke(Method.java:578)
	at org.springframework.web.method.support.InvocableHandlerMethod.doInvoke(InvocableHandlerMethod.java:205)
	at org.springframework.web.method.support.InvocableHandlerMethod.invokeForRequest(InvocableHandlerMethod.java:150)
	at org.springframework.web.servlet.mvc.method.annotation.ServletInvocableHandlerMethod.invokeAndHandle(ServletInvocableHandlerMethod.java:118)
	at org.springframework.web.servlet.mvc.method.annotation.RequestMappingHandlerAdapter.invokeHandlerMethod(RequestMappingHandlerAdapter.java:884)
	at org.springframework.web.servlet.mvc.method.annotation.RequestMappingHandlerAdapter.handleInternal(RequestMappingHandlerAdapter.java:797)
	at org.springframework.web.servlet.mvc.method.AbstractHandlerMethodAdapter.handle(AbstractHandlerMethodAdapter.java:87)
	at org.springframework.web.servlet.DispatcherServlet.doDispatch(DispatcherServlet.java:1081)
	at org.springframework.web.servlet.DispatcherServlet.doService(DispatcherServlet.java:974)
	at org.springframework.web.servlet.FrameworkServlet.processRequest(FrameworkServlet.java:1011)
	at org.springframework.web.servlet.FrameworkServlet.doGet(FrameworkServlet.java:903)
	at jakarta.servlet.http.HttpServlet.service(HttpServlet.java:564)
	at org.springframework.web.servlet.FrameworkServlet.service(FrameworkServlet.java:885)
	at jakarta.servlet.http.HttpServlet.service(HttpServlet.java:658)
	at org.apache.catalina.core.ApplicationFilterChain.internalDoFilter(ApplicationFilterChain.java:205)
	at org.apache.catalina.core.ApplicationFilterChain.doFilter(ApplicationFilterChain.java:149)
	at org.apache.tomcat.websocket.server.WsFilter.doFilter(WsFilter.java:51)
	at org.apache.catalina.core.ApplicationFilterChain.internalDoFilter(ApplicationFilterChain.java:174)
	at org.apache.catalina.core.ApplicationFilterChain.doFilter(ApplicationFilterChain.java:149)
	at org.springframework.web.filter.RequestContextFilter.doFilterInternal(RequestContextFilter.java:100)
	at org.springframework.web.filter.OncePerRequestFilter.doFilter(OncePerRequestFilter.java:116)
	at org.apache.catalina.core.ApplicationFilterChain.internalDoFilter(ApplicationFilterChain.java:174)
	at org.apache.catalina.core.ApplicationFilterChain.doFilter(ApplicationFilterChain.java:149)
	at org.springframework.web.filter.FormContentFilter.doFilterInternal(FormContentFilter.java:93)
	at org.springframework.web.filter.OncePerRequestFilter.doFilter(OncePerRequestFilter.java:116)
	at org.apache.catalina.core.ApplicationFilterChain.internalDoFilter(ApplicationFilterChain.java:174)
	at org.apache.catalina.core.ApplicationFilterChain.doFilter(ApplicationFilterChain.java:149)
	at org.springframework.web.filter.CharacterEncodingFilter.doFilterInternal(CharacterEncodingFilter.java:201)
	at org.springframework.web.filter.OncePerRequestFilter.doFilter(OncePerRequestFilter.java:116)
	at org.apache.catalina.core.ApplicationFilterChain.internalDoFilter(ApplicationFilterChain.java:174)
	at org.apache.catalina.core.ApplicationFilterChain.doFilter(ApplicationFilterChain.java:149)
	at org.apache.catalina.core.StandardWrapperValve.invoke(StandardWrapperValve.java:166)
	at org.apache.catalina.core.StandardContextValve.invoke(StandardContextValve.java:90)
	at org.apache.catalina.authenticator.AuthenticatorBase.invoke(AuthenticatorBase.java:482)
	at org.apache.catalina.core.StandardHostValve.invoke(StandardHostValve.java:115)
	at org.apache.catalina.valves.ErrorReportValve.invoke(ErrorReportValve.java:93)
	at org.apache.catalina.core.StandardEngineValve.invoke(StandardEngineValve.java:74)
	at org.apache.catalina.connector.CoyoteAdapter.service(CoyoteAdapter.java:341)
	at org.apache.coyote.http11.Http11Processor.service(Http11Processor.java:391)
	at org.apache.coyote.AbstractProcessorLight.process(AbstractProcessorLight.java:63)
	at org.apache.coyote.AbstractProtocol$ConnectionHandler.process(AbstractProtocol.java:894)
	at org.apache.tomcat.util.net.NioEndpoint$SocketProcessor.doRun(NioEndpoint.java:1740)
	at org.apache.tomcat.util.net.SocketProcessorBase.run(SocketProcessorBase.java:52)
	at org.apache.tomcat.util.threads.ThreadPoolExecutor.runWorker(ThreadPoolExecutor.java:1191)
	at org.apache.tomcat.util.threads.ThreadPoolExecutor$Worker.run(ThreadPoolExecutor.java:659)
	at org.apache.tomcat.util.threads.TaskThread$WrappingRunnable.run(TaskThread.java:61)
	at java.base/java.lang.Thread.run(Thread.java:1589)
2023-08-21 20:36:52 - Servlet.service() for servlet [dispatcherServlet] in context with path [] threw exception [Request processing failed: org.springframework.jdbc.BadSqlGrammarException: PreparedStatementCallback; bad SQL grammar [SELECT * FROM cocktail.cocktails_main WHERE fts_combined @@ to_tsquery('english', ?);]] with root cause
org.postgresql.util.PSQLException: ERROR: syntax error in tsquery: "old fashioned"
	at org.postgresql.core.v3.QueryExecutorImpl.receiveErrorResponse(QueryExecutorImpl.java:2713)
	at org.postgresql.core.v3.QueryExecutorImpl.processResults(QueryExecutorImpl.java:2401)
	at org.postgresql.core.v3.QueryExecutorImpl.execute(QueryExecutorImpl.java:368)
	at org.postgresql.jdbc.PgStatement.executeInternal(PgStatement.java:498)
	at org.postgresql.jdbc.PgStatement.execute(PgStatement.java:415)
	at org.postgresql.jdbc.PgPreparedStatement.executeWithFlags(PgPreparedStatement.java:190)
	at org.postgresql.jdbc.PgPreparedStatement.executeQuery(PgPreparedStatement.java:134)
	at com.zaxxer.hikari.pool.ProxyPreparedStatement.executeQuery(ProxyPreparedStatement.java:52)
	at com.zaxxer.hikari.pool.HikariProxyPreparedStatement.executeQuery(HikariProxyPreparedStatement.java)
	at org.springframework.jdbc.core.JdbcTemplate$1.doInPreparedStatement(JdbcTemplate.java:730)
	at org.springframework.jdbc.core.JdbcTemplate.execute(JdbcTemplate.java:656)
	at org.springframework.jdbc.core.JdbcTemplate.query(JdbcTemplate.java:721)
	at org.springframework.jdbc.core.JdbcTemplate.query(JdbcTemplate.java:752)
	at org.springframework.jdbc.core.JdbcTemplate.query(JdbcTemplate.java:765)
	at org.springframework.jdbc.core.JdbcTemplate.query(JdbcTemplate.java:818)
	at com.pgsb.dao.CocktailDao.searchCocktail(CocktailDao.java:41)
	at java.base/jdk.internal.reflect.DirectMethodHandleAccessor.invoke(DirectMethodHandleAccessor.java:104)
	at java.base/java.lang.reflect.Method.invoke(Method.java:578)
	at org.springframework.aop.support.AopUtils.invokeJoinpointUsingReflection(AopUtils.java:343)
	at org.springframework.aop.framework.ReflectiveMethodInvocation.invokeJoinpoint(ReflectiveMethodInvocation.java:196)
	at org.springframework.aop.framework.ReflectiveMethodInvocation.proceed(ReflectiveMethodInvocation.java:163)
	at org.springframework.aop.framework.CglibAopProxy$CglibMethodInvocation.proceed(CglibAopProxy.java:756)
	at org.springframework.dao.support.PersistenceExceptionTranslationInterceptor.invoke(PersistenceExceptionTranslationInterceptor.java:137)
	at org.springframework.aop.framework.ReflectiveMethodInvocation.proceed(ReflectiveMethodInvocation.java:184)
	at org.springframework.aop.framework.CglibAopProxy$CglibMethodInvocation.proceed(CglibAopProxy.java:756)
	at org.springframework.aop.framework.CglibAopProxy$DynamicAdvisedInterceptor.intercept(CglibAopProxy.java:708)
	at com.pgsb.dao.CocktailDao$$SpringCGLIB$$0.searchCocktail(<generated>)
	at com.pgsb.service.CocktailService.searchCocktails(CocktailService.java:29)
	at com.pgsb.controllers.CocktailController.searchCocktails(CocktailController.java:49)
	at java.base/jdk.internal.reflect.DirectMethodHandleAccessor.invoke(DirectMethodHandleAccessor.java:104)
	at java.base/java.lang.reflect.Method.invoke(Method.java:578)
	at org.springframework.web.method.support.InvocableHandlerMethod.doInvoke(InvocableHandlerMethod.java:205)
	at org.springframework.web.method.support.InvocableHandlerMethod.invokeForRequest(InvocableHandlerMethod.java:150)
	at org.springframework.web.servlet.mvc.method.annotation.ServletInvocableHandlerMethod.invokeAndHandle(ServletInvocableHandlerMethod.java:118)
	at org.springframework.web.servlet.mvc.method.annotation.RequestMappingHandlerAdapter.invokeHandlerMethod(RequestMappingHandlerAdapter.java:884)
	at org.springframework.web.servlet.mvc.method.annotation.RequestMappingHandlerAdapter.handleInternal(RequestMappingHandlerAdapter.java:797)
	at org.springframework.web.servlet.mvc.method.AbstractHandlerMethodAdapter.handle(AbstractHandlerMethodAdapter.java:87)
	at org.springframework.web.servlet.DispatcherServlet.doDispatch(DispatcherServlet.java:1081)
	at org.springframework.web.servlet.DispatcherServlet.doService(DispatcherServlet.java:974)
	at org.springframework.web.servlet.FrameworkServlet.processRequest(FrameworkServlet.java:1011)
	at org.springframework.web.servlet.FrameworkServlet.doGet(FrameworkServlet.java:903)
	at jakarta.servlet.http.HttpServlet.service(HttpServlet.java:564)
	at org.springframework.web.servlet.FrameworkServlet.service(FrameworkServlet.java:885)
	at jakarta.servlet.http.HttpServlet.service(HttpServlet.java:658)
	at org.apache.catalina.core.ApplicationFilterChain.internalDoFilter(ApplicationFilterChain.java:205)
	at org.apache.catalina.core.ApplicationFilterChain.doFilter(ApplicationFilterChain.java:149)
	at org.apache.tomcat.websocket.server.WsFilter.doFilter(WsFilter.java:51)
	at org.apache.catalina.core.ApplicationFilterChain.internalDoFilter(ApplicationFilterChain.java:174)
	at org.apache.catalina.core.ApplicationFilterChain.doFilter(ApplicationFilterChain.java:149)
	at org.springframework.web.filter.RequestContextFilter.doFilterInternal(RequestContextFilter.java:100)
	at org.springframework.web.filter.OncePerRequestFilter.doFilter(OncePerRequestFilter.java:116)
	at org.apache.catalina.core.ApplicationFilterChain.internalDoFilter(ApplicationFilterChain.java:174)
	at org.apache.catalina.core.ApplicationFilterChain.doFilter(ApplicationFilterChain.java:149)
	at org.springframework.web.filter.FormContentFilter.doFilterInternal(FormContentFilter.java:93)
	at org.springframework.web.filter.OncePerRequestFilter.doFilter(OncePerRequestFilter.java:116)
	at org.apache.catalina.core.ApplicationFilterChain.internalDoFilter(ApplicationFilterChain.java:174)
	at org.apache.catalina.core.ApplicationFilterChain.doFilter(ApplicationFilterChain.java:149)
	at org.springframework.web.filter.CharacterEncodingFilter.doFilterInternal(CharacterEncodingFilter.java:201)
	at org.springframework.web.filter.OncePerRequestFilter.doFilter(OncePerRequestFilter.java:116)
	at org.apache.catalina.core.ApplicationFilterChain.internalDoFilter(ApplicationFilterChain.java:174)
	at org.apache.catalina.core.ApplicationFilterChain.doFilter(ApplicationFilterChain.java:149)
	at org.apache.catalina.core.StandardWrapperValve.invoke(StandardWrapperValve.java:166)
	at org.apache.catalina.core.StandardContextValve.invoke(StandardContextValve.java:90)
	at org.apache.catalina.authenticator.AuthenticatorBase.invoke(AuthenticatorBase.java:482)
	at org.apache.catalina.core.StandardHostValve.invoke(StandardHostValve.java:115)
	at org.apache.catalina.valves.ErrorReportValve.invoke(ErrorReportValve.java:93)
	at org.apache.catalina.core.StandardEngineValve.invoke(StandardEngineValve.java:74)
	at org.apache.catalina.connector.CoyoteAdapter.service(CoyoteAdapter.java:341)
	at org.apache.coyote.http11.Http11Processor.service(Http11Processor.java:391)
	at org.apache.coyote.AbstractProcessorLight.process(AbstractProcessorLight.java:63)
	at org.apache.coyote.AbstractProtocol$ConnectionHandler.process(AbstractProtocol.java:894)
	at org.apache.tomcat.util.net.NioEndpoint$SocketProcessor.doRun(NioEndpoint.java:1740)
	at org.apache.tomcat.util.net.SocketProcessorBase.run(SocketProcessorBase.java:52)
	at org.apache.tomcat.util.threads.ThreadPoolExecutor.runWorker(ThreadPoolExecutor.java:1191)
	at org.apache.tomcat.util.threads.ThreadPoolExecutor$Worker.run(ThreadPoolExecutor.java:659)
	at org.apache.tomcat.util.threads.TaskThread$WrappingRunnable.run(TaskThread.java:61)
	at java.base/java.lang.Thread.run(Thread.java:1589)
2023-08-21 20:36:59 - Servlet.service() for servlet [dispatcherServlet] in context with path [] threw exception [Request processing failed: org.springframework.jdbc.BadSqlGrammarException: PreparedStatementCallback; bad SQL grammar [SELECT * FROM cocktail.cocktails_main WHERE fts_combined @@ to_tsquery('english', ?);]] with root cause
org.postgresql.util.PSQLException: ERROR: syntax error in tsquery: "old fashioned"
	at org.postgresql.core.v3.QueryExecutorImpl.receiveErrorResponse(QueryExecutorImpl.java:2713)
	at org.postgresql.core.v3.QueryExecutorImpl.processResults(QueryExecutorImpl.java:2401)
	at org.postgresql.core.v3.QueryExecutorImpl.execute(QueryExecutorImpl.java:368)
	at org.postgresql.jdbc.PgStatement.executeInternal(PgStatement.java:498)
	at org.postgresql.jdbc.PgStatement.execute(PgStatement.java:415)
	at org.postgresql.jdbc.PgPreparedStatement.executeWithFlags(PgPreparedStatement.java:190)
	at org.postgresql.jdbc.PgPreparedStatement.executeQuery(PgPreparedStatement.java:134)
	at com.zaxxer.hikari.pool.ProxyPreparedStatement.executeQuery(ProxyPreparedStatement.java:52)
	at com.zaxxer.hikari.pool.HikariProxyPreparedStatement.executeQuery(HikariProxyPreparedStatement.java)
	at org.springframework.jdbc.core.JdbcTemplate$1.doInPreparedStatement(JdbcTemplate.java:730)
	at org.springframework.jdbc.core.JdbcTemplate.execute(JdbcTemplate.java:656)
	at org.springframework.jdbc.core.JdbcTemplate.query(JdbcTemplate.java:721)
	at org.springframework.jdbc.core.JdbcTemplate.query(JdbcTemplate.java:752)
	at org.springframework.jdbc.core.JdbcTemplate.query(JdbcTemplate.java:765)
	at org.springframework.jdbc.core.JdbcTemplate.query(JdbcTemplate.java:818)
	at com.pgsb.dao.CocktailDao.searchCocktail(CocktailDao.java:41)
	at java.base/jdk.internal.reflect.DirectMethodHandleAccessor.invoke(DirectMethodHandleAccessor.java:104)
	at java.base/java.lang.reflect.Method.invoke(Method.java:578)
	at org.springframework.aop.support.AopUtils.invokeJoinpointUsingReflection(AopUtils.java:343)
	at org.springframework.aop.framework.ReflectiveMethodInvocation.invokeJoinpoint(ReflectiveMethodInvocation.java:196)
	at org.springframework.aop.framework.ReflectiveMethodInvocation.proceed(ReflectiveMethodInvocation.java:163)
	at org.springframework.aop.framework.CglibAopProxy$CglibMethodInvocation.proceed(CglibAopProxy.java:756)
	at org.springframework.dao.support.PersistenceExceptionTranslationInterceptor.invoke(PersistenceExceptionTranslationInterceptor.java:137)
	at org.springframework.aop.framework.ReflectiveMethodInvocation.proceed(ReflectiveMethodInvocation.java:184)
	at org.springframework.aop.framework.CglibAopProxy$CglibMethodInvocation.proceed(CglibAopProxy.java:756)
	at org.springframework.aop.framework.CglibAopProxy$DynamicAdvisedInterceptor.intercept(CglibAopProxy.java:708)
	at com.pgsb.dao.CocktailDao$$SpringCGLIB$$0.searchCocktail(<generated>)
	at com.pgsb.service.CocktailService.searchCocktails(CocktailService.java:29)
	at com.pgsb.controllers.CocktailController.searchCocktails(CocktailController.java:49)
	at java.base/jdk.internal.reflect.DirectMethodHandleAccessor.invoke(DirectMethodHandleAccessor.java:104)
	at java.base/java.lang.reflect.Method.invoke(Method.java:578)
	at org.springframework.web.method.support.InvocableHandlerMethod.doInvoke(InvocableHandlerMethod.java:205)
	at org.springframework.web.method.support.InvocableHandlerMethod.invokeForRequest(InvocableHandlerMethod.java:150)
	at org.springframework.web.servlet.mvc.method.annotation.ServletInvocableHandlerMethod.invokeAndHandle(ServletInvocableHandlerMethod.java:118)
	at org.springframework.web.servlet.mvc.method.annotation.RequestMappingHandlerAdapter.invokeHandlerMethod(RequestMappingHandlerAdapter.java:884)
	at org.springframework.web.servlet.mvc.method.annotation.RequestMappingHandlerAdapter.handleInternal(RequestMappingHandlerAdapter.java:797)
	at org.springframework.web.servlet.mvc.method.AbstractHandlerMethodAdapter.handle(AbstractHandlerMethodAdapter.java:87)
	at org.springframework.web.servlet.DispatcherServlet.doDispatch(DispatcherServlet.java:1081)
	at org.springframework.web.servlet.DispatcherServlet.doService(DispatcherServlet.java:974)
	at org.springframework.web.servlet.FrameworkServlet.processRequest(FrameworkServlet.java:1011)
	at org.springframework.web.servlet.FrameworkServlet.doGet(FrameworkServlet.java:903)
	at jakarta.servlet.http.HttpServlet.service(HttpServlet.java:564)
	at org.springframework.web.servlet.FrameworkServlet.service(FrameworkServlet.java:885)
	at jakarta.servlet.http.HttpServlet.service(HttpServlet.java:658)
	at org.apache.catalina.core.ApplicationFilterChain.internalDoFilter(ApplicationFilterChain.java:205)
	at org.apache.catalina.core.ApplicationFilterChain.doFilter(ApplicationFilterChain.java:149)
	at org.apache.tomcat.websocket.server.WsFilter.doFilter(WsFilter.java:51)
	at org.apache.catalina.core.ApplicationFilterChain.internalDoFilter(ApplicationFilterChain.java:174)
	at org.apache.catalina.core.ApplicationFilterChain.doFilter(ApplicationFilterChain.java:149)
	at org.springframework.web.filter.RequestContextFilter.doFilterInternal(RequestContextFilter.java:100)
	at org.springframework.web.filter.OncePerRequestFilter.doFilter(OncePerRequestFilter.java:116)
	at org.apache.catalina.core.ApplicationFilterChain.internalDoFilter(ApplicationFilterChain.java:174)
	at org.apache.catalina.core.ApplicationFilterChain.doFilter(ApplicationFilterChain.java:149)
	at org.springframework.web.filter.FormContentFilter.doFilterInternal(FormContentFilter.java:93)
	at org.springframework.web.filter.OncePerRequestFilter.doFilter(OncePerRequestFilter.java:116)
	at org.apache.catalina.core.ApplicationFilterChain.internalDoFilter(ApplicationFilterChain.java:174)
	at org.apache.catalina.core.ApplicationFilterChain.doFilter(ApplicationFilterChain.java:149)
	at org.springframework.web.filter.CharacterEncodingFilter.doFilterInternal(CharacterEncodingFilter.java:201)
	at org.springframework.web.filter.OncePerRequestFilter.doFilter(OncePerRequestFilter.java:116)
	at org.apache.catalina.core.ApplicationFilterChain.internalDoFilter(ApplicationFilterChain.java:174)
	at org.apache.catalina.core.ApplicationFilterChain.doFilter(ApplicationFilterChain.java:149)
	at org.apache.catalina.core.StandardWrapperValve.invoke(StandardWrapperValve.java:166)
	at org.apache.catalina.core.StandardContextValve.invoke(StandardContextValve.java:90)
	at org.apache.catalina.authenticator.AuthenticatorBase.invoke(AuthenticatorBase.java:482)
	at org.apache.catalina.core.StandardHostValve.invoke(StandardHostValve.java:115)
	at org.apache.catalina.valves.ErrorReportValve.invoke(ErrorReportValve.java:93)
	at org.apache.catalina.core.StandardEngineValve.invoke(StandardEngineValve.java:74)
	at org.apache.catalina.connector.CoyoteAdapter.service(CoyoteAdapter.java:341)
	at org.apache.coyote.http11.Http11Processor.service(Http11Processor.java:391)
	at org.apache.coyote.AbstractProcessorLight.process(AbstractProcessorLight.java:63)
	at org.apache.coyote.AbstractProtocol$ConnectionHandler.process(AbstractProtocol.java:894)
	at org.apache.tomcat.util.net.NioEndpoint$SocketProcessor.doRun(NioEndpoint.java:1740)
	at org.apache.tomcat.util.net.SocketProcessorBase.run(SocketProcessorBase.java:52)
	at org.apache.tomcat.util.threads.ThreadPoolExecutor.runWorker(ThreadPoolExecutor.java:1191)
	at org.apache.tomcat.util.threads.ThreadPoolExecutor$Worker.run(ThreadPoolExecutor.java:659)
	at org.apache.tomcat.util.threads.TaskThread$WrappingRunnable.run(TaskThread.java:61)
	at java.base/java.lang.Thread.run(Thread.java:1589)
2023-08-21 20:36:59 - Servlet.service() for servlet [dispatcherServlet] in context with path [] threw exception [Request processing failed: org.springframework.jdbc.BadSqlGrammarException: PreparedStatementCallback; bad SQL grammar [SELECT * FROM cocktail.cocktails_main WHERE fts_combined @@ to_tsquery('english', ?);]] with root cause
org.postgresql.util.PSQLException: ERROR: syntax error in tsquery: "old fashioned"
	at org.postgresql.core.v3.QueryExecutorImpl.receiveErrorResponse(QueryExecutorImpl.java:2713)
	at org.postgresql.core.v3.QueryExecutorImpl.processResults(QueryExecutorImpl.java:2401)
	at org.postgresql.core.v3.QueryExecutorImpl.execute(QueryExecutorImpl.java:368)
	at org.postgresql.jdbc.PgStatement.executeInternal(PgStatement.java:498)
	at org.postgresql.jdbc.PgStatement.execute(PgStatement.java:415)
	at org.postgresql.jdbc.PgPreparedStatement.executeWithFlags(PgPreparedStatement.java:190)
	at org.postgresql.jdbc.PgPreparedStatement.executeQuery(PgPreparedStatement.java:134)
	at com.zaxxer.hikari.pool.ProxyPreparedStatement.executeQuery(ProxyPreparedStatement.java:52)
	at com.zaxxer.hikari.pool.HikariProxyPreparedStatement.executeQuery(HikariProxyPreparedStatement.java)
	at org.springframework.jdbc.core.JdbcTemplate$1.doInPreparedStatement(JdbcTemplate.java:730)
	at org.springframework.jdbc.core.JdbcTemplate.execute(JdbcTemplate.java:656)
	at org.springframework.jdbc.core.JdbcTemplate.query(JdbcTemplate.java:721)
	at org.springframework.jdbc.core.JdbcTemplate.query(JdbcTemplate.java:752)
	at org.springframework.jdbc.core.JdbcTemplate.query(JdbcTemplate.java:765)
	at org.springframework.jdbc.core.JdbcTemplate.query(JdbcTemplate.java:818)
	at com.pgsb.dao.CocktailDao.searchCocktail(CocktailDao.java:41)
	at java.base/jdk.internal.reflect.DirectMethodHandleAccessor.invoke(DirectMethodHandleAccessor.java:104)
	at java.base/java.lang.reflect.Method.invoke(Method.java:578)
	at org.springframework.aop.support.AopUtils.invokeJoinpointUsingReflection(AopUtils.java:343)
	at org.springframework.aop.framework.ReflectiveMethodInvocation.invokeJoinpoint(ReflectiveMethodInvocation.java:196)
	at org.springframework.aop.framework.ReflectiveMethodInvocation.proceed(ReflectiveMethodInvocation.java:163)
	at org.springframework.aop.framework.CglibAopProxy$CglibMethodInvocation.proceed(CglibAopProxy.java:756)
	at org.springframework.dao.support.PersistenceExceptionTranslationInterceptor.invoke(PersistenceExceptionTranslationInterceptor.java:137)
	at org.springframework.aop.framework.ReflectiveMethodInvocation.proceed(ReflectiveMethodInvocation.java:184)
	at org.springframework.aop.framework.CglibAopProxy$CglibMethodInvocation.proceed(CglibAopProxy.java:756)
	at org.springframework.aop.framework.CglibAopProxy$DynamicAdvisedInterceptor.intercept(CglibAopProxy.java:708)
	at com.pgsb.dao.CocktailDao$$SpringCGLIB$$0.searchCocktail(<generated>)
	at com.pgsb.service.CocktailService.searchCocktails(CocktailService.java:29)
	at com.pgsb.controllers.CocktailController.searchCocktails(CocktailController.java:49)
	at java.base/jdk.internal.reflect.DirectMethodHandleAccessor.invoke(DirectMethodHandleAccessor.java:104)
	at java.base/java.lang.reflect.Method.invoke(Method.java:578)
	at org.springframework.web.method.support.InvocableHandlerMethod.doInvoke(InvocableHandlerMethod.java:205)
	at org.springframework.web.method.support.InvocableHandlerMethod.invokeForRequest(InvocableHandlerMethod.java:150)
	at org.springframework.web.servlet.mvc.method.annotation.ServletInvocableHandlerMethod.invokeAndHandle(ServletInvocableHandlerMethod.java:118)
	at org.springframework.web.servlet.mvc.method.annotation.RequestMappingHandlerAdapter.invokeHandlerMethod(RequestMappingHandlerAdapter.java:884)
	at org.springframework.web.servlet.mvc.method.annotation.RequestMappingHandlerAdapter.handleInternal(RequestMappingHandlerAdapter.java:797)
	at org.springframework.web.servlet.mvc.method.AbstractHandlerMethodAdapter.handle(AbstractHandlerMethodAdapter.java:87)
	at org.springframework.web.servlet.DispatcherServlet.doDispatch(DispatcherServlet.java:1081)
	at org.springframework.web.servlet.DispatcherServlet.doService(DispatcherServlet.java:974)
	at org.springframework.web.servlet.FrameworkServlet.processRequest(FrameworkServlet.java:1011)
	at org.springframework.web.servlet.FrameworkServlet.doGet(FrameworkServlet.java:903)
	at jakarta.servlet.http.HttpServlet.service(HttpServlet.java:564)
	at org.springframework.web.servlet.FrameworkServlet.service(FrameworkServlet.java:885)
	at jakarta.servlet.http.HttpServlet.service(HttpServlet.java:658)
	at org.apache.catalina.core.ApplicationFilterChain.internalDoFilter(ApplicationFilterChain.java:205)
	at org.apache.catalina.core.ApplicationFilterChain.doFilter(ApplicationFilterChain.java:149)
	at org.apache.tomcat.websocket.server.WsFilter.doFilter(WsFilter.java:51)
	at org.apache.catalina.core.ApplicationFilterChain.internalDoFilter(ApplicationFilterChain.java:174)
	at org.apache.catalina.core.ApplicationFilterChain.doFilter(ApplicationFilterChain.java:149)
	at org.springframework.web.filter.RequestContextFilter.doFilterInternal(RequestContextFilter.java:100)
	at org.springframework.web.filter.OncePerRequestFilter.doFilter(OncePerRequestFilter.java:116)
	at org.apache.catalina.core.ApplicationFilterChain.internalDoFilter(ApplicationFilterChain.java:174)
	at org.apache.catalina.core.ApplicationFilterChain.doFilter(ApplicationFilterChain.java:149)
	at org.springframework.web.filter.FormContentFilter.doFilterInternal(FormContentFilter.java:93)
	at org.springframework.web.filter.OncePerRequestFilter.doFilter(OncePerRequestFilter.java:116)
	at org.apache.catalina.core.ApplicationFilterChain.internalDoFilter(ApplicationFilterChain.java:174)
	at org.apache.catalina.core.ApplicationFilterChain.doFilter(ApplicationFilterChain.java:149)
	at org.springframework.web.filter.CharacterEncodingFilter.doFilterInternal(CharacterEncodingFilter.java:201)
	at org.springframework.web.filter.OncePerRequestFilter.doFilter(OncePerRequestFilter.java:116)
	at org.apache.catalina.core.ApplicationFilterChain.internalDoFilter(ApplicationFilterChain.java:174)
	at org.apache.catalina.core.ApplicationFilterChain.doFilter(ApplicationFilterChain.java:149)
	at org.apache.catalina.core.StandardWrapperValve.invoke(StandardWrapperValve.java:166)
	at org.apache.catalina.core.StandardContextValve.invoke(StandardContextValve.java:90)
	at org.apache.catalina.authenticator.AuthenticatorBase.invoke(AuthenticatorBase.java:482)
	at org.apache.catalina.core.StandardHostValve.invoke(StandardHostValve.java:115)
	at org.apache.catalina.valves.ErrorReportValve.invoke(ErrorReportValve.java:93)
	at org.apache.catalina.core.StandardEngineValve.invoke(StandardEngineValve.java:74)
	at org.apache.catalina.connector.CoyoteAdapter.service(CoyoteAdapter.java:341)
	at org.apache.coyote.http11.Http11Processor.service(Http11Processor.java:391)
	at org.apache.coyote.AbstractProcessorLight.process(AbstractProcessorLight.java:63)
	at org.apache.coyote.AbstractProtocol$ConnectionHandler.process(AbstractProtocol.java:894)
	at org.apache.tomcat.util.net.NioEndpoint$SocketProcessor.doRun(NioEndpoint.java:1740)
	at org.apache.tomcat.util.net.SocketProcessorBase.run(SocketProcessorBase.java:52)
	at org.apache.tomcat.util.threads.ThreadPoolExecutor.runWorker(ThreadPoolExecutor.java:1191)
	at org.apache.tomcat.util.threads.ThreadPoolExecutor$Worker.run(ThreadPoolExecutor.java:659)
	at org.apache.tomcat.util.threads.TaskThread$WrappingRunnable.run(TaskThread.java:61)
	at java.base/java.lang.Thread.run(Thread.java:1589)
2023-08-21 20:37:00 - Servlet.service() for servlet [dispatcherServlet] in context with path [] threw exception [Request processing failed: org.springframework.jdbc.BadSqlGrammarException: PreparedStatementCallback; bad SQL grammar [SELECT * FROM cocktail.cocktails_main WHERE fts_combined @@ to_tsquery('english', ?);]] with root cause
org.postgresql.util.PSQLException: ERROR: syntax error in tsquery: "old fashioned"
	at org.postgresql.core.v3.QueryExecutorImpl.receiveErrorResponse(QueryExecutorImpl.java:2713)
	at org.postgresql.core.v3.QueryExecutorImpl.processResults(QueryExecutorImpl.java:2401)
	at org.postgresql.core.v3.QueryExecutorImpl.execute(QueryExecutorImpl.java:368)
	at org.postgresql.jdbc.PgStatement.executeInternal(PgStatement.java:498)
	at org.postgresql.jdbc.PgStatement.execute(PgStatement.java:415)
	at org.postgresql.jdbc.PgPreparedStatement.executeWithFlags(PgPreparedStatement.java:190)
	at org.postgresql.jdbc.PgPreparedStatement.executeQuery(PgPreparedStatement.java:134)
	at com.zaxxer.hikari.pool.ProxyPreparedStatement.executeQuery(ProxyPreparedStatement.java:52)
	at com.zaxxer.hikari.pool.HikariProxyPreparedStatement.executeQuery(HikariProxyPreparedStatement.java)
	at org.springframework.jdbc.core.JdbcTemplate$1.doInPreparedStatement(JdbcTemplate.java:730)
	at org.springframework.jdbc.core.JdbcTemplate.execute(JdbcTemplate.java:656)
	at org.springframework.jdbc.core.JdbcTemplate.query(JdbcTemplate.java:721)
	at org.springframework.jdbc.core.JdbcTemplate.query(JdbcTemplate.java:752)
	at org.springframework.jdbc.core.JdbcTemplate.query(JdbcTemplate.java:765)
	at org.springframework.jdbc.core.JdbcTemplate.query(JdbcTemplate.java:818)
	at com.pgsb.dao.CocktailDao.searchCocktail(CocktailDao.java:41)
	at java.base/jdk.internal.reflect.DirectMethodHandleAccessor.invoke(DirectMethodHandleAccessor.java:104)
	at java.base/java.lang.reflect.Method.invoke(Method.java:578)
	at org.springframework.aop.support.AopUtils.invokeJoinpointUsingReflection(AopUtils.java:343)
	at org.springframework.aop.framework.ReflectiveMethodInvocation.invokeJoinpoint(ReflectiveMethodInvocation.java:196)
	at org.springframework.aop.framework.ReflectiveMethodInvocation.proceed(ReflectiveMethodInvocation.java:163)
	at org.springframework.aop.framework.CglibAopProxy$CglibMethodInvocation.proceed(CglibAopProxy.java:756)
	at org.springframework.dao.support.PersistenceExceptionTranslationInterceptor.invoke(PersistenceExceptionTranslationInterceptor.java:137)
	at org.springframework.aop.framework.ReflectiveMethodInvocation.proceed(ReflectiveMethodInvocation.java:184)
	at org.springframework.aop.framework.CglibAopProxy$CglibMethodInvocation.proceed(CglibAopProxy.java:756)
	at org.springframework.aop.framework.CglibAopProxy$DynamicAdvisedInterceptor.intercept(CglibAopProxy.java:708)
	at com.pgsb.dao.CocktailDao$$SpringCGLIB$$0.searchCocktail(<generated>)
	at com.pgsb.service.CocktailService.searchCocktails(CocktailService.java:29)
	at com.pgsb.controllers.CocktailController.searchCocktails(CocktailController.java:49)
	at java.base/jdk.internal.reflect.DirectMethodHandleAccessor.invoke(DirectMethodHandleAccessor.java:104)
	at java.base/java.lang.reflect.Method.invoke(Method.java:578)
	at org.springframework.web.method.support.InvocableHandlerMethod.doInvoke(InvocableHandlerMethod.java:205)
	at org.springframework.web.method.support.InvocableHandlerMethod.invokeForRequest(InvocableHandlerMethod.java:150)
	at org.springframework.web.servlet.mvc.method.annotation.ServletInvocableHandlerMethod.invokeAndHandle(ServletInvocableHandlerMethod.java:118)
	at org.springframework.web.servlet.mvc.method.annotation.RequestMappingHandlerAdapter.invokeHandlerMethod(RequestMappingHandlerAdapter.java:884)
	at org.springframework.web.servlet.mvc.method.annotation.RequestMappingHandlerAdapter.handleInternal(RequestMappingHandlerAdapter.java:797)
	at org.springframework.web.servlet.mvc.method.AbstractHandlerMethodAdapter.handle(AbstractHandlerMethodAdapter.java:87)
	at org.springframework.web.servlet.DispatcherServlet.doDispatch(DispatcherServlet.java:1081)
	at org.springframework.web.servlet.DispatcherServlet.doService(DispatcherServlet.java:974)
	at org.springframework.web.servlet.FrameworkServlet.processRequest(FrameworkServlet.java:1011)
	at org.springframework.web.servlet.FrameworkServlet.doGet(FrameworkServlet.java:903)
	at jakarta.servlet.http.HttpServlet.service(HttpServlet.java:564)
	at org.springframework.web.servlet.FrameworkServlet.service(FrameworkServlet.java:885)
	at jakarta.servlet.http.HttpServlet.service(HttpServlet.java:658)
	at org.apache.catalina.core.ApplicationFilterChain.internalDoFilter(ApplicationFilterChain.java:205)
	at org.apache.catalina.core.ApplicationFilterChain.doFilter(ApplicationFilterChain.java:149)
	at org.apache.tomcat.websocket.server.WsFilter.doFilter(WsFilter.java:51)
	at org.apache.catalina.core.ApplicationFilterChain.internalDoFilter(ApplicationFilterChain.java:174)
	at org.apache.catalina.core.ApplicationFilterChain.doFilter(ApplicationFilterChain.java:149)
	at org.springframework.web.filter.RequestContextFilter.doFilterInternal(RequestContextFilter.java:100)
	at org.springframework.web.filter.OncePerRequestFilter.doFilter(OncePerRequestFilter.java:116)
	at org.apache.catalina.core.ApplicationFilterChain.internalDoFilter(ApplicationFilterChain.java:174)
	at org.apache.catalina.core.ApplicationFilterChain.doFilter(ApplicationFilterChain.java:149)
	at org.springframework.web.filter.FormContentFilter.doFilterInternal(FormContentFilter.java:93)
	at org.springframework.web.filter.OncePerRequestFilter.doFilter(OncePerRequestFilter.java:116)
	at org.apache.catalina.core.ApplicationFilterChain.internalDoFilter(ApplicationFilterChain.java:174)
	at org.apache.catalina.core.ApplicationFilterChain.doFilter(ApplicationFilterChain.java:149)
	at org.springframework.web.filter.CharacterEncodingFilter.doFilterInternal(CharacterEncodingFilter.java:201)
	at org.springframework.web.filter.OncePerRequestFilter.doFilter(OncePerRequestFilter.java:116)
	at org.apache.catalina.core.ApplicationFilterChain.internalDoFilter(ApplicationFilterChain.java:174)
	at org.apache.catalina.core.ApplicationFilterChain.doFilter(ApplicationFilterChain.java:149)
	at org.apache.catalina.core.StandardWrapperValve.invoke(StandardWrapperValve.java:166)
	at org.apache.catalina.core.StandardContextValve.invoke(StandardContextValve.java:90)
	at org.apache.catalina.authenticator.AuthenticatorBase.invoke(AuthenticatorBase.java:482)
	at org.apache.catalina.core.StandardHostValve.invoke(StandardHostValve.java:115)
	at org.apache.catalina.valves.ErrorReportValve.invoke(ErrorReportValve.java:93)
	at org.apache.catalina.core.StandardEngineValve.invoke(StandardEngineValve.java:74)
	at org.apache.catalina.connector.CoyoteAdapter.service(CoyoteAdapter.java:341)
	at org.apache.coyote.http11.Http11Processor.service(Http11Processor.java:391)
	at org.apache.coyote.AbstractProcessorLight.process(AbstractProcessorLight.java:63)
	at org.apache.coyote.AbstractProtocol$ConnectionHandler.process(AbstractProtocol.java:894)
	at org.apache.tomcat.util.net.NioEndpoint$SocketProcessor.doRun(NioEndpoint.java:1740)
	at org.apache.tomcat.util.net.SocketProcessorBase.run(SocketProcessorBase.java:52)
	at org.apache.tomcat.util.threads.ThreadPoolExecutor.runWorker(ThreadPoolExecutor.java:1191)
	at org.apache.tomcat.util.threads.ThreadPoolExecutor$Worker.run(ThreadPoolExecutor.java:659)
	at org.apache.tomcat.util.threads.TaskThread$WrappingRunnable.run(TaskThread.java:61)
	at java.base/java.lang.Thread.run(Thread.java:1589)
2023-08-21 20:37:02 - Servlet.service() for servlet [dispatcherServlet] in context with path [] threw exception [Request processing failed: org.springframework.jdbc.BadSqlGrammarException: PreparedStatementCallback; bad SQL grammar [SELECT * FROM cocktail.cocktails_main WHERE fts_combined @@ to_tsquery('english', ?);]] with root cause
org.postgresql.util.PSQLException: ERROR: syntax error in tsquery: "old fashion"
	at org.postgresql.core.v3.QueryExecutorImpl.receiveErrorResponse(QueryExecutorImpl.java:2713)
	at org.postgresql.core.v3.QueryExecutorImpl.processResults(QueryExecutorImpl.java:2401)
	at org.postgresql.core.v3.QueryExecutorImpl.execute(QueryExecutorImpl.java:368)
	at org.postgresql.jdbc.PgStatement.executeInternal(PgStatement.java:498)
	at org.postgresql.jdbc.PgStatement.execute(PgStatement.java:415)
	at org.postgresql.jdbc.PgPreparedStatement.executeWithFlags(PgPreparedStatement.java:190)
	at org.postgresql.jdbc.PgPreparedStatement.executeQuery(PgPreparedStatement.java:134)
	at com.zaxxer.hikari.pool.ProxyPreparedStatement.executeQuery(ProxyPreparedStatement.java:52)
	at com.zaxxer.hikari.pool.HikariProxyPreparedStatement.executeQuery(HikariProxyPreparedStatement.java)
	at org.springframework.jdbc.core.JdbcTemplate$1.doInPreparedStatement(JdbcTemplate.java:730)
	at org.springframework.jdbc.core.JdbcTemplate.execute(JdbcTemplate.java:656)
	at org.springframework.jdbc.core.JdbcTemplate.query(JdbcTemplate.java:721)
	at org.springframework.jdbc.core.JdbcTemplate.query(JdbcTemplate.java:752)
	at org.springframework.jdbc.core.JdbcTemplate.query(JdbcTemplate.java:765)
	at org.springframework.jdbc.core.JdbcTemplate.query(JdbcTemplate.java:818)
	at com.pgsb.dao.CocktailDao.searchCocktail(CocktailDao.java:41)
	at java.base/jdk.internal.reflect.DirectMethodHandleAccessor.invoke(DirectMethodHandleAccessor.java:104)
	at java.base/java.lang.reflect.Method.invoke(Method.java:578)
	at org.springframework.aop.support.AopUtils.invokeJoinpointUsingReflection(AopUtils.java:343)
	at org.springframework.aop.framework.ReflectiveMethodInvocation.invokeJoinpoint(ReflectiveMethodInvocation.java:196)
	at org.springframework.aop.framework.ReflectiveMethodInvocation.proceed(ReflectiveMethodInvocation.java:163)
	at org.springframework.aop.framework.CglibAopProxy$CglibMethodInvocation.proceed(CglibAopProxy.java:756)
	at org.springframework.dao.support.PersistenceExceptionTranslationInterceptor.invoke(PersistenceExceptionTranslationInterceptor.java:137)
	at org.springframework.aop.framework.ReflectiveMethodInvocation.proceed(ReflectiveMethodInvocation.java:184)
	at org.springframework.aop.framework.CglibAopProxy$CglibMethodInvocation.proceed(CglibAopProxy.java:756)
	at org.springframework.aop.framework.CglibAopProxy$DynamicAdvisedInterceptor.intercept(CglibAopProxy.java:708)
	at com.pgsb.dao.CocktailDao$$SpringCGLIB$$0.searchCocktail(<generated>)
	at com.pgsb.service.CocktailService.searchCocktails(CocktailService.java:29)
	at com.pgsb.controllers.CocktailController.searchCocktails(CocktailController.java:49)
	at java.base/jdk.internal.reflect.DirectMethodHandleAccessor.invoke(DirectMethodHandleAccessor.java:104)
	at java.base/java.lang.reflect.Method.invoke(Method.java:578)
	at org.springframework.web.method.support.InvocableHandlerMethod.doInvoke(InvocableHandlerMethod.java:205)
	at org.springframework.web.method.support.InvocableHandlerMethod.invokeForRequest(InvocableHandlerMethod.java:150)
	at org.springframework.web.servlet.mvc.method.annotation.ServletInvocableHandlerMethod.invokeAndHandle(ServletInvocableHandlerMethod.java:118)
	at org.springframework.web.servlet.mvc.method.annotation.RequestMappingHandlerAdapter.invokeHandlerMethod(RequestMappingHandlerAdapter.java:884)
	at org.springframework.web.servlet.mvc.method.annotation.RequestMappingHandlerAdapter.handleInternal(RequestMappingHandlerAdapter.java:797)
	at org.springframework.web.servlet.mvc.method.AbstractHandlerMethodAdapter.handle(AbstractHandlerMethodAdapter.java:87)
	at org.springframework.web.servlet.DispatcherServlet.doDispatch(DispatcherServlet.java:1081)
	at org.springframework.web.servlet.DispatcherServlet.doService(DispatcherServlet.java:974)
	at org.springframework.web.servlet.FrameworkServlet.processRequest(FrameworkServlet.java:1011)
	at org.springframework.web.servlet.FrameworkServlet.doGet(FrameworkServlet.java:903)
	at jakarta.servlet.http.HttpServlet.service(HttpServlet.java:564)
	at org.springframework.web.servlet.FrameworkServlet.service(FrameworkServlet.java:885)
	at jakarta.servlet.http.HttpServlet.service(HttpServlet.java:658)
	at org.apache.catalina.core.ApplicationFilterChain.internalDoFilter(ApplicationFilterChain.java:205)
	at org.apache.catalina.core.ApplicationFilterChain.doFilter(ApplicationFilterChain.java:149)
	at org.apache.tomcat.websocket.server.WsFilter.doFilter(WsFilter.java:51)
	at org.apache.catalina.core.ApplicationFilterChain.internalDoFilter(ApplicationFilterChain.java:174)
	at org.apache.catalina.core.ApplicationFilterChain.doFilter(ApplicationFilterChain.java:149)
	at org.springframework.web.filter.RequestContextFilter.doFilterInternal(RequestContextFilter.java:100)
	at org.springframework.web.filter.OncePerRequestFilter.doFilter(OncePerRequestFilter.java:116)
	at org.apache.catalina.core.ApplicationFilterChain.internalDoFilter(ApplicationFilterChain.java:174)
	at org.apache.catalina.core.ApplicationFilterChain.doFilter(ApplicationFilterChain.java:149)
	at org.springframework.web.filter.FormContentFilter.doFilterInternal(FormContentFilter.java:93)
	at org.springframework.web.filter.OncePerRequestFilter.doFilter(OncePerRequestFilter.java:116)
	at org.apache.catalina.core.ApplicationFilterChain.internalDoFilter(ApplicationFilterChain.java:174)
	at org.apache.catalina.core.ApplicationFilterChain.doFilter(ApplicationFilterChain.java:149)
	at org.springframework.web.filter.CharacterEncodingFilter.doFilterInternal(CharacterEncodingFilter.java:201)
	at org.springframework.web.filter.OncePerRequestFilter.doFilter(OncePerRequestFilter.java:116)
	at org.apache.catalina.core.ApplicationFilterChain.internalDoFilter(ApplicationFilterChain.java:174)
	at org.apache.catalina.core.ApplicationFilterChain.doFilter(ApplicationFilterChain.java:149)
	at org.apache.catalina.core.StandardWrapperValve.invoke(StandardWrapperValve.java:166)
	at org.apache.catalina.core.StandardContextValve.invoke(StandardContextValve.java:90)
	at org.apache.catalina.authenticator.AuthenticatorBase.invoke(AuthenticatorBase.java:482)
	at org.apache.catalina.core.StandardHostValve.invoke(StandardHostValve.java:115)
	at org.apache.catalina.valves.ErrorReportValve.invoke(ErrorReportValve.java:93)
	at org.apache.catalina.core.StandardEngineValve.invoke(StandardEngineValve.java:74)
	at org.apache.catalina.connector.CoyoteAdapter.service(CoyoteAdapter.java:341)
	at org.apache.coyote.http11.Http11Processor.service(Http11Processor.java:391)
	at org.apache.coyote.AbstractProcessorLight.process(AbstractProcessorLight.java:63)
	at org.apache.coyote.AbstractProtocol$ConnectionHandler.process(AbstractProtocol.java:894)
	at org.apache.tomcat.util.net.NioEndpoint$SocketProcessor.doRun(NioEndpoint.java:1740)
	at org.apache.tomcat.util.net.SocketProcessorBase.run(SocketProcessorBase.java:52)
	at org.apache.tomcat.util.threads.ThreadPoolExecutor.runWorker(ThreadPoolExecutor.java:1191)
	at org.apache.tomcat.util.threads.ThreadPoolExecutor$Worker.run(ThreadPoolExecutor.java:659)
	at org.apache.tomcat.util.threads.TaskThread$WrappingRunnable.run(TaskThread.java:61)
	at java.base/java.lang.Thread.run(Thread.java:1589)
2023-08-21 21:40:22 - HikariPool-1 - Thread starvation or clock leap detected (housekeeper delta=4m55s191ms).
2023-08-21 22:05:43 - HikariPool-1 - Thread starvation or clock leap detected (housekeeper delta=23m50s937ms).
2023-08-21 22:30:10 - HikariPool-1 - Thread starvation or clock leap detected (housekeeper delta=24m27s502ms).
2023-08-21 22:35:02 - HikariPool-1 - Thread starvation or clock leap detected (housekeeper delta=4m51s883ms).
2023-08-21 23:01:40 - HikariPool-1 - Thread starvation or clock leap detected (housekeeper delta=26m38s128ms).
2023-08-21 23:31:36 - HikariPool-1 - Thread starvation or clock leap detected (housekeeper delta=29m55s604ms).
