2023-09-01 09:04:39 - Starting PgsbApplication using Java 19.0.1 with PID 8636 (/Users/tcloetingh/Desktop/barkeepersindex/pgsb/target/classes started by tcloetingh in /Users/tcloetingh/Desktop/barkeepersindex/pgsb)
2023-09-01 09:04:39 - Running with Spring Boot v3.1.2, Spring v6.0.11
2023-09-01 09:04:39 - No active profile set, falling back to 1 default profile: "default"
2023-09-01 09:04:40 - Bootstrapping Spring Data JDBC repositories in DEFAULT mode.
2023-09-01 09:04:40 - Finished Spring Data repository scanning in 9 ms. Found 0 JDBC repository interfaces.
2023-09-01 09:04:40 - Tomcat initialized with port(s): 8080 (http)
2023-09-01 09:04:40 - Initializing ProtocolHandler ["http-nio-8080"]
2023-09-01 09:04:40 - Starting service [Tomcat]
2023-09-01 09:04:40 - Starting Servlet engine: [Apache Tomcat/10.1.11]
2023-09-01 09:04:40 - Initializing Spring embedded WebApplicationContext
2023-09-01 09:04:40 - Root WebApplicationContext: initialization completed in 794 ms
2023-09-01 09:04:40 - HikariPool-1 - Starting...
2023-09-01 09:04:41 - HikariPool-1 - Exception during pool initialization.
org.postgresql.util.PSQLException: FATAL: password authentication failed for user "pgsb_owner"
	at org.postgresql.core.v3.ConnectionFactoryImpl.doAuthentication(ConnectionFactoryImpl.java:693)
	at org.postgresql.core.v3.ConnectionFactoryImpl.tryConnect(ConnectionFactoryImpl.java:203)
	at org.postgresql.core.v3.ConnectionFactoryImpl.openConnectionImpl(ConnectionFactoryImpl.java:258)
	at org.postgresql.core.ConnectionFactory.openConnection(ConnectionFactory.java:54)
	at org.postgresql.jdbc.PgConnection.<init>(PgConnection.java:263)
	at org.postgresql.Driver.makeConnection(Driver.java:443)
	at org.postgresql.Driver.connect(Driver.java:297)
	at com.zaxxer.hikari.util.DriverDataSource.getConnection(DriverDataSource.java:138)
	at com.zaxxer.hikari.pool.PoolBase.newConnection(PoolBase.java:359)
	at com.zaxxer.hikari.pool.PoolBase.newPoolEntry(PoolBase.java:201)
	at com.zaxxer.hikari.pool.HikariPool.createPoolEntry(HikariPool.java:470)
	at com.zaxxer.hikari.pool.HikariPool.checkFailFast(HikariPool.java:561)
	at com.zaxxer.hikari.pool.HikariPool.<init>(HikariPool.java:100)
	at com.zaxxer.hikari.HikariDataSource.getConnection(HikariDataSource.java:112)
	at org.springframework.jdbc.datasource.DataSourceUtils.fetchConnection(DataSourceUtils.java:160)
	at org.springframework.jdbc.datasource.DataSourceUtils.doGetConnection(DataSourceUtils.java:118)
	at org.springframework.jdbc.datasource.DataSourceUtils.getConnection(DataSourceUtils.java:81)
	at org.springframework.jdbc.core.JdbcTemplate.execute(JdbcTemplate.java:332)
	at org.springframework.data.jdbc.repository.config.DialectResolver$DefaultDialectProvider.getDialect(DialectResolver.java:108)
	at org.springframework.data.jdbc.repository.config.DialectResolver.lambda$getDialect$0(DialectResolver.java:78)
	at java.base/java.util.stream.ReferencePipeline$3$1.accept(ReferencePipeline.java:197)
	at java.base/java.util.ArrayList$ArrayListSpliterator.tryAdvance(ArrayList.java:1602)
	at java.base/java.util.stream.ReferencePipeline.forEachWithCancel(ReferencePipeline.java:129)
	at java.base/java.util.stream.AbstractPipeline.copyIntoWithCancel(AbstractPipeline.java:527)
	at java.base/java.util.stream.AbstractPipeline.copyInto(AbstractPipeline.java:513)
	at java.base/java.util.stream.AbstractPipeline.wrapAndCopyInto(AbstractPipeline.java:499)
	at java.base/java.util.stream.FindOps$FindOp.evaluateSequential(FindOps.java:150)
	at java.base/java.util.stream.AbstractPipeline.evaluate(AbstractPipeline.java:234)
	at java.base/java.util.stream.ReferencePipeline.findFirst(ReferencePipeline.java:647)
	at org.springframework.data.jdbc.repository.config.DialectResolver.getDialect(DialectResolver.java:80)
	at org.springframework.data.jdbc.repository.config.AbstractJdbcConfiguration.jdbcDialect(AbstractJdbcConfiguration.java:223)
	at org.springframework.boot.autoconfigure.data.jdbc.JdbcRepositoriesAutoConfiguration$SpringBootJdbcConfiguration.jdbcDialect(JdbcRepositoriesAutoConfiguration.java:144)
	at java.base/jdk.internal.reflect.DirectMethodHandleAccessor.invoke(DirectMethodHandleAccessor.java:104)
	at java.base/java.lang.reflect.Method.invoke(Method.java:578)
	at org.springframework.beans.factory.support.SimpleInstantiationStrategy.instantiate(SimpleInstantiationStrategy.java:139)
	at org.springframework.beans.factory.support.ConstructorResolver.instantiate(ConstructorResolver.java:655)
	at org.springframework.beans.factory.support.ConstructorResolver.instantiateUsingFactoryMethod(ConstructorResolver.java:647)
	at org.springframework.beans.factory.support.AbstractAutowireCapableBeanFactory.instantiateUsingFactoryMethod(AbstractAutowireCapableBeanFactory.java:1332)
	at org.springframework.beans.factory.support.AbstractAutowireCapableBeanFactory.createBeanInstance(AbstractAutowireCapableBeanFactory.java:1162)
	at org.springframework.beans.factory.support.AbstractAutowireCapableBeanFactory.doCreateBean(AbstractAutowireCapableBeanFactory.java:560)
	at org.springframework.beans.factory.support.AbstractAutowireCapableBeanFactory.createBean(AbstractAutowireCapableBeanFactory.java:520)
	at org.springframework.beans.factory.support.AbstractBeanFactory.lambda$doGetBean$0(AbstractBeanFactory.java:326)
	at org.springframework.beans.factory.support.DefaultSingletonBeanRegistry.getSingleton(DefaultSingletonBeanRegistry.java:234)
	at org.springframework.beans.factory.support.AbstractBeanFactory.doGetBean(AbstractBeanFactory.java:324)
	at org.springframework.beans.factory.support.AbstractBeanFactory.getBean(AbstractBeanFactory.java:225)
	at org.springframework.beans.factory.support.DefaultListableBeanFactory.resolveNamedBean(DefaultListableBeanFactory.java:1310)
	at org.springframework.beans.factory.support.DefaultListableBeanFactory.resolveNamedBean(DefaultListableBeanFactory.java:1271)
	at org.springframework.beans.factory.support.DefaultListableBeanFactory.resolveBean(DefaultListableBeanFactory.java:484)
	at org.springframework.beans.factory.support.DefaultListableBeanFactory.getBean(DefaultListableBeanFactory.java:339)
	at org.springframework.beans.factory.support.DefaultListableBeanFactory.getBean(DefaultListableBeanFactory.java:332)
	at org.springframework.context.support.AbstractApplicationContext.getBean(AbstractApplicationContext.java:1173)
	at org.springframework.data.jdbc.repository.config.AbstractJdbcConfiguration.jdbcCustomConversions(AbstractJdbcConfiguration.java:154)
	at org.springframework.boot.autoconfigure.data.jdbc.JdbcRepositoriesAutoConfiguration$SpringBootJdbcConfiguration.jdbcCustomConversions(JdbcRepositoriesAutoConfiguration.java:121)
	at java.base/jdk.internal.reflect.DirectMethodHandleAccessor.invoke(DirectMethodHandleAccessor.java:104)
	at java.base/java.lang.reflect.Method.invoke(Method.java:578)
	at org.springframework.beans.factory.support.SimpleInstantiationStrategy.instantiate(SimpleInstantiationStrategy.java:139)
	at org.springframework.beans.factory.support.ConstructorResolver.instantiate(ConstructorResolver.java:655)
	at org.springframework.beans.factory.support.ConstructorResolver.instantiateUsingFactoryMethod(ConstructorResolver.java:493)
	at org.springframework.beans.factory.support.AbstractAutowireCapableBeanFactory.instantiateUsingFactoryMethod(AbstractAutowireCapableBeanFactory.java:1332)
	at org.springframework.beans.factory.support.AbstractAutowireCapableBeanFactory.createBeanInstance(AbstractAutowireCapableBeanFactory.java:1162)
	at org.springframework.beans.factory.support.AbstractAutowireCapableBeanFactory.doCreateBean(AbstractAutowireCapableBeanFactory.java:560)
	at org.springframework.beans.factory.support.AbstractAutowireCapableBeanFactory.createBean(AbstractAutowireCapableBeanFactory.java:520)
	at org.springframework.beans.factory.support.AbstractBeanFactory.lambda$doGetBean$0(AbstractBeanFactory.java:326)
	at org.springframework.beans.factory.support.DefaultSingletonBeanRegistry.getSingleton(DefaultSingletonBeanRegistry.java:234)
	at org.springframework.beans.factory.support.AbstractBeanFactory.doGetBean(AbstractBeanFactory.java:324)
	at org.springframework.beans.factory.support.AbstractBeanFactory.getBean(AbstractBeanFactory.java:200)
	at org.springframework.beans.factory.config.DependencyDescriptor.resolveCandidate(DependencyDescriptor.java:254)
	at org.springframework.beans.factory.support.DefaultListableBeanFactory.doResolveDependency(DefaultListableBeanFactory.java:1417)
	at org.springframework.beans.factory.support.DefaultListableBeanFactory.resolveDependency(DefaultListableBeanFactory.java:1337)
	at org.springframework.beans.factory.support.ConstructorResolver.resolveAutowiredArgument(ConstructorResolver.java:888)
	at org.springframework.beans.factory.support.ConstructorResolver.createArgumentArray(ConstructorResolver.java:791)
	at org.springframework.beans.factory.support.ConstructorResolver.instantiateUsingFactoryMethod(ConstructorResolver.java:550)
	at org.springframework.beans.factory.support.AbstractAutowireCapableBeanFactory.instantiateUsingFactoryMethod(AbstractAutowireCapableBeanFactory.java:1332)
	at org.springframework.beans.factory.support.AbstractAutowireCapableBeanFactory.createBeanInstance(AbstractAutowireCapableBeanFactory.java:1162)
	at org.springframework.beans.factory.support.AbstractAutowireCapableBeanFactory.doCreateBean(AbstractAutowireCapableBeanFactory.java:560)
	at org.springframework.beans.factory.support.AbstractAutowireCapableBeanFactory.createBean(AbstractAutowireCapableBeanFactory.java:520)
	at org.springframework.beans.factory.support.AbstractBeanFactory.lambda$doGetBean$0(AbstractBeanFactory.java:326)
	at org.springframework.beans.factory.support.DefaultSingletonBeanRegistry.getSingleton(DefaultSingletonBeanRegistry.java:234)
	at org.springframework.beans.factory.support.AbstractBeanFactory.doGetBean(AbstractBeanFactory.java:324)
	at org.springframework.beans.factory.support.AbstractBeanFactory.getBean(AbstractBeanFactory.java:200)
	at org.springframework.beans.factory.support.DefaultListableBeanFactory.preInstantiateSingletons(DefaultListableBeanFactory.java:973)
	at org.springframework.context.support.AbstractApplicationContext.finishBeanFactoryInitialization(AbstractApplicationContext.java:942)
	at org.springframework.context.support.AbstractApplicationContext.refresh(AbstractApplicationContext.java:608)
	at org.springframework.boot.web.servlet.context.ServletWebServerApplicationContext.refresh(ServletWebServerApplicationContext.java:146)
	at org.springframework.boot.SpringApplication.refresh(SpringApplication.java:734)
	at org.springframework.boot.SpringApplication.refreshContext(SpringApplication.java:436)
	at org.springframework.boot.SpringApplication.run(SpringApplication.java:312)
	at org.springframework.boot.SpringApplication.run(SpringApplication.java:1306)
	at org.springframework.boot.SpringApplication.run(SpringApplication.java:1295)
	at com.pgsb.PgsbApplication.main(PgsbApplication.java:10)
2023-09-01 09:04:41 - Exception encountered during context initialization - cancelling refresh attempt: org.springframework.beans.factory.UnsatisfiedDependencyException: Error creating bean with name 'jdbcMappingContext' defined in class path resource [org/springframework/boot/autoconfigure/data/jdbc/JdbcRepositoriesAutoConfiguration$SpringBootJdbcConfiguration.class]: Unsatisfied dependency expressed through method 'jdbcMappingContext' parameter 1: Error creating bean with name 'jdbcCustomConversions' defined in class path resource [org/springframework/boot/autoconfigure/data/jdbc/JdbcRepositoriesAutoConfiguration$SpringBootJdbcConfiguration.class]: Failed to instantiate [org.springframework.data.jdbc.core.convert.JdbcCustomConversions]: Factory method 'jdbcCustomConversions' threw exception with message: Error creating bean with name 'jdbcDialect' defined in class path resource [org/springframework/boot/autoconfigure/data/jdbc/JdbcRepositoriesAutoConfiguration$SpringBootJdbcConfiguration.class]: Failed to instantiate [org.springframework.data.relational.core.dialect.Dialect]: Factory method 'jdbcDialect' threw exception with message: Failed to obtain JDBC Connection
2023-09-01 09:04:41 - Stopping service [Tomcat]
2023-09-01 09:04:41 - 

Error starting ApplicationContext. To display the condition evaluation report re-run your application with 'debug' enabled.
2023-09-01 09:04:41 - Application run failed
org.springframework.beans.factory.UnsatisfiedDependencyException: Error creating bean with name 'jdbcMappingContext' defined in class path resource [org/springframework/boot/autoconfigure/data/jdbc/JdbcRepositoriesAutoConfiguration$SpringBootJdbcConfiguration.class]: Unsatisfied dependency expressed through method 'jdbcMappingContext' parameter 1: Error creating bean with name 'jdbcCustomConversions' defined in class path resource [org/springframework/boot/autoconfigure/data/jdbc/JdbcRepositoriesAutoConfiguration$SpringBootJdbcConfiguration.class]: Failed to instantiate [org.springframework.data.jdbc.core.convert.JdbcCustomConversions]: Factory method 'jdbcCustomConversions' threw exception with message: Error creating bean with name 'jdbcDialect' defined in class path resource [org/springframework/boot/autoconfigure/data/jdbc/JdbcRepositoriesAutoConfiguration$SpringBootJdbcConfiguration.class]: Failed to instantiate [org.springframework.data.relational.core.dialect.Dialect]: Factory method 'jdbcDialect' threw exception with message: Failed to obtain JDBC Connection
	at org.springframework.beans.factory.support.ConstructorResolver.createArgumentArray(ConstructorResolver.java:800)
	at org.springframework.beans.factory.support.ConstructorResolver.instantiateUsingFactoryMethod(ConstructorResolver.java:550)
	at org.springframework.beans.factory.support.AbstractAutowireCapableBeanFactory.instantiateUsingFactoryMethod(AbstractAutowireCapableBeanFactory.java:1332)
	at org.springframework.beans.factory.support.AbstractAutowireCapableBeanFactory.createBeanInstance(AbstractAutowireCapableBeanFactory.java:1162)
	at org.springframework.beans.factory.support.AbstractAutowireCapableBeanFactory.doCreateBean(AbstractAutowireCapableBeanFactory.java:560)
	at org.springframework.beans.factory.support.AbstractAutowireCapableBeanFactory.createBean(AbstractAutowireCapableBeanFactory.java:520)
	at org.springframework.beans.factory.support.AbstractBeanFactory.lambda$doGetBean$0(AbstractBeanFactory.java:326)
	at org.springframework.beans.factory.support.DefaultSingletonBeanRegistry.getSingleton(DefaultSingletonBeanRegistry.java:234)
	at org.springframework.beans.factory.support.AbstractBeanFactory.doGetBean(AbstractBeanFactory.java:324)
	at org.springframework.beans.factory.support.AbstractBeanFactory.getBean(AbstractBeanFactory.java:200)
	at org.springframework.beans.factory.support.DefaultListableBeanFactory.preInstantiateSingletons(DefaultListableBeanFactory.java:973)
	at org.springframework.context.support.AbstractApplicationContext.finishBeanFactoryInitialization(AbstractApplicationContext.java:942)
	at org.springframework.context.support.AbstractApplicationContext.refresh(AbstractApplicationContext.java:608)
	at org.springframework.boot.web.servlet.context.ServletWebServerApplicationContext.refresh(ServletWebServerApplicationContext.java:146)
	at org.springframework.boot.SpringApplication.refresh(SpringApplication.java:734)
	at org.springframework.boot.SpringApplication.refreshContext(SpringApplication.java:436)
	at org.springframework.boot.SpringApplication.run(SpringApplication.java:312)
	at org.springframework.boot.SpringApplication.run(SpringApplication.java:1306)
	at org.springframework.boot.SpringApplication.run(SpringApplication.java:1295)
	at com.pgsb.PgsbApplication.main(PgsbApplication.java:10)
Caused by: org.springframework.beans.factory.BeanCreationException: Error creating bean with name 'jdbcCustomConversions' defined in class path resource [org/springframework/boot/autoconfigure/data/jdbc/JdbcRepositoriesAutoConfiguration$SpringBootJdbcConfiguration.class]: Failed to instantiate [org.springframework.data.jdbc.core.convert.JdbcCustomConversions]: Factory method 'jdbcCustomConversions' threw exception with message: Error creating bean with name 'jdbcDialect' defined in class path resource [org/springframework/boot/autoconfigure/data/jdbc/JdbcRepositoriesAutoConfiguration$SpringBootJdbcConfiguration.class]: Failed to instantiate [org.springframework.data.relational.core.dialect.Dialect]: Factory method 'jdbcDialect' threw exception with message: Failed to obtain JDBC Connection
	at org.springframework.beans.factory.support.ConstructorResolver.instantiate(ConstructorResolver.java:659)
	at org.springframework.beans.factory.support.ConstructorResolver.instantiateUsingFactoryMethod(ConstructorResolver.java:493)
	at org.springframework.beans.factory.support.AbstractAutowireCapableBeanFactory.instantiateUsingFactoryMethod(AbstractAutowireCapableBeanFactory.java:1332)
	at org.springframework.beans.factory.support.AbstractAutowireCapableBeanFactory.createBeanInstance(AbstractAutowireCapableBeanFactory.java:1162)
	at org.springframework.beans.factory.support.AbstractAutowireCapableBeanFactory.doCreateBean(AbstractAutowireCapableBeanFactory.java:560)
	at org.springframework.beans.factory.support.AbstractAutowireCapableBeanFactory.createBean(AbstractAutowireCapableBeanFactory.java:520)
	at org.springframework.beans.factory.support.AbstractBeanFactory.lambda$doGetBean$0(AbstractBeanFactory.java:326)
	at org.springframework.beans.factory.support.DefaultSingletonBeanRegistry.getSingleton(DefaultSingletonBeanRegistry.java:234)
	at org.springframework.beans.factory.support.AbstractBeanFactory.doGetBean(AbstractBeanFactory.java:324)
	at org.springframework.beans.factory.support.AbstractBeanFactory.getBean(AbstractBeanFactory.java:200)
	at org.springframework.beans.factory.config.DependencyDescriptor.resolveCandidate(DependencyDescriptor.java:254)
	at org.springframework.beans.factory.support.DefaultListableBeanFactory.doResolveDependency(DefaultListableBeanFactory.java:1417)
	at org.springframework.beans.factory.support.DefaultListableBeanFactory.resolveDependency(DefaultListableBeanFactory.java:1337)
	at org.springframework.beans.factory.support.ConstructorResolver.resolveAutowiredArgument(ConstructorResolver.java:888)
	at org.springframework.beans.factory.support.ConstructorResolver.createArgumentArray(ConstructorResolver.java:791)
	... 19 common frames omitted
Caused by: org.springframework.beans.BeanInstantiationException: Failed to instantiate [org.springframework.data.jdbc.core.convert.JdbcCustomConversions]: Factory method 'jdbcCustomConversions' threw exception with message: Error creating bean with name 'jdbcDialect' defined in class path resource [org/springframework/boot/autoconfigure/data/jdbc/JdbcRepositoriesAutoConfiguration$SpringBootJdbcConfiguration.class]: Failed to instantiate [org.springframework.data.relational.core.dialect.Dialect]: Factory method 'jdbcDialect' threw exception with message: Failed to obtain JDBC Connection
	at org.springframework.beans.factory.support.SimpleInstantiationStrategy.instantiate(SimpleInstantiationStrategy.java:171)
	at org.springframework.beans.factory.support.ConstructorResolver.instantiate(ConstructorResolver.java:655)
	... 33 common frames omitted
Caused by: org.springframework.beans.factory.BeanCreationException: Error creating bean with name 'jdbcDialect' defined in class path resource [org/springframework/boot/autoconfigure/data/jdbc/JdbcRepositoriesAutoConfiguration$SpringBootJdbcConfiguration.class]: Failed to instantiate [org.springframework.data.relational.core.dialect.Dialect]: Factory method 'jdbcDialect' threw exception with message: Failed to obtain JDBC Connection
	at org.springframework.beans.factory.support.ConstructorResolver.instantiate(ConstructorResolver.java:659)
	at org.springframework.beans.factory.support.ConstructorResolver.instantiateUsingFactoryMethod(ConstructorResolver.java:647)
	at org.springframework.beans.factory.support.AbstractAutowireCapableBeanFactory.instantiateUsingFactoryMethod(AbstractAutowireCapableBeanFactory.java:1332)
	at org.springframework.beans.factory.support.AbstractAutowireCapableBeanFactory.createBeanInstance(AbstractAutowireCapableBeanFactory.java:1162)
	at org.springframework.beans.factory.support.AbstractAutowireCapableBeanFactory.doCreateBean(AbstractAutowireCapableBeanFactory.java:560)
	at org.springframework.beans.factory.support.AbstractAutowireCapableBeanFactory.createBean(AbstractAutowireCapableBeanFactory.java:520)
	at org.springframework.beans.factory.support.AbstractBeanFactory.lambda$doGetBean$0(AbstractBeanFactory.java:326)
	at org.springframework.beans.factory.support.DefaultSingletonBeanRegistry.getSingleton(DefaultSingletonBeanRegistry.java:234)
	at org.springframework.beans.factory.support.AbstractBeanFactory.doGetBean(AbstractBeanFactory.java:324)
	at org.springframework.beans.factory.support.AbstractBeanFactory.getBean(AbstractBeanFactory.java:225)
	at org.springframework.beans.factory.support.DefaultListableBeanFactory.resolveNamedBean(DefaultListableBeanFactory.java:1310)
	at org.springframework.beans.factory.support.DefaultListableBeanFactory.resolveNamedBean(DefaultListableBeanFactory.java:1271)
	at org.springframework.beans.factory.support.DefaultListableBeanFactory.resolveBean(DefaultListableBeanFactory.java:484)
	at org.springframework.beans.factory.support.DefaultListableBeanFactory.getBean(DefaultListableBeanFactory.java:339)
	at org.springframework.beans.factory.support.DefaultListableBeanFactory.getBean(DefaultListableBeanFactory.java:332)
	at org.springframework.context.support.AbstractApplicationContext.getBean(AbstractApplicationContext.java:1173)
	at org.springframework.data.jdbc.repository.config.AbstractJdbcConfiguration.jdbcCustomConversions(AbstractJdbcConfiguration.java:154)
	at org.springframework.boot.autoconfigure.data.jdbc.JdbcRepositoriesAutoConfiguration$SpringBootJdbcConfiguration.jdbcCustomConversions(JdbcRepositoriesAutoConfiguration.java:121)
	at java.base/jdk.internal.reflect.DirectMethodHandleAccessor.invoke(DirectMethodHandleAccessor.java:104)
	at java.base/java.lang.reflect.Method.invoke(Method.java:578)
	at org.springframework.beans.factory.support.SimpleInstantiationStrategy.instantiate(SimpleInstantiationStrategy.java:139)
	... 34 common frames omitted
Caused by: org.springframework.beans.BeanInstantiationException: Failed to instantiate [org.springframework.data.relational.core.dialect.Dialect]: Factory method 'jdbcDialect' threw exception with message: Failed to obtain JDBC Connection
	at org.springframework.beans.factory.support.SimpleInstantiationStrategy.instantiate(SimpleInstantiationStrategy.java:171)
	at org.springframework.beans.factory.support.ConstructorResolver.instantiate(ConstructorResolver.java:655)
	... 54 common frames omitted
Caused by: org.springframework.jdbc.CannotGetJdbcConnectionException: Failed to obtain JDBC Connection
	at org.springframework.jdbc.datasource.DataSourceUtils.getConnection(DataSourceUtils.java:84)
	at org.springframework.jdbc.core.JdbcTemplate.execute(JdbcTemplate.java:332)
	at org.springframework.data.jdbc.repository.config.DialectResolver$DefaultDialectProvider.getDialect(DialectResolver.java:108)
	at org.springframework.data.jdbc.repository.config.DialectResolver.lambda$getDialect$0(DialectResolver.java:78)
	at java.base/java.util.stream.ReferencePipeline$3$1.accept(ReferencePipeline.java:197)
	at java.base/java.util.ArrayList$ArrayListSpliterator.tryAdvance(ArrayList.java:1602)
	at java.base/java.util.stream.ReferencePipeline.forEachWithCancel(ReferencePipeline.java:129)
	at java.base/java.util.stream.AbstractPipeline.copyIntoWithCancel(AbstractPipeline.java:527)
	at java.base/java.util.stream.AbstractPipeline.copyInto(AbstractPipeline.java:513)
	at java.base/java.util.stream.AbstractPipeline.wrapAndCopyInto(AbstractPipeline.java:499)
	at java.base/java.util.stream.FindOps$FindOp.evaluateSequential(FindOps.java:150)
	at java.base/java.util.stream.AbstractPipeline.evaluate(AbstractPipeline.java:234)
	at java.base/java.util.stream.ReferencePipeline.findFirst(ReferencePipeline.java:647)
	at org.springframework.data.jdbc.repository.config.DialectResolver.getDialect(DialectResolver.java:80)
	at org.springframework.data.jdbc.repository.config.AbstractJdbcConfiguration.jdbcDialect(AbstractJdbcConfiguration.java:223)
	at org.springframework.boot.autoconfigure.data.jdbc.JdbcRepositoriesAutoConfiguration$SpringBootJdbcConfiguration.jdbcDialect(JdbcRepositoriesAutoConfiguration.java:144)
	at java.base/jdk.internal.reflect.DirectMethodHandleAccessor.invoke(DirectMethodHandleAccessor.java:104)
	at java.base/java.lang.reflect.Method.invoke(Method.java:578)
	at org.springframework.beans.factory.support.SimpleInstantiationStrategy.instantiate(SimpleInstantiationStrategy.java:139)
	... 55 common frames omitted
Caused by: org.postgresql.util.PSQLException: FATAL: password authentication failed for user "pgsb_owner"
	at org.postgresql.core.v3.ConnectionFactoryImpl.doAuthentication(ConnectionFactoryImpl.java:693)
	at org.postgresql.core.v3.ConnectionFactoryImpl.tryConnect(ConnectionFactoryImpl.java:203)
	at org.postgresql.core.v3.ConnectionFactoryImpl.openConnectionImpl(ConnectionFactoryImpl.java:258)
	at org.postgresql.core.ConnectionFactory.openConnection(ConnectionFactory.java:54)
	at org.postgresql.jdbc.PgConnection.<init>(PgConnection.java:263)
	at org.postgresql.Driver.makeConnection(Driver.java:443)
	at org.postgresql.Driver.connect(Driver.java:297)
	at com.zaxxer.hikari.util.DriverDataSource.getConnection(DriverDataSource.java:138)
	at com.zaxxer.hikari.pool.PoolBase.newConnection(PoolBase.java:359)
	at com.zaxxer.hikari.pool.PoolBase.newPoolEntry(PoolBase.java:201)
	at com.zaxxer.hikari.pool.HikariPool.createPoolEntry(HikariPool.java:470)
	at com.zaxxer.hikari.pool.HikariPool.checkFailFast(HikariPool.java:561)
	at com.zaxxer.hikari.pool.HikariPool.<init>(HikariPool.java:100)
	at com.zaxxer.hikari.HikariDataSource.getConnection(HikariDataSource.java:112)
	at org.springframework.jdbc.datasource.DataSourceUtils.fetchConnection(DataSourceUtils.java:160)
	at org.springframework.jdbc.datasource.DataSourceUtils.doGetConnection(DataSourceUtils.java:118)
	at org.springframework.jdbc.datasource.DataSourceUtils.getConnection(DataSourceUtils.java:81)
	... 73 common frames omitted
2023-09-01 09:48:58 - Starting PgsbApplication using Java 19.0.1 with PID 9361 (/Users/tcloetingh/Desktop/barkeepersindex/pgsb/target/classes started by tcloetingh in /Users/tcloetingh/Desktop/barkeepersindex/pgsb)
2023-09-01 09:48:58 - Running with Spring Boot v3.1.2, Spring v6.0.11
2023-09-01 09:48:58 - No active profile set, falling back to 1 default profile: "default"
2023-09-01 09:48:58 - Bootstrapping Spring Data JDBC repositories in DEFAULT mode.
2023-09-01 09:48:58 - Finished Spring Data repository scanning in 9 ms. Found 0 JDBC repository interfaces.
2023-09-01 09:48:58 - Tomcat initialized with port(s): 8080 (http)
2023-09-01 09:48:58 - Initializing ProtocolHandler ["http-nio-8080"]
2023-09-01 09:48:58 - Starting service [Tomcat]
2023-09-01 09:48:58 - Starting Servlet engine: [Apache Tomcat/10.1.11]
2023-09-01 09:48:58 - Initializing Spring embedded WebApplicationContext
2023-09-01 09:48:58 - Root WebApplicationContext: initialization completed in 810 ms
2023-09-01 09:48:59 - HikariPool-1 - Starting...
2023-09-01 09:48:59 - HikariPool-1 - Added connection org.postgresql.jdbc.PgConnection@28393e82
2023-09-01 09:48:59 - HikariPool-1 - Start completed.
2023-09-01 09:48:59 - Starting ProtocolHandler ["http-nio-8080"]
2023-09-01 09:48:59 - Tomcat started on port(s): 8080 (http) with context path ''
2023-09-01 09:48:59 - Started PgsbApplication in 2.25 seconds (process running for 2.61)
2023-09-01 09:53:13 - Initializing Spring DispatcherServlet 'dispatcherServlet'
2023-09-01 09:53:13 - Initializing Servlet 'dispatcherServlet'
2023-09-01 09:53:13 - Completed initialization in 4 ms
2023-09-01 09:53:13 - Returning total cocktail count 698
2023-09-01 09:54:07 - HikariPool-1 - Shutdown initiated...
2023-09-01 09:54:07 - HikariPool-1 - Shutdown completed.
2023-09-01 09:54:09 - Starting PgsbApplication using Java 19.0.1 with PID 9441 (/Users/tcloetingh/Desktop/barkeepersindex/pgsb/target/classes started by tcloetingh in /Users/tcloetingh/Desktop/barkeepersindex/pgsb)
2023-09-01 09:54:09 - Running with Spring Boot v3.1.2, Spring v6.0.11
2023-09-01 09:54:09 - No active profile set, falling back to 1 default profile: "default"
2023-09-01 09:54:10 - Bootstrapping Spring Data JDBC repositories in DEFAULT mode.
2023-09-01 09:54:10 - Finished Spring Data repository scanning in 10 ms. Found 0 JDBC repository interfaces.
2023-09-01 09:54:10 - Tomcat initialized with port(s): 8080 (http)
2023-09-01 09:54:10 - Initializing ProtocolHandler ["http-nio-8080"]
2023-09-01 09:54:10 - Starting service [Tomcat]
2023-09-01 09:54:10 - Starting Servlet engine: [Apache Tomcat/10.1.11]
2023-09-01 09:54:10 - Initializing Spring embedded WebApplicationContext
2023-09-01 09:54:10 - Root WebApplicationContext: initialization completed in 899 ms
2023-09-01 09:54:11 - HikariPool-1 - Starting...
2023-09-01 09:54:11 - HikariPool-1 - Added connection org.postgresql.jdbc.PgConnection@724bf25f
2023-09-01 09:54:11 - HikariPool-1 - Start completed.
2023-09-01 09:54:11 - Starting ProtocolHandler ["http-nio-8080"]
2023-09-01 09:54:11 - Tomcat started on port(s): 8080 (http) with context path ''
2023-09-01 09:54:11 - Started PgsbApplication in 2.161 seconds (process running for 2.42)
2023-09-01 09:54:16 - Initializing Spring DispatcherServlet 'dispatcherServlet'
2023-09-01 09:54:16 - Initializing Servlet 'dispatcherServlet'
2023-09-01 09:54:16 - Completed initialization in 1 ms
2023-09-01 09:54:16 - Returning total cocktail count 698
2023-09-01 10:21:13 - HikariPool-1 - Shutdown initiated...
2023-09-01 10:21:13 - HikariPool-1 - Shutdown completed.
2023-09-01 10:42:57 - Starting PgsbApplication using Java 19.0.1 with PID 10357 (/Users/tcloetingh/Desktop/barkeepersindex/pgsb/target/classes started by tcloetingh in /Users/tcloetingh/Desktop/barkeepersindex/pgsb)
2023-09-01 10:42:57 - Running with Spring Boot v3.1.2, Spring v6.0.11
2023-09-01 10:42:57 - No active profile set, falling back to 1 default profile: "default"
2023-09-01 10:42:58 - Bootstrapping Spring Data JDBC repositories in DEFAULT mode.
2023-09-01 10:42:58 - Finished Spring Data repository scanning in 9 ms. Found 0 JDBC repository interfaces.
2023-09-01 10:42:58 - Tomcat initialized with port(s): 8080 (http)
2023-09-01 10:42:58 - Initializing ProtocolHandler ["http-nio-8080"]
2023-09-01 10:42:58 - Starting service [Tomcat]
2023-09-01 10:42:58 - Starting Servlet engine: [Apache Tomcat/10.1.11]
2023-09-01 10:42:58 - Initializing Spring embedded WebApplicationContext
2023-09-01 10:42:58 - Root WebApplicationContext: initialization completed in 884 ms
2023-09-01 10:42:59 - HikariPool-1 - Starting...
2023-09-01 10:42:59 - HikariPool-1 - Added connection org.postgresql.jdbc.PgConnection@28393e82
2023-09-01 10:42:59 - HikariPool-1 - Start completed.
2023-09-01 10:42:59 - Starting ProtocolHandler ["http-nio-8080"]
2023-09-01 10:42:59 - Tomcat started on port(s): 8080 (http) with context path ''
2023-09-01 10:42:59 - Started PgsbApplication in 2.203 seconds (process running for 2.505)
2023-09-01 10:43:26 - Initializing Spring DispatcherServlet 'dispatcherServlet'
2023-09-01 10:43:26 - Initializing Servlet 'dispatcherServlet'
2023-09-01 10:43:26 - Completed initialization in 2 ms
2023-09-01 10:43:26 - Returning total cocktail count 698
2023-09-01 10:43:46 - Returning total cocktail count 698
2023-09-01 10:44:32 - searchTerm: mezcal
2023-09-01 10:45:32 - Returning total cocktail count 698
2023-09-01 11:03:07 - HikariPool-1 - Shutdown initiated...
2023-09-01 11:03:08 - HikariPool-1 - Shutdown completed.
2023-09-01 11:12:29 - Starting PgsbApplication using Java 19.0.1 with PID 10868 (/Users/tcloetingh/Desktop/barkeepersindex/pgsb/target/classes started by tcloetingh in /Users/tcloetingh/Desktop/barkeepersindex/pgsb)
2023-09-01 11:12:29 - Running with Spring Boot v3.1.2, Spring v6.0.11
2023-09-01 11:12:29 - No active profile set, falling back to 1 default profile: "default"
2023-09-01 11:12:30 - Bootstrapping Spring Data JDBC repositories in DEFAULT mode.
2023-09-01 11:12:30 - Finished Spring Data repository scanning in 10 ms. Found 0 JDBC repository interfaces.
2023-09-01 11:12:30 - Tomcat initialized with port(s): 8080 (http)
2023-09-01 11:12:30 - Initializing ProtocolHandler ["http-nio-8080"]
2023-09-01 11:12:30 - Starting service [Tomcat]
2023-09-01 11:12:30 - Starting Servlet engine: [Apache Tomcat/10.1.11]
2023-09-01 11:12:30 - Initializing Spring embedded WebApplicationContext
2023-09-01 11:12:30 - Root WebApplicationContext: initialization completed in 851 ms
2023-09-01 11:12:30 - HikariPool-1 - Starting...
2023-09-01 11:12:31 - HikariPool-1 - Added connection org.postgresql.jdbc.PgConnection@28393e82
2023-09-01 11:12:31 - HikariPool-1 - Start completed.
2023-09-01 11:12:31 - Starting ProtocolHandler ["http-nio-8080"]
2023-09-01 11:12:31 - Tomcat started on port(s): 8080 (http) with context path ''
2023-09-01 11:12:31 - Started PgsbApplication in 2.07 seconds (process running for 2.341)
2023-09-01 11:12:44 - Initializing Spring DispatcherServlet 'dispatcherServlet'
2023-09-01 11:12:44 - Initializing Servlet 'dispatcherServlet'
2023-09-01 11:12:44 - Completed initialization in 2 ms
2023-09-01 11:12:44 - Returning total cocktail count 698
2023-09-01 11:13:23 - searchTerm: mezcal
2023-09-01 11:14:04 - searchTerm: mezcal
2023-09-01 11:14:42 - Returning total cocktail count 698
2023-09-01 11:24:31 - Returning total cocktail count 698
2023-09-01 11:25:02 - searchTerm: 
2023-09-01 11:25:15 - searchTerm: mezcal
2023-09-01 11:26:51 - Returning total cocktail count 698
2023-09-01 11:58:37 - HikariPool-1 - Shutdown initiated...
2023-09-01 11:58:37 - HikariPool-1 - Shutdown completed.
2023-09-01 12:55:39 - Starting PgsbApplication using Java 19.0.1 with PID 12476 (/Users/tcloetingh/Desktop/barkeepersindex/pgsb/target/classes started by tcloetingh in /Users/tcloetingh/Desktop/barkeepersindex/pgsb)
2023-09-01 12:55:39 - Running with Spring Boot v3.1.2, Spring v6.0.11
2023-09-01 12:55:39 - No active profile set, falling back to 1 default profile: "default"
2023-09-01 12:55:39 - Bootstrapping Spring Data JDBC repositories in DEFAULT mode.
2023-09-01 12:55:39 - Finished Spring Data repository scanning in 6 ms. Found 0 JDBC repository interfaces.
2023-09-01 12:55:39 - Tomcat initialized with port(s): 8080 (http)
2023-09-01 12:55:39 - Initializing ProtocolHandler ["http-nio-8080"]
2023-09-01 12:55:39 - Starting service [Tomcat]
2023-09-01 12:55:39 - Starting Servlet engine: [Apache Tomcat/10.1.11]
2023-09-01 12:55:39 - Initializing Spring embedded WebApplicationContext
2023-09-01 12:55:39 - Root WebApplicationContext: initialization completed in 506 ms
2023-09-01 12:55:39 - HikariPool-1 - Starting...
2023-09-01 12:55:40 - HikariPool-1 - Added connection org.postgresql.jdbc.PgConnection@697a0948
2023-09-01 12:55:40 - HikariPool-1 - Start completed.
2023-09-01 12:55:40 - Starting ProtocolHandler ["http-nio-8080"]
2023-09-01 12:55:40 - Tomcat started on port(s): 8080 (http) with context path ''
2023-09-01 12:55:40 - Started PgsbApplication in 1.325 seconds (process running for 1.597)
2023-09-01 12:56:24 - Initializing Spring DispatcherServlet 'dispatcherServlet'
2023-09-01 12:56:24 - Initializing Servlet 'dispatcherServlet'
2023-09-01 12:56:24 - Completed initialization in 7 ms
2023-09-01 12:56:24 - Returning total cocktail count 698
2023-09-01 12:56:50 - HikariPool-1 - Shutdown initiated...
2023-09-01 12:56:51 - HikariPool-1 - Shutdown completed.
2023-09-01 12:56:53 - Starting PgsbApplication using Java 19.0.1 with PID 12529 (/Users/tcloetingh/Desktop/barkeepersindex/pgsb/target/classes started by tcloetingh in /Users/tcloetingh/Desktop/barkeepersindex/pgsb)
2023-09-01 12:56:53 - Running with Spring Boot v3.1.2, Spring v6.0.11
2023-09-01 12:56:53 - No active profile set, falling back to 1 default profile: "default"
2023-09-01 12:56:53 - Bootstrapping Spring Data JDBC repositories in DEFAULT mode.
2023-09-01 12:56:53 - Finished Spring Data repository scanning in 6 ms. Found 0 JDBC repository interfaces.
2023-09-01 12:56:53 - Tomcat initialized with port(s): 8080 (http)
2023-09-01 12:56:53 - Initializing ProtocolHandler ["http-nio-8080"]
2023-09-01 12:56:53 - Starting service [Tomcat]
2023-09-01 12:56:53 - Starting Servlet engine: [Apache Tomcat/10.1.11]
2023-09-01 12:56:53 - Initializing Spring embedded WebApplicationContext
2023-09-01 12:56:53 - Root WebApplicationContext: initialization completed in 664 ms
2023-09-01 12:56:54 - HikariPool-1 - Starting...
2023-09-01 12:56:54 - HikariPool-1 - Added connection org.postgresql.jdbc.PgConnection@28393e82
2023-09-01 12:56:54 - HikariPool-1 - Start completed.
2023-09-01 12:56:54 - Starting ProtocolHandler ["http-nio-8080"]
2023-09-01 12:56:54 - Tomcat started on port(s): 8080 (http) with context path ''
2023-09-01 12:56:54 - Started PgsbApplication in 1.554 seconds (process running for 1.898)
2023-09-01 12:56:59 - Initializing Spring DispatcherServlet 'dispatcherServlet'
2023-09-01 12:56:59 - Initializing Servlet 'dispatcherServlet'
2023-09-01 12:56:59 - Completed initialization in 3 ms
2023-09-01 12:56:59 - Returning total cocktail count 698
2023-09-01 12:57:14 - HikariPool-1 - Shutdown initiated...
2023-09-01 12:57:15 - HikariPool-1 - Shutdown completed.
2023-09-01 12:57:16 - Starting PgsbApplication using Java 19.0.1 with PID 12543 (/Users/tcloetingh/Desktop/barkeepersindex/pgsb/target/classes started by tcloetingh in /Users/tcloetingh/Desktop/barkeepersindex/pgsb)
2023-09-01 12:57:16 - Running with Spring Boot v3.1.2, Spring v6.0.11
2023-09-01 12:57:16 - No active profile set, falling back to 1 default profile: "default"
2023-09-01 12:57:16 - Bootstrapping Spring Data JDBC repositories in DEFAULT mode.
2023-09-01 12:57:16 - Finished Spring Data repository scanning in 7 ms. Found 0 JDBC repository interfaces.
2023-09-01 12:57:17 - Tomcat initialized with port(s): 8080 (http)
2023-09-01 12:57:17 - Initializing ProtocolHandler ["http-nio-8080"]
2023-09-01 12:57:17 - Starting service [Tomcat]
2023-09-01 12:57:17 - Starting Servlet engine: [Apache Tomcat/10.1.11]
2023-09-01 12:57:17 - Initializing Spring embedded WebApplicationContext
2023-09-01 12:57:17 - Root WebApplicationContext: initialization completed in 450 ms
2023-09-01 12:57:17 - HikariPool-1 - Starting...
2023-09-01 12:57:17 - HikariPool-1 - Added connection org.postgresql.jdbc.PgConnection@773c2214
2023-09-01 12:57:17 - HikariPool-1 - Start completed.
2023-09-01 12:57:17 - Starting ProtocolHandler ["http-nio-8080"]
2023-09-01 12:57:17 - Tomcat started on port(s): 8080 (http) with context path ''
2023-09-01 12:57:17 - Started PgsbApplication in 1.231 seconds (process running for 1.383)
2023-09-01 12:57:21 - Initializing Spring DispatcherServlet 'dispatcherServlet'
2023-09-01 12:57:21 - Initializing Servlet 'dispatcherServlet'
2023-09-01 12:57:21 - Completed initialization in 0 ms
2023-09-01 12:57:21 - Returning total cocktail count 698
2023-09-01 13:00:32 - Returning total cocktail count 698
2023-09-01 13:04:17 - Returning total cocktail count 698
2023-09-01 13:15:42 - Returning total cocktail count 698
2023-09-01 13:15:54 - Returning total cocktail count 698
2023-09-01 13:16:21 - Returning total cocktail count 698
2023-09-01 13:19:28 - Returning total cocktail count 698
2023-09-01 13:19:29 - Returning total cocktail count 698
2023-09-01 13:19:30 - Returning total cocktail count 698
2023-09-01 13:19:32 - Returning total cocktail count 698
2023-09-01 13:19:33 - Returning total cocktail count 698
2023-09-01 13:41:53 - Returning total cocktail count 698
2023-09-01 13:41:56 - Returning total cocktail count 698
2023-09-01 14:11:30 - HikariPool-1 - Shutdown initiated...
2023-09-01 14:11:30 - HikariPool-1 - Shutdown completed.
