2023-09-11 19:45:59 - Starting PgsbApplication using Java 19.0.1 with PID 46872 (/Users/tcloetingh/Desktop/barkeepersindex/pgsb/target/classes started by tcloetingh in /Users/tcloetingh/Desktop/barkeepersindex/pgsb)
2023-09-11 19:45:59 - Running with Spring Boot v3.1.2, Spring v6.0.11
2023-09-11 19:45:59 - No active profile set, falling back to 1 default profile: "default"
2023-09-11 19:46:00 - Bootstrapping Spring Data JDBC repositories in DEFAULT mode.
2023-09-11 19:46:00 - Finished Spring Data repository scanning in 7 ms. Found 0 JDBC repository interfaces.
2023-09-11 19:46:00 - Tomcat initialized with port(s): 8080 (http)
2023-09-11 19:46:00 - Initializing ProtocolHandler ["http-nio-8080"]
2023-09-11 19:46:00 - Starting service [Tomcat]
2023-09-11 19:46:00 - Starting Servlet engine: [Apache Tomcat/10.1.11]
2023-09-11 19:46:00 - Initializing Spring embedded WebApplicationContext
2023-09-11 19:46:00 - Root WebApplicationContext: initialization completed in 752 ms
2023-09-11 19:46:00 - HikariPool-1 - Starting...
2023-09-11 19:46:01 - HikariPool-1 - Added connection org.postgresql.jdbc.PgConnection@7418d76e
2023-09-11 19:46:01 - HikariPool-1 - Start completed.
2023-09-11 19:46:01 - Starting ProtocolHandler ["http-nio-8080"]
2023-09-11 19:46:01 - Tomcat started on port(s): 8080 (http) with context path ''
2023-09-11 19:46:01 - Started PgsbApplication in 1.98 seconds (process running for 2.281)
2023-09-11 19:46:15 - Initializing Spring DispatcherServlet 'dispatcherServlet'
2023-09-11 19:46:15 - Initializing Servlet 'dispatcherServlet'
2023-09-11 19:46:15 - Completed initialization in 3 ms
2023-09-11 19:46:16 - Returning total cocktail count 4114
2023-09-11 19:47:16 - Returning total cocktail count 4114
2023-09-11 19:47:27 - Returning total cocktail count 4114
2023-09-11 19:47:40 - Returning total cocktail count 4114
2023-09-11 19:48:09 - Returning total cocktail count 4114
2023-09-11 19:51:04 - Returning total cocktail count 4114
2023-09-11 19:51:09 - Returning total cocktail count 4114
2023-09-11 19:51:49 - Returning total cocktail count 4114
2023-09-11 19:56:05 - Returning total cocktail count 4114
2023-09-11 19:56:31 - Returning total cocktail count 4114
2023-09-11 19:56:32 - Returning total cocktail count 4114
2023-09-11 19:56:53 - Returning total cocktail count 4114
2023-09-11 19:57:40 - Returning total cocktail count 4114
2023-09-11 20:00:48 - Returning total cocktail count 4114
2023-09-11 20:00:58 - Returning total cocktail count 4114
2023-09-11 20:02:56 - Returning total cocktail count 4114
2023-09-11 20:03:04 - Returning total cocktail count 4114
2023-09-11 20:03:09 - Returning total cocktail count 4114
2023-09-11 20:03:12 - Returning total cocktail count 4114
2023-09-11 20:04:35 - Returning total cocktail count 4114
2023-09-11 20:05:18 - Returning total cocktail count 4114
2023-09-11 20:06:34 - Returning total cocktail count 4114
2023-09-11 20:07:44 - Returning total cocktail count 4114
2023-09-11 20:07:56 - Returning total cocktail count 4114
2023-09-11 20:08:10 - Returning total cocktail count 4114
2023-09-11 20:08:15 - Returning total cocktail count 4114
2023-09-11 20:08:21 - Returning total cocktail count 4114
2023-09-11 20:08:45 - Returning total cocktail count 4114
2023-09-11 20:09:16 - Returning total cocktail count 4114
2023-09-11 20:10:06 - Returning total cocktail count 4114
2023-09-11 20:11:22 - Returning total cocktail count 4114
2023-09-11 20:11:39 - Returning total cocktail count 4114
2023-09-11 20:12:24 - Returning total cocktail count 4114
2023-09-11 20:13:15 - Returning total cocktail count 4114
2023-09-11 20:13:21 - Returning total cocktail count 4114
2023-09-11 20:16:08 - Returning total cocktail count 4114
2023-09-11 20:16:29 - Returning total cocktail count 4114
2023-09-11 20:17:22 - Returning total cocktail count 4114
2023-09-11 20:17:39 - Returning total cocktail count 4114
2023-09-11 20:18:29 - Returning total cocktail count 4114
2023-09-11 20:18:50 - Returning total cocktail count 4114
2023-09-11 20:19:06 - Returning total cocktail count 4114
2023-09-11 20:20:50 - Returning total cocktail count 4114
2023-09-11 20:21:17 - Returning total cocktail count 4114
2023-09-11 20:21:46 - Returning total cocktail count 4114
2023-09-11 20:22:21 - Returning total cocktail count 4114
2023-09-11 20:24:15 - Returning total cocktail count 4114
2023-09-11 20:24:34 - Returning total cocktail count 4114
2023-09-11 20:24:44 - Returning total cocktail count 4114
2023-09-11 20:25:32 - Returning total cocktail count 4114
2023-09-11 20:25:45 - Returning total cocktail count 4114
2023-09-11 20:25:55 - Returning total cocktail count 4114
2023-09-11 20:30:40 - Returning total cocktail count 4114
2023-09-11 20:31:05 - Returning total cocktail count 4114
2023-09-11 20:31:15 - Returning total cocktail count 4114
2023-09-11 20:31:20 - Returning total cocktail count 4114
2023-09-11 20:31:40 - Returning total cocktail count 4114
2023-09-11 20:32:16 - Returning total cocktail count 4114
2023-09-11 20:32:37 - Returning total cocktail count 4114
2023-09-11 20:32:48 - Returning total cocktail count 4114
2023-09-11 20:33:37 - Returning total cocktail count 4114
2023-09-11 20:33:41 - Returning total cocktail count 4114
2023-09-11 20:33:52 - Returning total cocktail count 4114
2023-09-11 20:34:57 - Returning total cocktail count 4114
2023-09-11 20:35:09 - Returning total cocktail count 4114
2023-09-11 20:36:38 - Returning total cocktail count 4114
2023-09-11 20:37:57 - Returning total cocktail count 4114
2023-09-11 20:38:32 - Returning total cocktail count 4114
2023-09-11 20:38:51 - Returning total cocktail count 4114
2023-09-11 20:39:02 - Returning total cocktail count 4114
2023-09-11 20:39:56 - Returning total cocktail count 4114
2023-09-11 20:40:27 - Returning total cocktail count 4114
2023-09-11 20:40:47 - Returning total cocktail count 4114
2023-09-11 20:41:44 - Returning total cocktail count 4114
2023-09-11 20:42:23 - Returning total cocktail count 4114
2023-09-11 20:42:35 - Returning total cocktail count 4114
2023-09-11 20:43:07 - Returning total cocktail count 4114
2023-09-11 20:44:01 - Returning total cocktail count 4114
2023-09-11 20:44:48 - Returning total cocktail count 4114
2023-09-11 20:46:37 - Returning total cocktail count 4114
2023-09-11 20:46:51 - Returning total cocktail count 4114
2023-09-11 20:48:02 - Returning total cocktail count 4114
2023-09-11 20:48:31 - Returning total cocktail count 4114
2023-09-11 20:49:40 - Returning total cocktail count 4114
2023-09-11 20:50:53 - Returning total cocktail count 4114
2023-09-11 20:51:25 - Returning total cocktail count 4114
2023-09-11 20:51:44 - Returning total cocktail count 4114
2023-09-11 20:52:33 - Returning total cocktail count 4114
2023-09-11 20:52:40 - Returning total cocktail count 4114
2023-09-11 20:52:48 - Returning total cocktail count 4114
2023-09-11 20:59:51 - Returning total cocktail count 4114
2023-09-11 20:59:57 - Returning total cocktail count 4114
2023-09-11 21:03:02 - Returning total cocktail count 4114
2023-09-11 21:03:53 - Returning total cocktail count 4114
2023-09-11 21:04:18 - Returning total cocktail count 4114
2023-09-11 21:04:48 - Returning total cocktail count 4114
2023-09-11 21:05:04 - Returning total cocktail count 4114
2023-09-11 21:05:14 - Returning total cocktail count 4114
2023-09-11 21:05:56 - Returning total cocktail count 4114
2023-09-11 21:06:03 - Returning total cocktail count 4114
2023-09-11 21:06:39 - Returning total cocktail count 4114
2023-09-11 21:07:01 - Returning total cocktail count 4114
2023-09-11 21:08:38 - Returning total cocktail count 4114
2023-09-11 21:08:48 - Returning total cocktail count 4114
2023-09-11 21:12:16 - Returning total cocktail count 4114
2023-09-11 21:13:21 - Returning total cocktail count 4114
2023-09-11 21:13:34 - Returning total cocktail count 4114
2023-09-11 21:22:30 - Returning total cocktail count 4114
2023-09-11 21:22:45 - Returning total cocktail count 4114
2023-09-11 21:22:57 - Returning total cocktail count 4114
2023-09-11 21:23:23 - Returning total cocktail count 4114
2023-09-11 21:24:04 - Returning total cocktail count 4114
2023-09-11 21:24:14 - Returning total cocktail count 4114
2023-09-11 21:25:05 - Returning total cocktail count 4114
2023-09-11 21:25:16 - Returning total cocktail count 4114
2023-09-11 21:28:30 - Returning total cocktail count 4114
2023-09-11 21:28:48 - Returning total cocktail count 4114
2023-09-11 21:37:08 - HikariPool-1 - Thread starvation or clock leap detected (housekeeper delta=7m36s199ms).
2023-09-11 21:43:32 - HikariPool-1 - Thread starvation or clock leap detected (housekeeper delta=6m23s918ms).
2023-09-11 21:45:54 - HikariPool-1 - Thread starvation or clock leap detected (housekeeper delta=2m21s818ms).
2023-09-11 21:47:55 - HikariPool-1 - Thread starvation or clock leap detected (housekeeper delta=2m1s460ms).
2023-09-11 21:49:11 - HikariPool-1 - Thread starvation or clock leap detected (housekeeper delta=1m15s673ms).
2023-09-11 21:50:29 - HikariPool-1 - Thread starvation or clock leap detected (housekeeper delta=1m18s353ms).
2023-09-11 21:52:48 - HikariPool-1 - Thread starvation or clock leap detected (housekeeper delta=1m33s881ms).
2023-09-11 21:58:04 - HikariPool-1 - Thread starvation or clock leap detected (housekeeper delta=5m16s269ms).
2023-09-11 21:59:36 - HikariPool-1 - Thread starvation or clock leap detected (housekeeper delta=1m31s496ms).
2023-09-11 22:01:04 - HikariPool-1 - Thread starvation or clock leap detected (housekeeper delta=1m28s368ms).
2023-09-11 22:02:37 - HikariPool-1 - Thread starvation or clock leap detected (housekeeper delta=1m32s700ms).
2023-09-11 22:08:41 - HikariPool-1 - Thread starvation or clock leap detected (housekeeper delta=6m3s842ms).
2023-09-11 22:30:18 - HikariPool-1 - Thread starvation or clock leap detected (housekeeper delta=21m37s997ms).
2023-09-11 22:38:28 - HikariPool-1 - Thread starvation or clock leap detected (housekeeper delta=8m9s521ms).
2023-09-11 22:40:14 - HikariPool-1 - Thread starvation or clock leap detected (housekeeper delta=1m46s278ms).
2023-09-11 22:41:59 - HikariPool-1 - Thread starvation or clock leap detected (housekeeper delta=1m45s60ms).
2023-09-11 22:44:15 - HikariPool-1 - Thread starvation or clock leap detected (housekeeper delta=2m15s593ms).
2023-09-11 22:45:35 - HikariPool-1 - Thread starvation or clock leap detected (housekeeper delta=1m19s874ms).
2023-09-11 22:47:51 - HikariPool-1 - Thread starvation or clock leap detected (housekeeper delta=2m16s574ms).
2023-09-11 22:54:36 - HikariPool-1 - Thread starvation or clock leap detected (housekeeper delta=6m45s5ms).
2023-09-11 23:16:37 - HikariPool-1 - Thread starvation or clock leap detected (housekeeper delta=22m906ms).
2023-09-11 23:25:41 - HikariPool-1 - Thread starvation or clock leap detected (housekeeper delta=9m3s220ms).
2023-09-11 23:31:11 - HikariPool-1 - Thread starvation or clock leap detected (housekeeper delta=5m30s71ms).
2023-09-11 23:48:11 - HikariPool-1 - Thread starvation or clock leap detected (housekeeper delta=17m219ms).
