2023-09-07 00:56:19 - HikariPool-1 - Thread starvation or clock leap detected (housekeeper delta=1h8m15s331ms).
2023-09-07 01:02:39 - HikariPool-1 - Thread starvation or clock leap detected (housekeeper delta=6m20s117ms).
2023-09-07 01:14:51 - HikariPool-1 - Thread starvation or clock leap detected (housekeeper delta=12m12s562ms).
2023-09-07 01:30:24 - HikariPool-1 - Thread starvation or clock leap detected (housekeeper delta=15m32s703ms).
2023-09-07 02:29:40 - HikariPool-1 - Thread starvation or clock leap detected (housekeeper delta=59m15s907ms).
2023-09-07 03:01:51 - HikariPool-1 - Thread starvation or clock leap detected (housekeeper delta=32m11s360ms).
2023-09-07 04:08:12 - HikariPool-1 - Thread starvation or clock leap detected (housekeeper delta=1h6m21s76ms).
2023-09-07 05:12:12 - HikariPool-1 - Thread starvation or clock leap detected (housekeeper delta=1h4m120ms).
2023-09-07 06:20:12 - HikariPool-1 - Thread starvation or clock leap detected (housekeeper delta=1h7m59s922ms).
2023-09-07 07:03:09 - HikariPool-1 - Thread starvation or clock leap detected (housekeeper delta=42m56s310ms).
2023-09-07 07:59:18 - HikariPool-1 - Thread starvation or clock leap detected (housekeeper delta=56m9s268ms).
2023-09-07 08:25:40 - HikariPool-1 - Thread starvation or clock leap detected (housekeeper delta=26m22s363ms).
2023-09-07 08:43:49 - HikariPool-1 - Thread starvation or clock leap detected (housekeeper delta=18m8s528ms).
2023-09-07 08:53:55 - HikariPool-1 - Thread starvation or clock leap detected (housekeeper delta=10m5s918ms).
2023-09-07 08:56:52 - HikariPool-1 - Thread starvation or clock leap detected (housekeeper delta=2m57s91ms).
2023-09-07 09:01:09 - HikariPool-1 - Thread starvation or clock leap detected (housekeeper delta=4m17s8ms).
2023-09-07 09:27:46 - HikariPool-1 - Thread starvation or clock leap detected (housekeeper delta=26m37s307ms).
2023-09-07 09:31:25 - HikariPool-1 - Thread starvation or clock leap detected (housekeeper delta=3m38s836ms).
2023-09-07 09:36:59 - HikariPool-1 - Thread starvation or clock leap detected (housekeeper delta=5m34s225ms).
2023-09-07 09:43:51 - HikariPool-1 - Thread starvation or clock leap detected (housekeeper delta=6m51s344ms).
2023-09-07 09:46:46 - HikariPool-1 - Thread starvation or clock leap detected (housekeeper delta=2m55s215ms).
2023-09-07 09:48:28 - HikariPool-1 - Thread starvation or clock leap detected (housekeeper delta=1m3s497ms).
2023-09-07 09:49:21 - HikariPool-1 - Thread starvation or clock leap detected (housekeeper delta=53s93ms).
2023-09-07 09:50:33 - HikariPool-1 - Thread starvation or clock leap detected (housekeeper delta=1m11s952ms).
2023-09-07 09:51:30 - HikariPool-1 - Thread starvation or clock leap detected (housekeeper delta=57s1ms).
2023-09-07 09:55:45 - HikariPool-1 - Thread starvation or clock leap detected (housekeeper delta=4m14s799ms).
2023-09-07 10:02:07 - HikariPool-1 - Thread starvation or clock leap detected (housekeeper delta=6m21s915ms).
2023-09-07 10:04:09 - HikariPool-1 - Thread starvation or clock leap detected (housekeeper delta=2m1s703ms).
2023-09-07 10:08:01 - HikariPool-1 - Thread starvation or clock leap detected (housekeeper delta=2m22s621ms).
2023-09-07 10:35:13 - HikariPool-1 - Thread starvation or clock leap detected (housekeeper delta=27m11s804ms).
2023-09-07 11:23:43 - HikariPool-1 - Thread starvation or clock leap detected (housekeeper delta=48m29s837ms).
2023-09-07 11:34:13 - HikariPool-1 - Thread starvation or clock leap detected (housekeeper delta=10m29s766ms).
2023-09-07 11:42:41 - HikariPool-1 - Thread starvation or clock leap detected (housekeeper delta=8m28s583ms).
2023-09-07 11:52:14 - HikariPool-1 - Thread starvation or clock leap detected (housekeeper delta=9m33s231ms).
2023-09-07 11:54:52 - HikariPool-1 - Thread starvation or clock leap detected (housekeeper delta=2m37s970ms).
2023-09-07 12:17:23 - HikariPool-1 - Thread starvation or clock leap detected (housekeeper delta=22m30s99ms).
2023-09-07 12:24:58 - HikariPool-1 - Thread starvation or clock leap detected (housekeeper delta=7m35s301ms).
2023-09-07 12:29:54 - HikariPool-1 - Thread starvation or clock leap detected (housekeeper delta=4m56s269ms).
2023-09-07 12:30:48 - HikariPool-1 - Thread starvation or clock leap detected (housekeeper delta=54s272ms).
2023-09-07 12:31:38 - HikariPool-1 - Thread starvation or clock leap detected (housekeeper delta=49s537ms).
2023-09-07 12:32:57 - HikariPool-1 - Thread starvation or clock leap detected (housekeeper delta=1m19s173ms).
2023-09-07 12:39:12 - HikariPool-1 - Thread starvation or clock leap detected (housekeeper delta=6m15s196ms).
2023-09-07 12:42:28 - HikariPool-1 - Thread starvation or clock leap detected (housekeeper delta=3m16s125ms).
2023-09-07 12:44:09 - HikariPool-1 - Thread starvation or clock leap detected (housekeeper delta=1m41s63ms).
2023-09-07 12:45:17 - HikariPool-1 - Thread starvation or clock leap detected (housekeeper delta=1m7s729ms).
2023-09-07 12:46:29 - HikariPool-1 - Thread starvation or clock leap detected (housekeeper delta=1m11s799ms).
2023-09-07 12:49:00 - HikariPool-1 - Thread starvation or clock leap detected (housekeeper delta=2m31s148ms).
2023-09-07 12:52:12 - HikariPool-1 - Thread starvation or clock leap detected (housekeeper delta=3m11s738ms).
2023-09-07 12:53:49 - HikariPool-1 - Thread starvation or clock leap detected (housekeeper delta=1m37s484ms).
2023-09-07 12:55:17 - HikariPool-1 - Thread starvation or clock leap detected (housekeeper delta=1m27s414ms).
2023-09-07 12:56:48 - HikariPool-1 - Thread starvation or clock leap detected (housekeeper delta=1m31s103ms).
2023-09-07 12:59:24 - HikariPool-1 - Thread starvation or clock leap detected (housekeeper delta=2m36s123ms).
2023-09-07 13:00:55 - HikariPool-1 - Thread starvation or clock leap detected (housekeeper delta=1m31s175ms).
2023-09-07 13:52:48 - HikariPool-1 - Thread starvation or clock leap detected (housekeeper delta=51m52s786ms).
2023-09-07 13:56:33 - HikariPool-1 - Thread starvation or clock leap detected (housekeeper delta=3m45s435ms).
2023-09-07 13:58:47 - HikariPool-1 - Thread starvation or clock leap detected (housekeeper delta=1m30s369ms).
2023-09-07 14:00:20 - HikariPool-1 - Thread starvation or clock leap detected (housekeeper delta=1m33s1ms).
2023-09-07 14:01:42 - HikariPool-1 - Thread starvation or clock leap detected (housekeeper delta=1m22s386ms).
2023-09-07 14:11:50 - HikariPool-1 - Thread starvation or clock leap detected (housekeeper delta=10m7s365ms).
2023-09-07 14:37:00 - HikariPool-1 - Thread starvation or clock leap detected (housekeeper delta=25m9s806ms).
2023-09-07 14:39:55 - HikariPool-1 - Thread starvation or clock leap detected (housekeeper delta=2m55s640ms).
2023-09-07 14:42:11 - HikariPool-1 - Thread starvation or clock leap detected (housekeeper delta=2m15s770ms).
2023-09-07 14:43:12 - HikariPool-1 - Thread starvation or clock leap detected (housekeeper delta=1m680ms).
2023-09-07 14:45:01 - HikariPool-1 - Thread starvation or clock leap detected (housekeeper delta=1m49s114ms).
2023-09-07 15:07:16 - HikariPool-1 - Thread starvation or clock leap detected (housekeeper delta=22m15s371ms).
2023-09-07 15:13:02 - HikariPool-1 - Thread starvation or clock leap detected (housekeeper delta=5m45s944ms).
2023-09-07 15:20:32 - HikariPool-1 - Thread starvation or clock leap detected (housekeeper delta=7m29s504ms).
2023-09-07 15:21:56 - HikariPool-1 - Thread starvation or clock leap detected (housekeeper delta=1m24s623ms).
2023-09-07 15:27:20 - HikariPool-1 - Thread starvation or clock leap detected (housekeeper delta=5m23s370ms).
2023-09-07 15:29:19 - HikariPool-1 - Thread starvation or clock leap detected (housekeeper delta=1m59s566ms).
2023-09-07 15:31:57 - HikariPool-1 - Thread starvation or clock leap detected (housekeeper delta=2m38s330ms).
2023-09-07 15:47:07 - HikariPool-1 - Thread starvation or clock leap detected (housekeeper delta=15m9s348ms).
2023-09-07 16:02:07 - HikariPool-1 - Thread starvation or clock leap detected (housekeeper delta=15m676ms).
2023-09-07 16:04:14 - HikariPool-1 - Thread starvation or clock leap detected (housekeeper delta=2m6s635ms).
2023-09-07 16:06:34 - HikariPool-1 - Thread starvation or clock leap detected (housekeeper delta=2m20s187ms).
2023-09-07 16:09:05 - HikariPool-1 - Thread starvation or clock leap detected (housekeeper delta=2m31s84ms).
2023-09-07 16:11:19 - HikariPool-1 - Thread starvation or clock leap detected (housekeeper delta=2m13s893ms).
2023-09-07 16:12:08 - HikariPool-1 - Thread starvation or clock leap detected (housekeeper delta=48s829ms).
2023-09-07 16:16:38 - HikariPool-1 - Thread starvation or clock leap detected (housekeeper delta=4m30s393ms).
2023-09-07 16:32:28 - HikariPool-1 - Thread starvation or clock leap detected (housekeeper delta=15m49s697ms).
2023-09-07 16:33:43 - HikariPool-1 - Thread starvation or clock leap detected (housekeeper delta=1m14s485ms).
2023-09-07 16:38:57 - HikariPool-1 - Thread starvation or clock leap detected (housekeeper delta=5m14s402ms).
2023-09-07 16:39:57 - HikariPool-1 - Thread starvation or clock leap detected (housekeeper delta=59s630ms).
2023-09-07 16:42:08 - HikariPool-1 - Thread starvation or clock leap detected (housekeeper delta=2m11s671ms).
2023-09-07 16:45:13 - HikariPool-1 - Thread starvation or clock leap detected (housekeeper delta=3m5s7ms).
2023-09-07 16:47:03 - HikariPool-1 - Thread starvation or clock leap detected (housekeeper delta=1m49s191ms).
2023-09-07 16:47:58 - HikariPool-1 - Thread starvation or clock leap detected (housekeeper delta=55s90ms).
2023-09-07 16:49:33 - HikariPool-1 - Thread starvation or clock leap detected (housekeeper delta=1m35s196ms).
2023-09-07 16:52:27 - HikariPool-1 - Thread starvation or clock leap detected (housekeeper delta=2m53s749ms).
2023-09-07 17:01:40 - HikariPool-1 - Thread starvation or clock leap detected (housekeeper delta=9m13s423ms).
2023-09-07 17:08:18 - HikariPool-1 - Thread starvation or clock leap detected (housekeeper delta=6m37s491ms).
2023-09-07 17:21:39 - HikariPool-1 - Thread starvation or clock leap detected (housekeeper delta=13m21s704ms).
2023-09-07 17:26:24 - HikariPool-1 - Thread starvation or clock leap detected (housekeeper delta=4m44s754ms).
2023-09-07 17:40:32 - HikariPool-1 - Thread starvation or clock leap detected (housekeeper delta=14m7s683ms).
2023-09-07 17:42:24 - HikariPool-1 - Thread starvation or clock leap detected (housekeeper delta=1m52s501ms).
2023-09-07 17:43:49 - HikariPool-1 - Thread starvation or clock leap detected (housekeeper delta=1m24s878ms).
2023-09-07 17:46:15 - HikariPool-1 - Thread starvation or clock leap detected (housekeeper delta=2m26s337ms).
2023-09-07 17:51:58 - HikariPool-1 - Thread starvation or clock leap detected (housekeeper delta=5m42s544ms).
2023-09-07 17:58:27 - HikariPool-1 - Thread starvation or clock leap detected (housekeeper delta=6m29s475ms).
2023-09-07 18:01:06 - HikariPool-1 - Thread starvation or clock leap detected (housekeeper delta=2m38s659ms).
2023-09-07 18:19:56 - HikariPool-1 - Thread starvation or clock leap detected (housekeeper delta=18m50s374ms).
2023-09-07 18:23:27 - HikariPool-1 - Thread starvation or clock leap detected (housekeeper delta=3m30s543ms).
2023-09-07 18:26:18 - HikariPool-1 - Thread starvation or clock leap detected (housekeeper delta=2m51s23ms).
2023-09-07 18:37:10 - Returning total cocktail count 4114
2023-09-07 18:37:24 - searchTerm: mezcal
2023-09-07 18:56:08 - HikariPool-1 - Thread starvation or clock leap detected (housekeeper delta=2m49s925ms).
2023-09-07 19:06:22 - HikariPool-1 - Thread starvation or clock leap detected (housekeeper delta=10m13s700ms).
2023-09-07 19:24:13 - HikariPool-1 - Thread starvation or clock leap detected (housekeeper delta=17m51s286ms).
2023-09-07 19:27:03 - HikariPool-1 - Thread starvation or clock leap detected (housekeeper delta=2m49s991ms).
2023-09-07 19:44:43 - HikariPool-1 - Thread starvation or clock leap detected (housekeeper delta=17m40s70ms).
2023-09-07 19:55:12 - HikariPool-1 - Thread starvation or clock leap detected (housekeeper delta=10m29s129ms).
2023-09-07 20:01:52 - HikariPool-1 - Thread starvation or clock leap detected (housekeeper delta=6m39s311ms).
2023-09-07 20:03:44 - HikariPool-1 - Thread starvation or clock leap detected (housekeeper delta=1m52s690ms).
2023-09-07 20:04:41 - HikariPool-1 - Thread starvation or clock leap detected (housekeeper delta=57s85ms).
2023-09-07 20:10:13 - HikariPool-1 - Thread starvation or clock leap detected (housekeeper delta=5m32s50ms).
2023-09-07 20:14:05 - HikariPool-1 - Thread starvation or clock leap detected (housekeeper delta=3m51s845ms).
2023-09-07 20:15:10 - HikariPool-1 - Thread starvation or clock leap detected (housekeeper delta=1m5s106ms).
2023-09-07 20:16:55 - HikariPool-1 - Thread starvation or clock leap detected (housekeeper delta=1m44s233ms).
2023-09-07 20:19:23 - HikariPool-1 - Thread starvation or clock leap detected (housekeeper delta=1m44s345ms).
2023-09-07 20:22:15 - HikariPool-1 - Thread starvation or clock leap detected (housekeeper delta=2m51s781ms).
2023-09-07 20:24:16 - HikariPool-1 - Thread starvation or clock leap detected (housekeeper delta=2m1s545ms).
2023-09-07 20:27:04 - HikariPool-1 - Thread starvation or clock leap detected (housekeeper delta=2m47s393ms).
2023-09-07 21:21:03 - HikariPool-1 - Thread starvation or clock leap detected (housekeeper delta=1m29s184ms).
2023-09-07 21:23:45 - HikariPool-1 - Thread starvation or clock leap detected (housekeeper delta=2m41s995ms).
2023-09-07 21:26:35 - HikariPool-1 - Thread starvation or clock leap detected (housekeeper delta=2m49s669ms).
2023-09-07 21:30:22 - HikariPool-1 - Thread starvation or clock leap detected (housekeeper delta=3m46s408ms).
2023-09-07 21:39:36 - HikariPool-1 - Thread starvation or clock leap detected (housekeeper delta=9m14s317ms).
2023-09-07 21:48:36 - HikariPool-1 - Thread starvation or clock leap detected (housekeeper delta=9m278ms).
2023-09-07 21:50:39 - HikariPool-1 - Thread starvation or clock leap detected (housekeeper delta=2m2s799ms).
2023-09-07 21:57:34 - HikariPool-1 - Thread starvation or clock leap detected (housekeeper delta=6m55s218ms).
2023-09-07 21:58:49 - HikariPool-1 - Thread starvation or clock leap detected (housekeeper delta=1m14s535ms).
2023-09-07 22:01:54 - HikariPool-1 - Thread starvation or clock leap detected (housekeeper delta=3m4s999ms).
2023-09-07 22:07:47 - HikariPool-1 - Thread starvation or clock leap detected (housekeeper delta=5m53s262ms).
2023-09-07 22:08:51 - HikariPool-1 - Thread starvation or clock leap detected (housekeeper delta=1m3s995ms).
2023-09-07 22:13:08 - HikariPool-1 - Thread starvation or clock leap detected (housekeeper delta=4m17s394ms).
2023-09-07 22:25:21 - HikariPool-1 - Thread starvation or clock leap detected (housekeeper delta=12m12s849ms).
2023-09-07 22:27:25 - HikariPool-1 - Thread starvation or clock leap detected (housekeeper delta=2m3s421ms).
2023-09-07 22:30:30 - HikariPool-1 - Thread starvation or clock leap detected (housekeeper delta=3m4s948ms).
2023-09-07 22:37:53 - HikariPool-1 - Thread starvation or clock leap detected (housekeeper delta=7m23s861ms).
2023-09-07 22:49:13 - HikariPool-1 - Thread starvation or clock leap detected (housekeeper delta=11m19s494ms).
2023-09-07 23:00:55 - HikariPool-1 - Thread starvation or clock leap detected (housekeeper delta=11m41s688ms).
2023-09-07 23:04:56 - HikariPool-1 - Thread starvation or clock leap detected (housekeeper delta=4m907ms).
2023-09-07 23:20:38 - HikariPool-1 - Thread starvation or clock leap detected (housekeeper delta=15m42s279ms).
2023-09-07 23:31:38 - HikariPool-1 - Thread starvation or clock leap detected (housekeeper delta=11m428ms).
2023-09-07 23:32:32 - HikariPool-1 - Thread starvation or clock leap detected (housekeeper delta=53s315ms).
2023-09-07 23:36:48 - HikariPool-1 - Thread starvation or clock leap detected (housekeeper delta=4m16s120ms).
2023-09-07 23:50:41 - HikariPool-1 - Thread starvation or clock leap detected (housekeeper delta=13m53s838ms).
2023-09-07 23:56:07 - HikariPool-1 - Thread starvation or clock leap detected (housekeeper delta=5m25s879ms).
