2023-08-18 00:39:35 - HikariPool-1 - Thread starvation or clock leap detected (housekeeper delta=1h2m3s67ms).
2023-08-18 01:48:04 - HikariPool-1 - Thread starvation or clock leap detected (housekeeper delta=1h8m28s625ms).
2023-08-18 02:54:42 - HikariPool-1 - Thread starvation or clock leap detected (housekeeper delta=1h6m38s38ms).
2023-08-18 03:30:56 - HikariPool-1 - Thread starvation or clock leap detected (housekeeper delta=36m14s39ms).
2023-08-18 04:24:47 - HikariPool-1 - Thread starvation or clock leap detected (housekeeper delta=51m50s841ms).
2023-08-18 05:30:33 - HikariPool-1 - Thread starvation or clock leap detected (housekeeper delta=1h5m46s29ms).
2023-08-18 06:20:14 - HikariPool-1 - Thread starvation or clock leap detected (housekeeper delta=49m41s483ms).
2023-08-18 06:58:28 - HikariPool-1 - Thread starvation or clock leap detected (housekeeper delta=38m13s226ms).
2023-08-18 07:04:46 - HikariPool-1 - Thread starvation or clock leap detected (housekeeper delta=6m18s440ms).
2023-08-18 07:06:14 - HikariPool-1 - Thread starvation or clock leap detected (housekeeper delta=1m27s841ms).
2023-08-18 07:15:04 - HikariPool-1 - Thread starvation or clock leap detected (housekeeper delta=8m49s885ms).
2023-08-18 07:19:32 - HikariPool-1 - Thread starvation or clock leap detected (housekeeper delta=4m27s984ms).
2023-08-18 07:22:48 - HikariPool-1 - Thread starvation or clock leap detected (housekeeper delta=3m16s602ms).
2023-08-18 07:27:04 - HikariPool-1 - Thread starvation or clock leap detected (housekeeper delta=4m15s569ms).
2023-08-18 07:31:26 - HikariPool-1 - Thread starvation or clock leap detected (housekeeper delta=4m22s).
2023-08-18 07:41:12 - HikariPool-1 - Thread starvation or clock leap detected (housekeeper delta=9m46s578ms).
2023-08-18 07:46:42 - HikariPool-1 - Thread starvation or clock leap detected (housekeeper delta=5m29s684ms).
2023-08-18 08:05:28 - HikariPool-1 - Thread starvation or clock leap detected (housekeeper delta=18m45s947ms).
2023-08-18 08:07:16 - HikariPool-1 - Thread starvation or clock leap detected (housekeeper delta=1m47s789ms).
2023-08-18 08:09:13 - HikariPool-1 - Thread starvation or clock leap detected (housekeeper delta=1m57s355ms).
2023-08-18 08:10:13 - HikariPool-1 - Thread starvation or clock leap detected (housekeeper delta=1m191ms).
2023-08-18 08:12:20 - HikariPool-1 - Thread starvation or clock leap detected (housekeeper delta=2m6s605ms).
2023-08-18 08:13:22 - HikariPool-1 - Thread starvation or clock leap detected (housekeeper delta=1m1s871ms).
2023-08-18 08:16:17 - HikariPool-1 - Thread starvation or clock leap detected (housekeeper delta=2m54s870ms).
2023-08-18 08:17:25 - HikariPool-1 - Thread starvation or clock leap detected (housekeeper delta=1m8s548ms).
2023-08-18 08:18:46 - HikariPool-1 - Thread starvation or clock leap detected (housekeeper delta=1m21s37ms).
2023-08-18 08:19:41 - HikariPool-1 - Thread starvation or clock leap detected (housekeeper delta=55s32ms).
2023-08-18 08:20:55 - HikariPool-1 - Thread starvation or clock leap detected (housekeeper delta=1m13s936ms).
2023-08-18 08:21:58 - HikariPool-1 - Thread starvation or clock leap detected (housekeeper delta=1m2s283ms).
2023-08-18 08:23:14 - HikariPool-1 - Thread starvation or clock leap detected (housekeeper delta=1m16s307ms).
2023-08-18 08:24:39 - HikariPool-1 - Thread starvation or clock leap detected (housekeeper delta=1m25s558ms).
2023-08-18 08:27:12 - HikariPool-1 - Thread starvation or clock leap detected (housekeeper delta=1m59s89ms).
2023-08-18 08:28:24 - HikariPool-1 - Thread starvation or clock leap detected (housekeeper delta=1m11s246ms).
2023-08-18 08:29:18 - HikariPool-1 - Thread starvation or clock leap detected (housekeeper delta=54s142ms).
2023-08-18 08:30:11 - HikariPool-1 - Thread starvation or clock leap detected (housekeeper delta=53s451ms).
2023-08-18 08:31:59 - HikariPool-1 - Thread starvation or clock leap detected (housekeeper delta=1m47s673ms).
2023-08-18 08:37:21 - HikariPool-1 - Thread starvation or clock leap detected (housekeeper delta=5m22s260ms).
2023-08-18 08:38:11 - HikariPool-1 - Thread starvation or clock leap detected (housekeeper delta=50s235ms).
2023-08-18 08:55:57 - HikariPool-1 - Thread starvation or clock leap detected (housekeeper delta=16m15s536ms).
2023-08-18 09:06:04 - HikariPool-1 - Thread starvation or clock leap detected (housekeeper delta=10m6s940ms).
2023-08-18 09:19:43 - HikariPool-1 - Thread starvation or clock leap detected (housekeeper delta=13m38s872ms).
2023-08-18 09:23:46 - HikariPool-1 - Thread starvation or clock leap detected (housekeeper delta=4m2s995ms).
2023-08-18 09:28:32 - HikariPool-1 - Thread starvation or clock leap detected (housekeeper delta=4m46s614ms).
2023-08-18 09:30:52 - HikariPool-1 - Thread starvation or clock leap detected (housekeeper delta=2m20s102ms).
2023-08-18 09:33:20 - HikariPool-1 - Thread starvation or clock leap detected (housekeeper delta=1m45s191ms).
2023-08-18 09:34:29 - HikariPool-1 - Thread starvation or clock leap detected (housekeeper delta=1m8s859ms).
2023-08-18 09:37:24 - HikariPool-1 - Thread starvation or clock leap detected (housekeeper delta=2m55s508ms).
2023-08-18 09:41:02 - HikariPool-1 - Thread starvation or clock leap detected (housekeeper delta=3m37s866ms).
2023-08-18 09:42:38 - HikariPool-1 - Thread starvation or clock leap detected (housekeeper delta=1m35s931ms).
2023-08-18 09:44:51 - HikariPool-1 - Thread starvation or clock leap detected (housekeeper delta=2m12s876ms).
2023-08-18 09:47:13 - HikariPool-1 - Thread starvation or clock leap detected (housekeeper delta=2m22s444ms).
2023-08-18 09:48:07 - HikariPool-1 - Thread starvation or clock leap detected (housekeeper delta=54s136ms).
2023-08-18 09:50:18 - HikariPool-1 - Thread starvation or clock leap detected (housekeeper delta=2m11s).
2023-08-18 09:52:04 - HikariPool-1 - Thread starvation or clock leap detected (housekeeper delta=1m45s975ms).
2023-08-18 09:52:55 - HikariPool-1 - Thread starvation or clock leap detected (housekeeper delta=50s563ms).
2023-08-18 09:55:30 - HikariPool-1 - Thread starvation or clock leap detected (housekeeper delta=1m53s575ms).
2023-08-18 09:57:09 - HikariPool-1 - Thread starvation or clock leap detected (housekeeper delta=1m39s194ms).
2023-08-18 10:00:14 - HikariPool-1 - Thread starvation or clock leap detected (housekeeper delta=3m5s53ms).
2023-08-18 10:04:50 - HikariPool-1 - Thread starvation or clock leap detected (housekeeper delta=4m35s846ms).
2023-08-18 10:07:19 - HikariPool-1 - Thread starvation or clock leap detected (housekeeper delta=2m29s101ms).
2023-08-18 10:11:22 - HikariPool-1 - Thread starvation or clock leap detected (housekeeper delta=4m3s335ms).
2023-08-18 10:21:44 - HikariPool-1 - Thread starvation or clock leap detected (housekeeper delta=10m22s2ms).
2023-08-18 10:39:42 - HikariPool-1 - Thread starvation or clock leap detected (housekeeper delta=17m57s795ms).
2023-08-18 11:09:23 - HikariPool-1 - Thread starvation or clock leap detected (housekeeper delta=29m40s967ms).
2023-08-18 11:11:00 - HikariPool-1 - Thread starvation or clock leap detected (housekeeper delta=1m36s554ms).
2023-08-18 11:12:02 - HikariPool-1 - Thread starvation or clock leap detected (housekeeper delta=1m2s134ms).
2023-08-18 11:12:57 - HikariPool-1 - Thread starvation or clock leap detected (housekeeper delta=55s57ms).
2023-08-18 11:14:53 - HikariPool-1 - Thread starvation or clock leap detected (housekeeper delta=1m55s903ms).
2023-08-18 11:18:31 - HikariPool-1 - Thread starvation or clock leap detected (housekeeper delta=2m53s89ms).
2023-08-18 11:35:24 - HikariPool-1 - Thread starvation or clock leap detected (housekeeper delta=16m53s194ms).
2023-08-18 11:42:58 - HikariPool-1 - Thread starvation or clock leap detected (housekeeper delta=7m34s81ms).
2023-08-18 11:46:39 - HikariPool-1 - Thread starvation or clock leap detected (housekeeper delta=3m40s431ms).
2023-08-18 11:49:15 - HikariPool-1 - Thread starvation or clock leap detected (housekeeper delta=2m36s822ms).
2023-08-18 11:58:42 - HikariPool-1 - Thread starvation or clock leap detected (housekeeper delta=9m26s511ms).
2023-08-18 12:01:56 - HikariPool-1 - Thread starvation or clock leap detected (housekeeper delta=3m13s701ms).
2023-08-18 12:04:35 - HikariPool-1 - Thread starvation or clock leap detected (housekeeper delta=2m39s163ms).
2023-08-18 12:08:21 - HikariPool-1 - Thread starvation or clock leap detected (housekeeper delta=3m45s999ms).
2023-08-18 12:25:29 - HikariPool-1 - Thread starvation or clock leap detected (housekeeper delta=17m8s597ms).
2023-08-18 12:30:14 - HikariPool-1 - Thread starvation or clock leap detected (housekeeper delta=4m44s565ms).
2023-08-18 12:38:50 - HikariPool-1 - Thread starvation or clock leap detected (housekeeper delta=8m35s947ms).
2023-08-18 12:43:07 - HikariPool-1 - Thread starvation or clock leap detected (housekeeper delta=4m17s53ms).
2023-08-18 12:59:24 - HikariPool-1 - Thread starvation or clock leap detected (housekeeper delta=16m17s90ms).
2023-08-18 13:27:42 - HikariPool-1 - Thread starvation or clock leap detected (housekeeper delta=28m18s85ms).
2023-08-18 14:14:54 - HikariPool-1 - Thread starvation or clock leap detected (housekeeper delta=47m11s805ms).
2023-08-18 14:38:05 - HikariPool-1 - Thread starvation or clock leap detected (housekeeper delta=23m11s551ms).
2023-08-18 14:43:17 - HikariPool-1 - Thread starvation or clock leap detected (housekeeper delta=5m11s234ms).
2023-08-18 14:48:17 - HikariPool-1 - Thread starvation or clock leap detected (housekeeper delta=4m59s811ms).
2023-08-18 14:54:54 - HikariPool-1 - Thread starvation or clock leap detected (housekeeper delta=6m37s944ms).
2023-08-18 15:10:50 - HikariPool-1 - Thread starvation or clock leap detected (housekeeper delta=15m55s189ms).
2023-08-18 15:18:29 - HikariPool-1 - Thread starvation or clock leap detected (housekeeper delta=7m39s320ms).
2023-08-18 15:36:59 - HikariPool-1 - Thread starvation or clock leap detected (housekeeper delta=18m29s905ms).
2023-08-18 15:55:09 - HikariPool-1 - Thread starvation or clock leap detected (housekeeper delta=18m10s72ms).
2023-08-18 16:11:08 - HikariPool-1 - Thread starvation or clock leap detected (housekeeper delta=15m59s94ms).
2023-08-18 16:14:36 - HikariPool-1 - Thread starvation or clock leap detected (housekeeper delta=3m27s960ms).
2023-08-18 16:21:58 - HikariPool-1 - Thread starvation or clock leap detected (housekeeper delta=7m22s135ms).
2023-08-18 16:23:26 - HikariPool-1 - Thread starvation or clock leap detected (housekeeper delta=1m28s181ms).
2023-08-18 16:25:28 - HikariPool-1 - Thread starvation or clock leap detected (housekeeper delta=2m1s342ms).
2023-08-18 16:28:02 - HikariPool-1 - Thread starvation or clock leap detected (housekeeper delta=2m34s617ms).
2023-08-18 16:34:05 - HikariPool-1 - Thread starvation or clock leap detected (housekeeper delta=6m3s133ms).
2023-08-18 16:35:42 - HikariPool-1 - Thread starvation or clock leap detected (housekeeper delta=1m36s873ms).
2023-08-18 16:36:58 - HikariPool-1 - Thread starvation or clock leap detected (housekeeper delta=1m15s386ms).
2023-08-18 16:40:07 - HikariPool-1 - Thread starvation or clock leap detected (housekeeper delta=2m34s276ms).
2023-08-18 16:40:58 - HikariPool-1 - Thread starvation or clock leap detected (housekeeper delta=51s608ms).
2023-08-18 16:43:25 - HikariPool-1 - Thread starvation or clock leap detected (housekeeper delta=1m45s590ms).
2023-08-18 16:45:04 - HikariPool-1 - Thread starvation or clock leap detected (housekeeper delta=1m39s414ms).
2023-08-18 16:47:48 - HikariPool-1 - Thread starvation or clock leap detected (housekeeper delta=2m44s36ms).
2023-08-18 16:51:04 - HikariPool-1 - Thread starvation or clock leap detected (housekeeper delta=3m16s386ms).
2023-08-18 16:54:07 - HikariPool-1 - Thread starvation or clock leap detected (housekeeper delta=3m2s667ms).
2023-08-18 16:54:56 - HikariPool-1 - Thread starvation or clock leap detected (housekeeper delta=48s576ms).
2023-08-18 16:57:06 - HikariPool-1 - Thread starvation or clock leap detected (housekeeper delta=2m10s517ms).
2023-08-18 17:26:51 - HikariPool-1 - Thread starvation or clock leap detected (housekeeper delta=29m44s916ms).
2023-08-18 17:41:53 - HikariPool-1 - Thread starvation or clock leap detected (housekeeper delta=15m1s348ms).
2023-08-18 17:55:10 - HikariPool-1 - Thread starvation or clock leap detected (housekeeper delta=13m17s855ms).
2023-08-18 18:01:46 - HikariPool-1 - Thread starvation or clock leap detected (housekeeper delta=6m35s914ms).
2023-08-18 18:10:46 - HikariPool-1 - Thread starvation or clock leap detected (housekeeper delta=8m59s224ms).
2023-08-18 18:16:18 - HikariPool-1 - Thread starvation or clock leap detected (housekeeper delta=5m31s992ms).
2023-08-18 18:23:07 - HikariPool-1 - Thread starvation or clock leap detected (housekeeper delta=6m49s352ms).
2023-08-18 18:30:39 - HikariPool-1 - Thread starvation or clock leap detected (housekeeper delta=7m32s197ms).
2023-08-18 18:32:59 - HikariPool-1 - Thread starvation or clock leap detected (housekeeper delta=2m20s55ms).
2023-08-18 18:34:44 - HikariPool-1 - Thread starvation or clock leap detected (housekeeper delta=1m44s802ms).
2023-08-18 18:36:57 - HikariPool-1 - Thread starvation or clock leap detected (housekeeper delta=2m13s292ms).
2023-08-18 18:38:57 - HikariPool-1 - Thread starvation or clock leap detected (housekeeper delta=2m211ms).
2023-08-18 18:46:22 - HikariPool-1 - Thread starvation or clock leap detected (housekeeper delta=7m24s321ms).
2023-08-18 19:12:19 - HikariPool-1 - Thread starvation or clock leap detected (housekeeper delta=25m57s254ms).
2023-08-18 19:16:10 - HikariPool-1 - Thread starvation or clock leap detected (housekeeper delta=3m51s509ms).
2023-08-18 19:18:03 - HikariPool-1 - Thread starvation or clock leap detected (housekeeper delta=1m52s62ms).
2023-08-18 19:26:27 - HikariPool-1 - Thread starvation or clock leap detected (housekeeper delta=8m24s885ms).
2023-08-18 19:28:58 - HikariPool-1 - Thread starvation or clock leap detected (housekeeper delta=2m30s122ms).
2023-08-18 19:33:13 - HikariPool-1 - Thread starvation or clock leap detected (housekeeper delta=4m15s168ms).
2023-08-18 19:49:53 - HikariPool-1 - Thread starvation or clock leap detected (housekeeper delta=16m10s168ms).
2023-08-18 20:05:40 - HikariPool-1 - Thread starvation or clock leap detected (housekeeper delta=15m47s532ms).
2023-08-18 20:15:51 - HikariPool-1 - Thread starvation or clock leap detected (housekeeper delta=10m10s288ms).
2023-08-18 20:19:22 - HikariPool-1 - Thread starvation or clock leap detected (housekeeper delta=3m31s241ms).
2023-08-18 20:25:24 - HikariPool-1 - Thread starvation or clock leap detected (housekeeper delta=6m1s702ms).
2023-08-18 20:29:08 - HikariPool-1 - Thread starvation or clock leap detected (housekeeper delta=3m44s670ms).
2023-08-18 20:36:12 - HikariPool-1 - Thread starvation or clock leap detected (housekeeper delta=7m3s596ms).
2023-08-18 20:42:56 - HikariPool-1 - Thread starvation or clock leap detected (housekeeper delta=6m44s143ms).
2023-08-18 21:00:42 - HikariPool-1 - Thread starvation or clock leap detected (housekeeper delta=17m46s146ms).
2023-08-18 21:16:24 - HikariPool-1 - Thread starvation or clock leap detected (housekeeper delta=15m41s532ms).
2023-08-18 21:26:13 - HikariPool-1 - Thread starvation or clock leap detected (housekeeper delta=9m49s627ms).
2023-08-18 21:49:48 - HikariPool-1 - Thread starvation or clock leap detected (housekeeper delta=23m35s35ms).
2023-08-18 22:29:57 - HikariPool-1 - Thread starvation or clock leap detected (housekeeper delta=40m8s834ms).
2023-08-18 22:55:07 - HikariPool-1 - Thread starvation or clock leap detected (housekeeper delta=25m10s41ms).
2023-08-18 22:57:18 - HikariPool-1 - Thread starvation or clock leap detected (housekeeper delta=2m10s761ms).
2023-08-18 23:08:31 - HikariPool-1 - Thread starvation or clock leap detected (housekeeper delta=11m13s319ms).
2023-08-18 23:19:31 - HikariPool-1 - Thread starvation or clock leap detected (housekeeper delta=10m59s748ms).
2023-08-18 23:45:48 - HikariPool-1 - Thread starvation or clock leap detected (housekeeper delta=26m16s503ms).
