2023-08-30 00:01:23 - HikariPool-1 - Thread starvation or clock leap detected (housekeeper delta=27m16s664ms).
2023-08-30 00:46:52 - HikariPool-1 - Thread starvation or clock leap detected (housekeeper delta=45m29s357ms).
2023-08-30 01:54:01 - HikariPool-1 - Thread starvation or clock leap detected (housekeeper delta=1h7m8s952ms).
2023-08-30 02:52:45 - HikariPool-1 - Thread starvation or clock leap detected (housekeeper delta=58m43s850ms).
2023-08-30 03:48:56 - HikariPool-1 - Thread starvation or clock leap detected (housekeeper delta=56m10s623ms).
2023-08-30 05:15:13 - HikariPool-1 - Thread starvation or clock leap detected (housekeeper delta=1h26m17s646ms).
2023-08-30 06:20:11 - HikariPool-1 - Thread starvation or clock leap detected (housekeeper delta=1h4m58s49ms).
2023-08-30 07:14:46 - HikariPool-1 - Thread starvation or clock leap detected (housekeeper delta=54m34s323ms).
2023-08-30 07:54:55 - HikariPool-1 - Thread starvation or clock leap detected (housekeeper delta=40m9s345ms).
2023-08-30 07:55:47 - HikariPool-1 - Thread starvation or clock leap detected (housekeeper delta=51s805ms).
2023-08-30 07:57:09 - HikariPool-1 - Thread starvation or clock leap detected (housekeeper delta=1m22s57ms).
2023-08-30 08:04:25 - HikariPool-1 - Thread starvation or clock leap detected (housekeeper delta=7m16s591ms).
2023-08-30 08:06:14 - HikariPool-1 - Thread starvation or clock leap detected (housekeeper delta=1m48s282ms).
2023-08-30 08:26:25 - HikariPool-1 - Thread starvation or clock leap detected (housekeeper delta=20m11s237ms).
2023-08-30 08:35:29 - HikariPool-1 - Thread starvation or clock leap detected (housekeeper delta=9m4s474ms).
2023-08-30 08:37:01 - HikariPool-1 - Thread starvation or clock leap detected (housekeeper delta=1m31s228ms).
2023-08-30 08:47:51 - HikariPool-1 - Thread starvation or clock leap detected (housekeeper delta=10m50s766ms).
2023-08-30 08:50:34 - HikariPool-1 - Thread starvation or clock leap detected (housekeeper delta=2m42s461ms).
2023-08-30 08:53:28 - HikariPool-1 - Thread starvation or clock leap detected (housekeeper delta=2m54s443ms).
2023-08-30 08:58:41 - HikariPool-1 - Thread starvation or clock leap detected (housekeeper delta=5m12s579ms).
2023-08-30 09:17:57 - HikariPool-1 - Thread starvation or clock leap detected (housekeeper delta=19m15s634ms).
2023-08-30 09:28:52 - HikariPool-1 - Thread starvation or clock leap detected (housekeeper delta=10m55s586ms).
2023-08-30 09:31:08 - HikariPool-1 - Thread starvation or clock leap detected (housekeeper delta=2m15s858ms).
2023-08-30 09:39:09 - HikariPool-1 - Thread starvation or clock leap detected (housekeeper delta=8m1s217ms).
2023-08-30 10:04:24 - HikariPool-1 - Thread starvation or clock leap detected (housekeeper delta=25m14s905ms).
2023-08-30 10:17:34 - HikariPool-1 - Thread starvation or clock leap detected (housekeeper delta=13m10s319ms).
2023-08-30 10:36:53 - HikariPool-1 - Thread starvation or clock leap detected (housekeeper delta=19m18s630ms).
2023-08-30 10:57:44 - HikariPool-1 - Thread starvation or clock leap detected (housekeeper delta=20m51s121ms).
2023-08-30 10:58:35 - HikariPool-1 - Thread starvation or clock leap detected (housekeeper delta=50s945ms).
2023-08-30 11:01:17 - HikariPool-1 - Thread starvation or clock leap detected (housekeeper delta=2m41s609ms).
2023-08-30 11:03:08 - HikariPool-1 - Thread starvation or clock leap detected (housekeeper delta=1m51s300ms).
2023-08-30 11:06:47 - HikariPool-1 - Thread starvation or clock leap detected (housekeeper delta=3m39s112ms).
2023-08-30 11:19:42 - HikariPool-1 - Thread starvation or clock leap detected (housekeeper delta=12m54s933ms).
2023-08-30 11:22:52 - HikariPool-1 - Thread starvation or clock leap detected (housekeeper delta=3m10s56ms).
2023-08-30 11:24:20 - HikariPool-1 - Thread starvation or clock leap detected (housekeeper delta=1m27s950ms).
2023-08-30 11:26:02 - HikariPool-1 - Thread starvation or clock leap detected (housekeeper delta=1m41s743ms).
2023-08-30 11:28:53 - HikariPool-1 - Thread starvation or clock leap detected (housekeeper delta=2m51s345ms).
2023-08-30 11:34:59 - HikariPool-1 - Thread starvation or clock leap detected (housekeeper delta=6m5s602ms).
2023-08-30 11:54:21 - HikariPool-1 - Thread starvation or clock leap detected (housekeeper delta=19m21s952ms).
2023-08-30 12:20:32 - HikariPool-1 - Thread starvation or clock leap detected (housekeeper delta=26m11s556ms).
2023-08-30 12:54:22 - HikariPool-1 - Thread starvation or clock leap detected (housekeeper delta=33m50s171ms).
2023-08-30 13:08:50 - HikariPool-1 - Thread starvation or clock leap detected (housekeeper delta=14m27s376ms).
2023-08-30 13:11:21 - HikariPool-1 - Thread starvation or clock leap detected (housekeeper delta=2m31s335ms).
2023-08-30 13:40:15 - HikariPool-1 - Thread starvation or clock leap detected (housekeeper delta=28m54s47ms).
2023-08-30 13:44:15 - HikariPool-1 - Thread starvation or clock leap detected (housekeeper delta=3m59s335ms).
2023-08-30 13:46:35 - HikariPool-1 - Thread starvation or clock leap detected (housekeeper delta=2m20s19ms).
2023-08-30 13:52:42 - HikariPool-1 - Thread starvation or clock leap detected (housekeeper delta=6m7s341ms).
2023-08-30 13:54:19 - HikariPool-1 - Thread starvation or clock leap detected (housekeeper delta=1m36s897ms).
2023-08-30 13:55:14 - HikariPool-1 - Thread starvation or clock leap detected (housekeeper delta=54s905ms).
2023-08-30 13:56:21 - HikariPool-1 - Thread starvation or clock leap detected (housekeeper delta=1m7s649ms).
2023-08-30 13:57:07 - HikariPool-1 - Thread starvation or clock leap detected (housekeeper delta=45s880ms).
2023-08-30 13:58:13 - HikariPool-1 - Thread starvation or clock leap detected (housekeeper delta=1m5s307ms).
2023-08-30 14:01:29 - HikariPool-1 - Thread starvation or clock leap detected (housekeeper delta=52s933ms).
2023-08-30 14:02:29 - HikariPool-1 - Thread starvation or clock leap detected (housekeeper delta=59s564ms).
2023-08-30 14:03:24 - HikariPool-1 - Thread starvation or clock leap detected (housekeeper delta=54s752ms).
2023-08-30 14:04:37 - HikariPool-1 - Thread starvation or clock leap detected (housekeeper delta=1m13s31ms).
2023-08-30 14:07:53 - HikariPool-1 - Thread starvation or clock leap detected (housekeeper delta=3m16s526ms).
2023-08-30 14:11:17 - HikariPool-1 - Thread starvation or clock leap detected (housekeeper delta=3m23s930ms).
2023-08-30 14:16:18 - HikariPool-1 - Thread starvation or clock leap detected (housekeeper delta=5m801ms).
2023-08-30 14:18:38 - HikariPool-1 - Thread starvation or clock leap detected (housekeeper delta=2m20s544ms).
2023-08-30 14:20:36 - HikariPool-1 - Thread starvation or clock leap detected (housekeeper delta=1m57s107ms).
2023-08-30 14:42:18 - HikariPool-1 - Thread starvation or clock leap detected (housekeeper delta=21m42s937ms).
2023-08-30 14:48:05 - HikariPool-1 - Thread starvation or clock leap detected (housekeeper delta=5m46s474ms).
2023-08-30 15:05:02 - HikariPool-1 - Thread starvation or clock leap detected (housekeeper delta=16m57s389ms).
2023-08-30 15:11:25 - HikariPool-1 - Shutdown initiated...
2023-08-30 15:11:25 - HikariPool-1 - Shutdown completed.
